Using pre-set license
Built from '2020.2/release' branch; Version is '2020.2.0f1 (3721df5a8b28) revision 3613151'; Using compiler version '192528614'; Build Type 'Release'
OS: 'Windows 10  (10.0.0) 64bit' Language: 'fr' Physical Memory: 31998 MB
BatchMode: 1, IsHumanControllingUs: 0, StartBugReporterOnCrash: 0, Is64bit: 1, IsPro: 0

 COMMAND LINE ARGUMENTS:
C:\Program Files\Unity\Hub\Editor\2020.2.0f1\Editor\Unity.exe
-adb2
-batchMode
-noUpm
-name
AssetImportWorker0
-projectPath
D:/ETNA/IDV4GAMING/8-piege_et_fontaines/IDV4_Etape_0
-logFile
Logs/AssetImportWorker0.log
-srvPort
50258
Successfully changed project path to: D:/ETNA/IDV4GAMING/8-piege_et_fontaines/IDV4_Etape_0
D:/ETNA/IDV4GAMING/8-piege_et_fontaines/IDV4_Etape_0
Using Asset Import Pipeline V2.
Refreshing native plugins compatible for Editor in 51.20 ms, found 1 plugins.
Preloading 0 native plugins for Editor in 0.00 ms.
Initialize engine version: 2020.2.0f1 (3721df5a8b28)
[Subsystems] Discovering subsystems at path C:/Program Files/Unity/Hub/Editor/2020.2.0f1/Editor/Data/Resources/UnitySubsystems
[Subsystems] Discovering subsystems at path D:/ETNA/IDV4GAMING/8-piege_et_fontaines/IDV4_Etape_0/Assets
GfxDevice: creating device client; threaded=0
Direct3D:
    Version:  Direct3D 11.0 [level 11.1]
    Renderer: AMD Radeon (TM) Graphics (ID=0x1681)
    Vendor:   
    VRAM:     15999 MB
    Driver:   31.0.12044.3
Initialize mono
Mono path[0] = 'C:/Program Files/Unity/Hub/Editor/2020.2.0f1/Editor/Data/Managed'
Mono path[1] = 'C:/Program Files/Unity/Hub/Editor/2020.2.0f1/Editor/Data/MonoBleedingEdge/lib/mono/unityjit'
Mono config path = 'C:/Program Files/Unity/Hub/Editor/2020.2.0f1/Editor/Data/MonoBleedingEdge/etc'
Using monoOptions --debugger-agent=transport=dt_socket,embedding=1,server=y,suspend=n,address=127.0.0.1:56136
Begin MonoManager ReloadAssembly
Registering precompiled unity dll's ...
Register platform support module: C:/Program Files/Unity/Hub/Editor/2020.2.0f1/Editor/Data/PlaybackEngines/WebGLSupport/UnityEditor.WebGL.Extensions.dll
Register platform support module: C:/Program Files/Unity/Hub/Editor/2020.2.0f1/Editor/Data/PlaybackEngines/WindowsStandaloneSupport/UnityEditor.WindowsStandalone.Extensions.dll
Registered in 0.001726 seconds.
Native extension for WindowsStandalone target not found
Native extension for WebGL target not found
Refreshing native plugins compatible for Editor in 34.72 ms, found 1 plugins.
Preloading 0 native plugins for Editor in 0.00 ms.
Invoked RoslynAnalysisRunner static constructor.
RoslynAnalysisRunner will not be running.
RoslynAnalysisRunner has terminated.
Mono: successfully reloaded assembly
- Completed reload, in  2.771 seconds
Platform modules already initialized, skipping
Registering precompiled user dll's ...
Registered in 0.000608 seconds.
Begin MonoManager ReloadAssembly
Native extension for WindowsStandalone target not found
Native extension for WebGL target not found
Refreshing native plugins compatible for Editor in 34.46 ms, found 1 plugins.
Preloading 0 native plugins for Editor in 0.00 ms.
Invoked RoslynAnalysisRunner static constructor.
RoslynAnalysisRunner will not be running.
RoslynAnalysisRunner has terminated.
Mono: successfully reloaded assembly
- Completed reload, in  0.776 seconds
Platform modules already initialized, skipping
========================================================================
Worker process is ready to serve import requests
Launched and connected shader compiler UnityShaderCompiler.exe after 0.06 seconds
Refreshing native plugins compatible for Editor in 0.78 ms, found 1 plugins.
Preloading 0 native plugins for Editor in 0.00 ms.
Unloading 1839 Unused Serialized files (Serialized files now loaded: 0)
System memory in use before: 87.0 MB.
System memory in use after: 87.0 MB.

Unloading 23 unused Assets to reduce memory usage. Loaded Objects now: 2282.
Total: 2.666800 ms (FindLiveObjects: 0.354800 ms CreateObjectMapping: 0.069400 ms MarkObjects: 2.111400 ms  DeleteObjects: 0.129900 ms)

========================================================================
Received Import Request.
  path: Assets/View/Common/Scripts/Controllers/IHealable.cs
  artifactKey: Guid(1bbea8449b033254098b566ec1fe5ddd) Importer(815301076,1909f56bfc062723c751e8b465ee728b)
Start importing Assets/View/Common/Scripts/Controllers/IHealable.cs using Guid(1bbea8449b033254098b566ec1fe5ddd) Importer(815301076,1909f56bfc062723c751e8b465ee728b)  -> (artifact id: 'c2a4d8962e9fc217a5e05d7660489fa3') in 0.041489 seconds
  Import took 0.044840 seconds .

========================================================================
Received Import Request.
  Time since last request: 18.943719 seconds.
  path: Assets/View/Common/Scripts/Controllers/IHealable.cs
  artifactKey: Guid(1bbea8449b033254098b566ec1fe5ddd) Importer(815301076,1909f56bfc062723c751e8b465ee728b)
Start importing Assets/View/Common/Scripts/Controllers/IHealable.cs using Guid(1bbea8449b033254098b566ec1fe5ddd) Importer(815301076,1909f56bfc062723c751e8b465ee728b)  -> (artifact id: '71bd04c4183345009a7aaafec09fcc33') in 0.002066 seconds
  Import took 0.006925 seconds .

========================================================================
Received Prepare
Registering precompiled user dll's ...
Registered in 0.001394 seconds.
Begin MonoManager ReloadAssembly
Native extension for WindowsStandalone target not found
Native extension for WebGL target not found
Refreshing native plugins compatible for Editor in 0.65 ms, found 1 plugins.
Preloading 0 native plugins for Editor in 0.00 ms.
Invoked RoslynAnalysisRunner static constructor.
RoslynAnalysisRunner will not be running.
RoslynAnalysisRunner has terminated.
Mono: successfully reloaded assembly
- Completed reload, in  0.853 seconds
Platform modules already initialized, skipping
Refreshing native plugins compatible for Editor in 0.58 ms, found 1 plugins.
Preloading 0 native plugins for Editor in 0.00 ms.
Unloading 1818 Unused Serialized files (Serialized files now loaded: 0)
System memory in use before: 86.0 MB.
System memory in use after: 86.0 MB.

Unloading 13 unused Assets to reduce memory usage. Loaded Objects now: 2284.
Total: 3.192800 ms (FindLiveObjects: 0.411500 ms CreateObjectMapping: 0.074700 ms MarkObjects: 2.555300 ms  DeleteObjects: 0.149500 ms)

========================================================================
Received Prepare
Registering precompiled user dll's ...
Registered in 0.001092 seconds.
Begin MonoManager ReloadAssembly
Native extension for WindowsStandalone target not found
Native extension for WebGL target not found
Refreshing native plugins compatible for Editor in 0.58 ms, found 1 plugins.
Preloading 0 native plugins for Editor in 0.00 ms.
Invoked RoslynAnalysisRunner static constructor.
RoslynAnalysisRunner will not be running.
RoslynAnalysisRunner has terminated.
Mono: successfully reloaded assembly
- Completed reload, in  0.998 seconds
Platform modules already initialized, skipping
Refreshing native plugins compatible for Editor in 0.67 ms, found 1 plugins.
Preloading 0 native plugins for Editor in 0.00 ms.
Unloading 1818 Unused Serialized files (Serialized files now loaded: 0)
System memory in use before: 86.2 MB.
System memory in use after: 86.2 MB.

Unloading 12 unused Assets to reduce memory usage. Loaded Objects now: 2287.
Total: 3.780500 ms (FindLiveObjects: 0.499000 ms CreateObjectMapping: 0.125800 ms MarkObjects: 3.004700 ms  DeleteObjects: 0.149500 ms)

========================================================================
Received Import Request.
  Time since last request: 2063.762776 seconds.
  path: Assets/View/Common/Scripts/Interfaces/IHealable.cs
  artifactKey: Guid(7d730b8a6dffdb143ae1a71629d4619a) Importer(815301076,1909f56bfc062723c751e8b465ee728b)
Start importing Assets/View/Common/Scripts/Interfaces/IHealable.cs using Guid(7d730b8a6dffdb143ae1a71629d4619a) Importer(815301076,1909f56bfc062723c751e8b465ee728b)  -> (artifact id: 'f2b799a914b22a59d8e524e084661389') in 0.004564 seconds
  Import took 0.008141 seconds .

========================================================================
Received Prepare
Registering precompiled user dll's ...
Registered in 0.001271 seconds.
Begin MonoManager ReloadAssembly
Native extension for WindowsStandalone target not found
Native extension for WebGL target not found
Refreshing native plugins compatible for Editor in 1.22 ms, found 1 plugins.
Preloading 0 native plugins for Editor in 0.00 ms.
Invoked RoslynAnalysisRunner static constructor.
RoslynAnalysisRunner will not be running.
RoslynAnalysisRunner has terminated.
Mono: successfully reloaded assembly
- Completed reload, in  1.317 seconds
Platform modules already initialized, skipping
Refreshing native plugins compatible for Editor in 0.76 ms, found 1 plugins.
Preloading 0 native plugins for Editor in 0.00 ms.
Unloading 1818 Unused Serialized files (Serialized files now loaded: 0)
System memory in use before: 86.5 MB.
System memory in use after: 86.5 MB.

Unloading 12 unused Assets to reduce memory usage. Loaded Objects now: 2290.
Total: 3.352200 ms (FindLiveObjects: 0.355100 ms CreateObjectMapping: 0.053700 ms MarkObjects: 2.795300 ms  DeleteObjects: 0.146700 ms)

========================================================================
Received Import Request.
  Time since last request: 1750.842108 seconds.
  path: Assets/View/Common/Scripts/Interfaces/IHealable.cs
  artifactKey: Guid(7d730b8a6dffdb143ae1a71629d4619a) Importer(815301076,1909f56bfc062723c751e8b465ee728b)
Start importing Assets/View/Common/Scripts/Interfaces/IHealable.cs using Guid(7d730b8a6dffdb143ae1a71629d4619a) Importer(815301076,1909f56bfc062723c751e8b465ee728b)  -> (artifact id: '868724f80e3116277da0d4e13fa9eae2') in 0.005470 seconds
  Import took 0.010487 seconds .

========================================================================
Received Import Request.
  Time since last request: 147.904923 seconds.
  path: Assets/View/Common/Scripts/Globals/Tags.cs
  artifactKey: Guid(22fabf132a88b5147ac8d9d989c1d5a7) Importer(815301076,1909f56bfc062723c751e8b465ee728b)
Start importing Assets/View/Common/Scripts/Globals/Tags.cs using Guid(22fabf132a88b5147ac8d9d989c1d5a7) Importer(815301076,1909f56bfc062723c751e8b465ee728b)  -> (artifact id: 'f90453e5f5f58fe67ad7abb2463e5f5d') in 0.001720 seconds
  Import took 0.006298 seconds .

========================================================================
Received Import Request.
  Time since last request: 333.397787 seconds.
  path: Assets/View/Common/Scripts/Controllers/Trap.cs
  artifactKey: Guid(b82572725568edd4e88fca6e2f88f3a3) Importer(815301076,1909f56bfc062723c751e8b465ee728b)
Start importing Assets/View/Common/Scripts/Controllers/Trap.cs using Guid(b82572725568edd4e88fca6e2f88f3a3) Importer(815301076,1909f56bfc062723c751e8b465ee728b)  -> (artifact id: 'eff6c600dbac4754d4a85717677086b8') in 0.004198 seconds
  Import took 0.009587 seconds .

========================================================================
Received Prepare
Registering precompiled user dll's ...
Registered in 0.000824 seconds.
Begin MonoManager ReloadAssembly
Native extension for WindowsStandalone target not found
Native extension for WebGL target not found
Refreshing native plugins compatible for Editor in 0.87 ms, found 1 plugins.
Preloading 0 native plugins for Editor in 0.00 ms.
Invoked RoslynAnalysisRunner static constructor.
RoslynAnalysisRunner will not be running.
RoslynAnalysisRunner has terminated.
Mono: successfully reloaded assembly
- Completed reload, in  0.899 seconds
Platform modules already initialized, skipping
Refreshing native plugins compatible for Editor in 0.62 ms, found 1 plugins.
Preloading 0 native plugins for Editor in 0.00 ms.
Unloading 1819 Unused Serialized files (Serialized files now loaded: 0)
System memory in use before: 86.7 MB.
System memory in use after: 86.7 MB.

Unloading 12 unused Assets to reduce memory usage. Loaded Objects now: 2294.
Total: 2.718200 ms (FindLiveObjects: 0.328200 ms CreateObjectMapping: 0.051200 ms MarkObjects: 2.186700 ms  DeleteObjects: 0.150500 ms)

========================================================================
Received Prepare
Registering precompiled user dll's ...
Registered in 0.001170 seconds.
Begin MonoManager ReloadAssembly
Native extension for WindowsStandalone target not found
Native extension for WebGL target not found
Refreshing native plugins compatible for Editor in 0.68 ms, found 1 plugins.
Preloading 0 native plugins for Editor in 0.00 ms.
Invoked RoslynAnalysisRunner static constructor.
RoslynAnalysisRunner will not be running.
RoslynAnalysisRunner has terminated.
Mono: successfully reloaded assembly
- Completed reload, in  1.067 seconds
Platform modules already initialized, skipping
Refreshing native plugins compatible for Editor in 0.92 ms, found 1 plugins.
Preloading 0 native plugins for Editor in 0.00 ms.
Unloading 1819 Unused Serialized files (Serialized files now loaded: 0)
System memory in use before: 86.9 MB.
System memory in use after: 86.9 MB.

Unloading 12 unused Assets to reduce memory usage. Loaded Objects now: 2297.
Total: 3.393700 ms (FindLiveObjects: 0.422000 ms CreateObjectMapping: 0.103900 ms MarkObjects: 2.662300 ms  DeleteObjects: 0.203600 ms)

========================================================================
Received Import Request.
  Time since last request: 708.948392 seconds.
  path: Assets/View/Common/Scripts/Controllers/Trap.cs
  artifactKey: Guid(b82572725568edd4e88fca6e2f88f3a3) Importer(815301076,1909f56bfc062723c751e8b465ee728b)
Start importing Assets/View/Common/Scripts/Controllers/Trap.cs using Guid(b82572725568edd4e88fca6e2f88f3a3) Importer(815301076,1909f56bfc062723c751e8b465ee728b)  -> (artifact id: '5d610729e128e035b56e03e6121f6a6f') in 0.006850 seconds
  Import took 0.012400 seconds .

========================================================================
Received Import Request.
  Time since last request: 52.251421 seconds.
  path: Assets/View/Common/Scripts/Enums/eHealable.cs
  artifactKey: Guid(7ca0d5703346e2047936814405d870a0) Importer(815301076,1909f56bfc062723c751e8b465ee728b)
Start importing Assets/View/Common/Scripts/Enums/eHealable.cs using Guid(7ca0d5703346e2047936814405d870a0) Importer(815301076,1909f56bfc062723c751e8b465ee728b)  -> (artifact id: '7252bc91ba5cf97bc3927f6c3477db22') in 0.002759 seconds
  Import took 0.008481 seconds .

========================================================================
Received Prepare
Registering precompiled user dll's ...
Registered in 0.001519 seconds.
Begin MonoManager ReloadAssembly
Native extension for WindowsStandalone target not found
Native extension for WebGL target not found
Refreshing native plugins compatible for Editor in 0.69 ms, found 1 plugins.
Preloading 0 native plugins for Editor in 0.00 ms.
Invoked RoslynAnalysisRunner static constructor.
RoslynAnalysisRunner will not be running.
RoslynAnalysisRunner has terminated.
Mono: successfully reloaded assembly
- Completed reload, in  0.862 seconds
Platform modules already initialized, skipping
Refreshing native plugins compatible for Editor in 0.57 ms, found 1 plugins.
Preloading 0 native plugins for Editor in 0.00 ms.
Unloading 1820 Unused Serialized files (Serialized files now loaded: 0)
System memory in use before: 87.1 MB.
System memory in use after: 87.1 MB.

Unloading 12 unused Assets to reduce memory usage. Loaded Objects now: 2301.
Total: 3.252100 ms (FindLiveObjects: 0.417200 ms CreateObjectMapping: 0.143600 ms MarkObjects: 2.532300 ms  DeleteObjects: 0.154300 ms)

========================================================================
Received Prepare
Registering precompiled user dll's ...
Registered in 0.000917 seconds.
Begin MonoManager ReloadAssembly
Native extension for WindowsStandalone target not found
Native extension for WebGL target not found
Refreshing native plugins compatible for Editor in 0.64 ms, found 1 plugins.
Preloading 0 native plugins for Editor in 0.00 ms.
Invoked RoslynAnalysisRunner static constructor.
RoslynAnalysisRunner will not be running.
RoslynAnalysisRunner has terminated.
Mono: successfully reloaded assembly
- Completed reload, in  0.793 seconds
Platform modules already initialized, skipping
Refreshing native plugins compatible for Editor in 0.49 ms, found 1 plugins.
Preloading 0 native plugins for Editor in 0.00 ms.
Unloading 1820 Unused Serialized files (Serialized files now loaded: 0)
System memory in use before: 87.3 MB.
System memory in use after: 87.3 MB.

Unloading 12 unused Assets to reduce memory usage. Loaded Objects now: 2304.
Total: 2.482600 ms (FindLiveObjects: 0.306100 ms CreateObjectMapping: 0.076300 ms MarkObjects: 1.957600 ms  DeleteObjects: 0.141000 ms)

========================================================================
Received Import Request.
  Time since last request: 20.326702 seconds.
  path: Assets/View/Common/Scripts/Enums/eHealable.cs
  artifactKey: Guid(7ca0d5703346e2047936814405d870a0) Importer(815301076,1909f56bfc062723c751e8b465ee728b)
Start importing Assets/View/Common/Scripts/Enums/eHealable.cs using Guid(7ca0d5703346e2047936814405d870a0) Importer(815301076,1909f56bfc062723c751e8b465ee728b)  -> (artifact id: 'f3ab4a2a21d712557ab9a6f6ceb28ec5') in 0.004463 seconds
  Import took 0.007825 seconds .

========================================================================
Received Import Request.
  Time since last request: 286.706373 seconds.
  path: Assets/View/Common/Scripts/Controllers/Fountain.cs
  artifactKey: Guid(776c8bfb468026142bd85d95b75bbf04) Importer(815301076,1909f56bfc062723c751e8b465ee728b)
Start importing Assets/View/Common/Scripts/Controllers/Fountain.cs using Guid(776c8bfb468026142bd85d95b75bbf04) Importer(815301076,1909f56bfc062723c751e8b465ee728b)  -> (artifact id: '606514352d6bf681963f7512f299cb00') in 0.004611 seconds
  Import took 0.011176 seconds .

========================================================================
Received Prepare
Registering precompiled user dll's ...
Registered in 0.001044 seconds.
Begin MonoManager ReloadAssembly
Native extension for WindowsStandalone target not found
Native extension for WebGL target not found
Refreshing native plugins compatible for Editor in 0.92 ms, found 1 plugins.
Preloading 0 native plugins for Editor in 0.00 ms.
Invoked RoslynAnalysisRunner static constructor.
RoslynAnalysisRunner will not be running.
RoslynAnalysisRunner has terminated.
Mono: successfully reloaded assembly
- Completed reload, in  0.844 seconds
Platform modules already initialized, skipping
Refreshing native plugins compatible for Editor in 0.93 ms, found 1 plugins.
Preloading 0 native plugins for Editor in 0.00 ms.
Unloading 1821 Unused Serialized files (Serialized files now loaded: 0)
System memory in use before: 87.6 MB.
System memory in use after: 87.6 MB.

Unloading 12 unused Assets to reduce memory usage. Loaded Objects now: 2308.
Total: 3.259300 ms (FindLiveObjects: 0.375500 ms CreateObjectMapping: 0.117600 ms MarkObjects: 2.609600 ms  DeleteObjects: 0.153000 ms)

========================================================================
Received Prepare
Registering precompiled user dll's ...
Registered in 0.000846 seconds.
Begin MonoManager ReloadAssembly
Native extension for WindowsStandalone target not found
Native extension for WebGL target not found
Refreshing native plugins compatible for Editor in 0.70 ms, found 1 plugins.
Preloading 0 native plugins for Editor in 0.00 ms.
Invoked RoslynAnalysisRunner static constructor.
RoslynAnalysisRunner will not be running.
RoslynAnalysisRunner has terminated.
Mono: successfully reloaded assembly
- Completed reload, in  0.638 seconds
Platform modules already initialized, skipping
Refreshing native plugins compatible for Editor in 0.61 ms, found 1 plugins.
Preloading 0 native plugins for Editor in 0.00 ms.
Unloading 1821 Unused Serialized files (Serialized files now loaded: 0)
System memory in use before: 87.8 MB.
System memory in use after: 87.8 MB.

Unloading 12 unused Assets to reduce memory usage. Loaded Objects now: 2311.
Total: 2.696500 ms (FindLiveObjects: 0.332200 ms CreateObjectMapping: 0.075900 ms MarkObjects: 2.175400 ms  DeleteObjects: 0.111800 ms)

========================================================================
Received Import Request.
  Time since last request: 1680.530832 seconds.
  path: Assets/View/Common/Scripts/Controllers/Fountain.cs
  artifactKey: Guid(776c8bfb468026142bd85d95b75bbf04) Importer(815301076,1909f56bfc062723c751e8b465ee728b)
Start importing Assets/View/Common/Scripts/Controllers/Fountain.cs using Guid(776c8bfb468026142bd85d95b75bbf04) Importer(815301076,1909f56bfc062723c751e8b465ee728b)  -> (artifact id: 'a3eac63767f4cb2f2617babbb79f3f21') in 0.004104 seconds
  Import took 0.007416 seconds .

========================================================================
Received Import Request.
  Time since last request: 1378.764440 seconds.
  path: Assets/View/Common/Prefabs/IronPike2.prefab
  artifactKey: Guid(0d427b307fc144d4c82b778a6ab3b4ad) Importer(815301076,1909f56bfc062723c751e8b465ee728b)
Start importing Assets/View/Common/Prefabs/IronPike2.prefab using Guid(0d427b307fc144d4c82b778a6ab3b4ad) Importer(815301076,1909f56bfc062723c751e8b465ee728b)  -> (artifact id: '85dac9d36644fcbbdad074790a503d09') in 0.025374 seconds
  Import took 0.029830 seconds .

========================================================================
Received Import Request.
  Time since last request: 4.632836 seconds.
  path: Assets/View/Common/Prefabs/IronPike.prefab
  artifactKey: Guid(6d89feba204e31b45adaa3510ee63964) Importer(815301076,1909f56bfc062723c751e8b465ee728b)
Start importing Assets/View/Common/Prefabs/IronPike.prefab using Guid(6d89feba204e31b45adaa3510ee63964) Importer(815301076,1909f56bfc062723c751e8b465ee728b)  -> (artifact id: 'cf86ac34a5f8b5fa0ec5cb9388078c09') in 0.003537 seconds
  Import took 0.007390 seconds .

========================================================================
Received Import Request.
  Time since last request: 0.002446 seconds.
  path: Assets/View/Common/Prefabs/IronPike.prefab
  artifactKey: Guid(6d89feba204e31b45adaa3510ee63964) Importer(815301076,1909f56bfc062723c751e8b465ee728b)
Start importing Assets/View/Common/Prefabs/IronPike.prefab using Guid(6d89feba204e31b45adaa3510ee63964) Importer(815301076,1909f56bfc062723c751e8b465ee728b)  -> (artifact id: 'cf86ac34a5f8b5fa0ec5cb9388078c09') in 0.002440 seconds
  Import took 0.005533 seconds .

========================================================================
Received Import Request.
  Time since last request: 4.006359 seconds.
  path: Assets/View/Common/Prefabs/WoodenPike.prefab
  artifactKey: Guid(61368d30e7de7564d956a5abe95e3448) Importer(815301076,1909f56bfc062723c751e8b465ee728b)
Start importing Assets/View/Common/Prefabs/WoodenPike.prefab using Guid(61368d30e7de7564d956a5abe95e3448) Importer(815301076,1909f56bfc062723c751e8b465ee728b)  -> (artifact id: '06aa1ee5a75af1a612124ce37c0c5e45') in 0.003339 seconds
  Import took 0.007223 seconds .

========================================================================
Received Import Request.
  Time since last request: 0.012061 seconds.
  path: Assets/View/Common/Prefabs/WoodenPike.prefab
  artifactKey: Guid(61368d30e7de7564d956a5abe95e3448) Importer(815301076,1909f56bfc062723c751e8b465ee728b)
Start importing Assets/View/Common/Prefabs/WoodenPike.prefab using Guid(61368d30e7de7564d956a5abe95e3448) Importer(815301076,1909f56bfc062723c751e8b465ee728b)  -> (artifact id: '06aa1ee5a75af1a612124ce37c0c5e45') in 0.002609 seconds
  Import took 0.006667 seconds .

========================================================================
Received Import Request.
  Time since last request: 3.952841 seconds.
  path: Assets/View/Common/Prefabs/Lava.prefab
  artifactKey: Guid(8df0d7c4066091f4bbe7430929d5c5c3) Importer(815301076,1909f56bfc062723c751e8b465ee728b)
Start importing Assets/View/Common/Prefabs/Lava.prefab using Guid(8df0d7c4066091f4bbe7430929d5c5c3) Importer(815301076,1909f56bfc062723c751e8b465ee728b)  -> (artifact id: '3d71f87b4d3f8c04ad7bdb84f1f5130d') in 0.002559 seconds
  Import took 0.006449 seconds .

========================================================================
Received Import Request.
  Time since last request: 0.010053 seconds.
  path: Assets/View/Common/Prefabs/Lava.prefab
  artifactKey: Guid(8df0d7c4066091f4bbe7430929d5c5c3) Importer(815301076,1909f56bfc062723c751e8b465ee728b)
Start importing Assets/View/Common/Prefabs/Lava.prefab using Guid(8df0d7c4066091f4bbe7430929d5c5c3) Importer(815301076,1909f56bfc062723c751e8b465ee728b)  -> (artifact id: '3d71f87b4d3f8c04ad7bdb84f1f5130d') in 0.002437 seconds
  Import took 0.006346 seconds .

========================================================================
Received Import Request.
  Time since last request: 573.874471 seconds.
  path: Assets/View/Common/Prefabs/StaminaFountain.prefab
  artifactKey: Guid(bfabe264c57183946bc3f9afdc8818a3) Importer(815301076,1909f56bfc062723c751e8b465ee728b)
Start importing Assets/View/Common/Prefabs/StaminaFountain.prefab using Guid(bfabe264c57183946bc3f9afdc8818a3) Importer(815301076,1909f56bfc062723c751e8b465ee728b)  -> (artifact id: 'f819d9b24bd439a461492e9535dbb83e') in 0.004593 seconds
  Import took 0.008550 seconds .

========================================================================
Received Import Request.
  Time since last request: 0.001523 seconds.
  path: Assets/View/Common/Prefabs/StaminaFountain.prefab
  artifactKey: Guid(bfabe264c57183946bc3f9afdc8818a3) Importer(815301076,1909f56bfc062723c751e8b465ee728b)
Start importing Assets/View/Common/Prefabs/StaminaFountain.prefab using Guid(bfabe264c57183946bc3f9afdc8818a3) Importer(815301076,1909f56bfc062723c751e8b465ee728b)  -> (artifact id: 'f819d9b24bd439a461492e9535dbb83e') in 0.002339 seconds
  Import took 0.005221 seconds .

========================================================================
Received Import Request.
  Time since last request: 4.882798 seconds.
  path: Assets/View/Common/Prefabs/LifeFountain.prefab
  artifactKey: Guid(b9716cc26cd24524ca8ca2aa592790ea) Importer(815301076,1909f56bfc062723c751e8b465ee728b)
Start importing Assets/View/Common/Prefabs/LifeFountain.prefab using Guid(b9716cc26cd24524ca8ca2aa592790ea) Importer(815301076,1909f56bfc062723c751e8b465ee728b)  -> (artifact id: 'a80d409f1dd4732cef972497ec5afacd') in 0.002723 seconds
  Import took 0.006221 seconds .

========================================================================
Received Import Request.
  Time since last request: 0.003748 seconds.
  path: Assets/View/Common/Prefabs/LifeFountain.prefab
  artifactKey: Guid(b9716cc26cd24524ca8ca2aa592790ea) Importer(815301076,1909f56bfc062723c751e8b465ee728b)
Start importing Assets/View/Common/Prefabs/LifeFountain.prefab using Guid(b9716cc26cd24524ca8ca2aa592790ea) Importer(815301076,1909f56bfc062723c751e8b465ee728b)  -> (artifact id: 'a80d409f1dd4732cef972497ec5afacd') in 0.002279 seconds
  Import took 0.004964 seconds .

========================================================================
Received Prepare
Registering precompiled user dll's ...
Registered in 0.001028 seconds.
Begin MonoManager ReloadAssembly
Native extension for WindowsStandalone target not found
Native extension for WebGL target not found
Refreshing native plugins compatible for Editor in 0.52 ms, found 1 plugins.
Preloading 0 native plugins for Editor in 0.00 ms.
Invoked RoslynAnalysisRunner static constructor.
RoslynAnalysisRunner will not be running.
RoslynAnalysisRunner has terminated.
Mono: successfully reloaded assembly
- Completed reload, in  0.651 seconds
Platform modules already initialized, skipping
Refreshing native plugins compatible for Editor in 0.46 ms, found 1 plugins.
Preloading 0 native plugins for Editor in 0.00 ms.
Unloading 1821 Unused Serialized files (Serialized files now loaded: 0)
System memory in use before: 87.0 MB.
System memory in use after: 87.0 MB.

Unloading 12 unused Assets to reduce memory usage. Loaded Objects now: 2314.
Total: 2.486100 ms (FindLiveObjects: 0.321400 ms CreateObjectMapping: 0.082900 ms MarkObjects: 1.981000 ms  DeleteObjects: 0.099200 ms)

========================================================================
Received Import Request.
  Time since last request: 483.411263 seconds.
  path: Assets/View/Common/Scripts/Controllers/PlayerController.cs
  artifactKey: Guid(b21c122e7b6655c409a48a6f666e4ebf) Importer(815301076,1909f56bfc062723c751e8b465ee728b)
Start importing Assets/View/Common/Scripts/Controllers/PlayerController.cs using Guid(b21c122e7b6655c409a48a6f666e4ebf) Importer(815301076,1909f56bfc062723c751e8b465ee728b)  -> (artifact id: '65f8b55aaa69d2ccb60d0bca8f8dba86') in 0.004716 seconds
  Import took 0.007584 seconds .

========================================================================
Received Prepare
Registering precompiled user dll's ...
Registered in 0.000659 seconds.
Begin MonoManager ReloadAssembly
Native extension for WindowsStandalone target not found
Native extension for WebGL target not found
Refreshing native plugins compatible for Editor in 0.54 ms, found 1 plugins.
Preloading 0 native plugins for Editor in 0.00 ms.
Invoked RoslynAnalysisRunner static constructor.
RoslynAnalysisRunner will not be running.
RoslynAnalysisRunner has terminated.
Mono: successfully reloaded assembly
- Completed reload, in  0.596 seconds
Platform modules already initialized, skipping
Refreshing native plugins compatible for Editor in 0.78 ms, found 1 plugins.
Preloading 0 native plugins for Editor in 0.00 ms.
Unloading 1821 Unused Serialized files (Serialized files now loaded: 0)
System memory in use before: 87.2 MB.
System memory in use after: 87.2 MB.

Unloading 12 unused Assets to reduce memory usage. Loaded Objects now: 2317.
Total: 2.811100 ms (FindLiveObjects: 0.294300 ms CreateObjectMapping: 0.121300 ms MarkObjects: 2.266700 ms  DeleteObjects: 0.127400 ms)

========================================================================
Received Prepare
Registering precompiled user dll's ...
Registered in 0.000629 seconds.
Begin MonoManager ReloadAssembly
Native extension for WindowsStandalone target not found
Native extension for WebGL target not found
Refreshing native plugins compatible for Editor in 0.54 ms, found 1 plugins.
Preloading 0 native plugins for Editor in 0.00 ms.
Invoked RoslynAnalysisRunner static constructor.
RoslynAnalysisRunner will not be running.
RoslynAnalysisRunner has terminated.
Mono: successfully reloaded assembly
- Completed reload, in  0.623 seconds
Platform modules already initialized, skipping
Refreshing native plugins compatible for Editor in 0.50 ms, found 1 plugins.
Preloading 0 native plugins for Editor in 0.00 ms.
Unloading 1821 Unused Serialized files (Serialized files now loaded: 0)
System memory in use before: 87.4 MB.
System memory in use after: 87.4 MB.

Unloading 12 unused Assets to reduce memory usage. Loaded Objects now: 2320.
Total: 2.414400 ms (FindLiveObjects: 0.285600 ms CreateObjectMapping: 0.083700 ms MarkObjects: 1.936400 ms  DeleteObjects: 0.106900 ms)

========================================================================
Received Prepare
Registering precompiled user dll's ...
Registered in 0.000934 seconds.
Begin MonoManager ReloadAssembly
Native extension for WindowsStandalone target not found
Native extension for WebGL target not found
Refreshing native plugins compatible for Editor in 0.61 ms, found 1 plugins.
Preloading 0 native plugins for Editor in 0.00 ms.
Invoked RoslynAnalysisRunner static constructor.
RoslynAnalysisRunner will not be running.
RoslynAnalysisRunner has terminated.
Mono: successfully reloaded assembly
- Completed reload, in  1.040 seconds
Platform modules already initialized, skipping
Refreshing native plugins compatible for Editor in 1.13 ms, found 1 plugins.
Preloading 0 native plugins for Editor in 0.00 ms.
Unloading 1821 Unused Serialized files (Serialized files now loaded: 0)
System memory in use before: 87.6 MB.
System memory in use after: 87.6 MB.

Unloading 12 unused Assets to reduce memory usage. Loaded Objects now: 2323.
Total: 6.852100 ms (FindLiveObjects: 1.227700 ms CreateObjectMapping: 0.314600 ms MarkObjects: 5.020200 ms  DeleteObjects: 0.287800 ms)

========================================================================
Received Prepare
Registering precompiled user dll's ...
Registered in 0.002081 seconds.
Begin MonoManager ReloadAssembly
Native extension for WindowsStandalone target not found
Native extension for WebGL target not found
Refreshing native plugins compatible for Editor in 1.54 ms, found 1 plugins.
Preloading 0 native plugins for Editor in 0.00 ms.
Invoked RoslynAnalysisRunner static constructor.
RoslynAnalysisRunner will not be running.
RoslynAnalysisRunner has terminated.
Mono: successfully reloaded assembly
- Completed reload, in  1.555 seconds
Platform modules already initialized, skipping
Refreshing native plugins compatible for Editor in 1.43 ms, found 1 plugins.
Preloading 0 native plugins for Editor in 0.00 ms.
Unloading 1821 Unused Serialized files (Serialized files now loaded: 0)
System memory in use before: 87.8 MB.
System memory in use after: 87.8 MB.

Unloading 12 unused Assets to reduce memory usage. Loaded Objects now: 2326.
Total: 6.692500 ms (FindLiveObjects: 0.713100 ms CreateObjectMapping: 0.119000 ms MarkObjects: 5.541200 ms  DeleteObjects: 0.316100 ms)

========================================================================
Received Prepare
Registering precompiled user dll's ...
Registered in 0.000853 seconds.
Begin MonoManager ReloadAssembly
Native extension for WindowsStandalone target not found
Native extension for WebGL target not found
Refreshing native plugins compatible for Editor in 0.67 ms, found 1 plugins.
Preloading 0 native plugins for Editor in 0.00 ms.
Invoked RoslynAnalysisRunner static constructor.
RoslynAnalysisRunner will not be running.
RoslynAnalysisRunner has terminated.
Mono: successfully reloaded assembly
- Completed reload, in  0.644 seconds
Platform modules already initialized, skipping
Refreshing native plugins compatible for Editor in 0.49 ms, found 1 plugins.
Preloading 0 native plugins for Editor in 0.00 ms.
Unloading 1821 Unused Serialized files (Serialized files now loaded: 0)
System memory in use before: 87.1 MB.
System memory in use after: 87.1 MB.

Unloading 12 unused Assets to reduce memory usage. Loaded Objects now: 2329.
Total: 3.161200 ms (FindLiveObjects: 0.345100 ms CreateObjectMapping: 0.084500 ms MarkObjects: 2.556200 ms  DeleteObjects: 0.173200 ms)

========================================================================
Received Prepare
Registering precompiled user dll's ...
Registered in 0.000922 seconds.
Begin MonoManager ReloadAssembly
Native extension for WindowsStandalone target not found
Native extension for WebGL target not found
Refreshing native plugins compatible for Editor in 0.66 ms, found 1 plugins.
Preloading 0 native plugins for Editor in 0.00 ms.
Invoked RoslynAnalysisRunner static constructor.
RoslynAnalysisRunner will not be running.
RoslynAnalysisRunner has terminated.
Mono: successfully reloaded assembly
- Completed reload, in  0.646 seconds
Platform modules already initialized, skipping
Refreshing native plugins compatible for Editor in 0.58 ms, found 1 plugins.
Preloading 0 native plugins for Editor in 0.00 ms.
Unloading 1821 Unused Serialized files (Serialized files now loaded: 0)
System memory in use before: 87.3 MB.
System memory in use after: 87.3 MB.

Unloading 12 unused Assets to reduce memory usage. Loaded Objects now: 2332.
Total: 3.477900 ms (FindLiveObjects: 0.321400 ms CreateObjectMapping: 0.163100 ms MarkObjects: 2.840000 ms  DeleteObjects: 0.151900 ms)

========================================================================
Received Prepare
Registering precompiled user dll's ...
Registered in 0.000907 seconds.
Begin MonoManager ReloadAssembly
Native extension for WindowsStandalone target not found
Native extension for WebGL target not found
Refreshing native plugins compatible for Editor in 0.66 ms, found 1 plugins.
Preloading 0 native plugins for Editor in 0.00 ms.
Invoked RoslynAnalysisRunner static constructor.
RoslynAnalysisRunner will not be running.
RoslynAnalysisRunner has terminated.
Mono: successfully reloaded assembly
- Completed reload, in  0.645 seconds
Platform modules already initialized, skipping
Refreshing native plugins compatible for Editor in 0.54 ms, found 1 plugins.
Preloading 0 native plugins for Editor in 0.00 ms.
Unloading 1821 Unused Serialized files (Serialized files now loaded: 0)
System memory in use before: 87.5 MB.
System memory in use after: 87.5 MB.

Unloading 12 unused Assets to reduce memory usage. Loaded Objects now: 2335.
Total: 3.037300 ms (FindLiveObjects: 0.372800 ms CreateObjectMapping: 0.092000 ms MarkObjects: 2.427900 ms  DeleteObjects: 0.143300 ms)

========================================================================
Received Prepare
Registering precompiled user dll's ...
Registered in 0.000653 seconds.
Begin MonoManager ReloadAssembly
Native extension for WindowsStandalone target not found
Native extension for WebGL target not found
Refreshing native plugins compatible for Editor in 0.66 ms, found 1 plugins.
Preloading 0 native plugins for Editor in 0.00 ms.
Invoked RoslynAnalysisRunner static constructor.
RoslynAnalysisRunner will not be running.
RoslynAnalysisRunner has terminated.
Mono: successfully reloaded assembly
- Completed reload, in  0.663 seconds
Platform modules already initialized, skipping
Refreshing native plugins compatible for Editor in 0.62 ms, found 1 plugins.
Preloading 0 native plugins for Editor in 0.00 ms.
Unloading 1821 Unused Serialized files (Serialized files now loaded: 0)
System memory in use before: 87.7 MB.
System memory in use after: 87.7 MB.

Unloading 12 unused Assets to reduce memory usage. Loaded Objects now: 2338.
Total: 3.238100 ms (FindLiveObjects: 0.312200 ms CreateObjectMapping: 0.089600 ms MarkObjects: 2.683000 ms  DeleteObjects: 0.151500 ms)

========================================================================
Received Prepare
Registering precompiled user dll's ...
Registered in 0.001097 seconds.
Begin MonoManager ReloadAssembly
Native extension for WindowsStandalone target not found
Native extension for WebGL target not found
Refreshing native plugins compatible for Editor in 0.68 ms, found 1 plugins.
Preloading 0 native plugins for Editor in 0.00 ms.
Invoked RoslynAnalysisRunner static constructor.
RoslynAnalysisRunner will not be running.
RoslynAnalysisRunner has terminated.
Mono: successfully reloaded assembly
- Completed reload, in  0.613 seconds
Platform modules already initialized, skipping
Refreshing native plugins compatible for Editor in 0.58 ms, found 1 plugins.
Preloading 0 native plugins for Editor in 0.00 ms.
Unloading 1821 Unused Serialized files (Serialized files now loaded: 0)
System memory in use before: 87.8 MB.
System memory in use after: 87.8 MB.

Unloading 12 unused Assets to reduce memory usage. Loaded Objects now: 2341.
Total: 2.176700 ms (FindLiveObjects: 0.310200 ms CreateObjectMapping: 0.040500 ms MarkObjects: 1.720400 ms  DeleteObjects: 0.103600 ms)

========================================================================
Received Prepare
Registering precompiled user dll's ...
Registered in 0.000708 seconds.
Begin MonoManager ReloadAssembly
Native extension for WindowsStandalone target not found
Native extension for WebGL target not found
Refreshing native plugins compatible for Editor in 0.60 ms, found 1 plugins.
Preloading 0 native plugins for Editor in 0.00 ms.
Invoked RoslynAnalysisRunner static constructor.
RoslynAnalysisRunner will not be running.
RoslynAnalysisRunner has terminated.
Mono: successfully reloaded assembly
- Completed reload, in  0.641 seconds
Platform modules already initialized, skipping
Refreshing native plugins compatible for Editor in 0.60 ms, found 1 plugins.
Preloading 0 native plugins for Editor in 0.00 ms.
Unloading 1821 Unused Serialized files (Serialized files now loaded: 0)
System memory in use before: 87.1 MB.
System memory in use after: 87.1 MB.

Unloading 12 unused Assets to reduce memory usage. Loaded Objects now: 2344.
Total: 2.965900 ms (FindLiveObjects: 0.360400 ms CreateObjectMapping: 0.101200 ms MarkObjects: 2.363900 ms  DeleteObjects: 0.138500 ms)

========================================================================
Received Prepare
Registering precompiled user dll's ...
Registered in 0.000779 seconds.
Begin MonoManager ReloadAssembly
Native extension for WindowsStandalone target not found
Native extension for WebGL target not found
Refreshing native plugins compatible for Editor in 0.67 ms, found 1 plugins.
Preloading 0 native plugins for Editor in 0.00 ms.
Invoked RoslynAnalysisRunner static constructor.
RoslynAnalysisRunner will not be running.
RoslynAnalysisRunner has terminated.
Mono: successfully reloaded assembly
- Completed reload, in  0.719 seconds
Platform modules already initialized, skipping
Refreshing native plugins compatible for Editor in 0.64 ms, found 1 plugins.
Preloading 0 native plugins for Editor in 0.00 ms.
Unloading 1821 Unused Serialized files (Serialized files now loaded: 0)
System memory in use before: 87.3 MB.
System memory in use after: 87.3 MB.

Unloading 12 unused Assets to reduce memory usage. Loaded Objects now: 2347.
Total: 2.984500 ms (FindLiveObjects: 0.425500 ms CreateObjectMapping: 0.081000 ms MarkObjects: 2.344700 ms  DeleteObjects: 0.132200 ms)

========================================================================
Received Prepare
Registering precompiled user dll's ...
Registered in 0.001829 seconds.
Begin MonoManager ReloadAssembly
Native extension for WindowsStandalone target not found
Native extension for WebGL target not found
Refreshing native plugins compatible for Editor in 0.89 ms, found 1 plugins.
Preloading 0 native plugins for Editor in 0.00 ms.
Invoked RoslynAnalysisRunner static constructor.
RoslynAnalysisRunner will not be running.
RoslynAnalysisRunner has terminated.
Mono: successfully reloaded assembly
- Completed reload, in  1.357 seconds
Platform modules already initialized, skipping
Refreshing native plugins compatible for Editor in 0.73 ms, found 1 plugins.
Preloading 0 native plugins for Editor in 0.00 ms.
Unloading 1821 Unused Serialized files (Serialized files now loaded: 0)
System memory in use before: 87.5 MB.
System memory in use after: 87.5 MB.

Unloading 12 unused Assets to reduce memory usage. Loaded Objects now: 2350.
Total: 5.541900 ms (FindLiveObjects: 0.535400 ms CreateObjectMapping: 0.102500 ms MarkObjects: 4.660100 ms  DeleteObjects: 0.240600 ms)

========================================================================
Received Prepare
Registering precompiled user dll's ...
Registered in 0.000584 seconds.
Begin MonoManager ReloadAssembly
Native extension for WindowsStandalone target not found
Native extension for WebGL target not found
Refreshing native plugins compatible for Editor in 0.68 ms, found 1 plugins.
Preloading 0 native plugins for Editor in 0.00 ms.
Invoked RoslynAnalysisRunner static constructor.
RoslynAnalysisRunner will not be running.
RoslynAnalysisRunner has terminated.
Mono: successfully reloaded assembly
- Completed reload, in  0.651 seconds
Platform modules already initialized, skipping
Refreshing native plugins compatible for Editor in 0.57 ms, found 1 plugins.
Preloading 0 native plugins for Editor in 0.00 ms.
Unloading 1821 Unused Serialized files (Serialized files now loaded: 0)
System memory in use before: 87.7 MB.
System memory in use after: 87.7 MB.

Unloading 12 unused Assets to reduce memory usage. Loaded Objects now: 2353.
Total: 2.604000 ms (FindLiveObjects: 0.295800 ms CreateObjectMapping: 0.039500 ms MarkObjects: 2.135800 ms  DeleteObjects: 0.131000 ms)

========================================================================
Received Prepare
Registering precompiled user dll's ...
Registered in 0.000928 seconds.
Begin MonoManager ReloadAssembly
Native extension for WindowsStandalone target not found
Native extension for WebGL target not found
Refreshing native plugins compatible for Editor in 0.62 ms, found 1 plugins.
Preloading 0 native plugins for Editor in 0.00 ms.
Invoked RoslynAnalysisRunner static constructor.
RoslynAnalysisRunner will not be running.
RoslynAnalysisRunner has terminated.
Mono: successfully reloaded assembly
- Completed reload, in  0.713 seconds
Platform modules already initialized, skipping
Refreshing native plugins compatible for Editor in 0.62 ms, found 1 plugins.
Preloading 0 native plugins for Editor in 0.00 ms.
Unloading 1821 Unused Serialized files (Serialized files now loaded: 0)
System memory in use before: 87.9 MB.
System memory in use after: 87.9 MB.

Unloading 12 unused Assets to reduce memory usage. Loaded Objects now: 2356.
Total: 2.909900 ms (FindLiveObjects: 0.461300 ms CreateObjectMapping: 0.167800 ms MarkObjects: 2.156600 ms  DeleteObjects: 0.122700 ms)

========================================================================
Received Prepare
Registering precompiled user dll's ...
Registered in 0.000836 seconds.
Begin MonoManager ReloadAssembly
Native extension for WindowsStandalone target not found
Native extension for WebGL target not found
Refreshing native plugins compatible for Editor in 0.68 ms, found 1 plugins.
Preloading 0 native plugins for Editor in 0.00 ms.
Invoked RoslynAnalysisRunner static constructor.
RoslynAnalysisRunner will not be running.
RoslynAnalysisRunner has terminated.
Mono: successfully reloaded assembly
- Completed reload, in  0.838 seconds
Platform modules already initialized, skipping
Refreshing native plugins compatible for Editor in 0.70 ms, found 1 plugins.
Preloading 0 native plugins for Editor in 0.00 ms.
Unloading 1821 Unused Serialized files (Serialized files now loaded: 0)
System memory in use before: 87.2 MB.
System memory in use after: 87.2 MB.

Unloading 12 unused Assets to reduce memory usage. Loaded Objects now: 2359.
Total: 3.478200 ms (FindLiveObjects: 0.600100 ms CreateObjectMapping: 0.067100 ms MarkObjects: 2.559100 ms  DeleteObjects: 0.248600 ms)

========================================================================
Received Prepare
Registering precompiled user dll's ...
Registered in 0.001891 seconds.
Begin MonoManager ReloadAssembly
Native extension for WindowsStandalone target not found
Native extension for WebGL target not found
Refreshing native plugins compatible for Editor in 1.44 ms, found 1 plugins.
Preloading 0 native plugins for Editor in 0.00 ms.
Invoked RoslynAnalysisRunner static constructor.
RoslynAnalysisRunner will not be running.
RoslynAnalysisRunner has terminated.
Mono: successfully reloaded assembly
- Completed reload, in  1.206 seconds
Platform modules already initialized, skipping
Refreshing native plugins compatible for Editor in 1.25 ms, found 1 plugins.
Preloading 0 native plugins for Editor in 0.00 ms.
Unloading 1821 Unused Serialized files (Serialized files now loaded: 0)
System memory in use before: 87.4 MB.
System memory in use after: 87.4 MB.

Unloading 12 unused Assets to reduce memory usage. Loaded Objects now: 2362.
Total: 7.939800 ms (FindLiveObjects: 0.697200 ms CreateObjectMapping: 0.173600 ms MarkObjects: 6.762000 ms  DeleteObjects: 0.305100 ms)

========================================================================
Received Prepare
Registering precompiled user dll's ...
Registered in 0.000657 seconds.
Begin MonoManager ReloadAssembly
Native extension for WindowsStandalone target not found
Native extension for WebGL target not found
Refreshing native plugins compatible for Editor in 0.92 ms, found 1 plugins.
Preloading 0 native plugins for Editor in 0.00 ms.
Invoked RoslynAnalysisRunner static constructor.
RoslynAnalysisRunner will not be running.
RoslynAnalysisRunner has terminated.
Mono: successfully reloaded assembly
- Completed reload, in  0.824 seconds
Platform modules already initialized, skipping
Refreshing native plugins compatible for Editor in 0.85 ms, found 1 plugins.
Preloading 0 native plugins for Editor in 0.00 ms.
Unloading 1821 Unused Serialized files (Serialized files now loaded: 0)
System memory in use before: 87.6 MB.
System memory in use after: 87.6 MB.

Unloading 12 unused Assets to reduce memory usage. Loaded Objects now: 2365.
Total: 4.074200 ms (FindLiveObjects: 0.512700 ms CreateObjectMapping: 0.087900 ms MarkObjects: 3.183800 ms  DeleteObjects: 0.287800 ms)

========================================================================
Received Prepare
Registering precompiled user dll's ...
Registered in 0.000718 seconds.
Begin MonoManager ReloadAssembly
Native extension for WindowsStandalone target not found
Native extension for WebGL target not found
Refreshing native plugins compatible for Editor in 1.55 ms, found 1 plugins.
Preloading 0 native plugins for Editor in 0.00 ms.
Invoked RoslynAnalysisRunner static constructor.
RoslynAnalysisRunner will not be running.
RoslynAnalysisRunner has terminated.
Mono: successfully reloaded assembly
- Completed reload, in  0.616 seconds
Platform modules already initialized, skipping
Refreshing native plugins compatible for Editor in 0.48 ms, found 1 plugins.
Preloading 0 native plugins for Editor in 0.00 ms.
Unloading 1821 Unused Serialized files (Serialized files now loaded: 0)
System memory in use before: 87.8 MB.
System memory in use after: 87.8 MB.

Unloading 12 unused Assets to reduce memory usage. Loaded Objects now: 2368.
Total: 2.306900 ms (FindLiveObjects: 0.273800 ms CreateObjectMapping: 0.084400 ms MarkObjects: 1.795100 ms  DeleteObjects: 0.151900 ms)

========================================================================
Received Prepare
Registering precompiled user dll's ...
Registered in 0.000848 seconds.
Begin MonoManager ReloadAssembly
Native extension for WindowsStandalone target not found
Native extension for WebGL target not found
Refreshing native plugins compatible for Editor in 0.73 ms, found 1 plugins.
Preloading 0 native plugins for Editor in 0.00 ms.
Invoked RoslynAnalysisRunner static constructor.
RoslynAnalysisRunner will not be running.
RoslynAnalysisRunner has terminated.
Mono: successfully reloaded assembly
- Completed reload, in  0.678 seconds
Platform modules already initialized, skipping
Refreshing native plugins compatible for Editor in 0.61 ms, found 1 plugins.
Preloading 0 native plugins for Editor in 0.00 ms.
Unloading 1821 Unused Serialized files (Serialized files now loaded: 0)
System memory in use before: 87.9 MB.
System memory in use after: 87.9 MB.

Unloading 12 unused Assets to reduce memory usage. Loaded Objects now: 2371.
Total: 2.916500 ms (FindLiveObjects: 0.361400 ms CreateObjectMapping: 0.072700 ms MarkObjects: 2.367400 ms  DeleteObjects: 0.114100 ms)

========================================================================
Received Prepare
Registering precompiled user dll's ...
Registered in 0.000833 seconds.
Begin MonoManager ReloadAssembly
Native extension for WindowsStandalone target not found
Native extension for WebGL target not found
Refreshing native plugins compatible for Editor in 0.62 ms, found 1 plugins.
Preloading 0 native plugins for Editor in 0.00 ms.
Invoked RoslynAnalysisRunner static constructor.
RoslynAnalysisRunner will not be running.
RoslynAnalysisRunner has terminated.
Mono: successfully reloaded assembly
- Completed reload, in  0.698 seconds
Platform modules already initialized, skipping
Refreshing native plugins compatible for Editor in 0.70 ms, found 1 plugins.
Preloading 0 native plugins for Editor in 0.00 ms.
Unloading 1821 Unused Serialized files (Serialized files now loaded: 0)
System memory in use before: 87.2 MB.
System memory in use after: 87.2 MB.

Unloading 12 unused Assets to reduce memory usage. Loaded Objects now: 2374.
Total: 3.653700 ms (FindLiveObjects: 0.548800 ms CreateObjectMapping: 0.213000 ms MarkObjects: 2.738400 ms  DeleteObjects: 0.150700 ms)

========================================================================
Received Prepare
Registering precompiled user dll's ...
Registered in 0.000849 seconds.
Begin MonoManager ReloadAssembly
Native extension for WindowsStandalone target not found
Native extension for WebGL target not found
Refreshing native plugins compatible for Editor in 0.60 ms, found 1 plugins.
Preloading 0 native plugins for Editor in 0.00 ms.
Invoked RoslynAnalysisRunner static constructor.
RoslynAnalysisRunner will not be running.
RoslynAnalysisRunner has terminated.
Mono: successfully reloaded assembly
- Completed reload, in  0.672 seconds
Platform modules already initialized, skipping
Refreshing native plugins compatible for Editor in 0.62 ms, found 1 plugins.
Preloading 0 native plugins for Editor in 0.00 ms.
Unloading 1821 Unused Serialized files (Serialized files now loaded: 0)
System memory in use before: 87.4 MB.
System memory in use after: 87.4 MB.

Unloading 12 unused Assets to reduce memory usage. Loaded Objects now: 2377.
Total: 3.772800 ms (FindLiveObjects: 0.524200 ms CreateObjectMapping: 0.117400 ms MarkObjects: 2.986500 ms  DeleteObjects: 0.143000 ms)

========================================================================
Received Prepare
Registering precompiled user dll's ...
Registered in 0.000883 seconds.
Begin MonoManager ReloadAssembly
Native extension for WindowsStandalone target not found
Native extension for WebGL target not found
Refreshing native plugins compatible for Editor in 0.68 ms, found 1 plugins.
Preloading 0 native plugins for Editor in 0.00 ms.
Invoked RoslynAnalysisRunner static constructor.
RoslynAnalysisRunner will not be running.
RoslynAnalysisRunner has terminated.
Mono: successfully reloaded assembly
- Completed reload, in  0.819 seconds
Platform modules already initialized, skipping
Refreshing native plugins compatible for Editor in 0.58 ms, found 1 plugins.
Preloading 0 native plugins for Editor in 0.00 ms.
Unloading 1821 Unused Serialized files (Serialized files now loaded: 0)
System memory in use before: 87.6 MB.
System memory in use after: 87.6 MB.

Unloading 12 unused Assets to reduce memory usage. Loaded Objects now: 2380.
Total: 2.785500 ms (FindLiveObjects: 0.415000 ms CreateObjectMapping: 0.083900 ms MarkObjects: 2.151900 ms  DeleteObjects: 0.132700 ms)

========================================================================
Received Prepare
Registering precompiled user dll's ...
Registered in 0.001751 seconds.
Begin MonoManager ReloadAssembly
Native extension for WindowsStandalone target not found
Native extension for WebGL target not found
Refreshing native plugins compatible for Editor in 1.13 ms, found 1 plugins.
Preloading 0 native plugins for Editor in 0.00 ms.
Invoked RoslynAnalysisRunner static constructor.
RoslynAnalysisRunner will not be running.
RoslynAnalysisRunner has terminated.
Mono: successfully reloaded assembly
- Completed reload, in  1.192 seconds
Platform modules already initialized, skipping
Refreshing native plugins compatible for Editor in 1.54 ms, found 1 plugins.
Preloading 0 native plugins for Editor in 0.00 ms.
Unloading 1821 Unused Serialized files (Serialized files now loaded: 0)
System memory in use before: 87.8 MB.
System memory in use after: 87.8 MB.

Unloading 12 unused Assets to reduce memory usage. Loaded Objects now: 2383.
Total: 6.556300 ms (FindLiveObjects: 0.675000 ms CreateObjectMapping: 0.124700 ms MarkObjects: 5.400700 ms  DeleteObjects: 0.352800 ms)

========================================================================
Received Prepare
Registering precompiled user dll's ...
Registered in 0.001236 seconds.
Begin MonoManager ReloadAssembly
Native extension for WindowsStandalone target not found
Native extension for WebGL target not found
Refreshing native plugins compatible for Editor in 0.61 ms, found 1 plugins.
Preloading 0 native plugins for Editor in 0.00 ms.
Invoked RoslynAnalysisRunner static constructor.
RoslynAnalysisRunner will not be running.
RoslynAnalysisRunner has terminated.
Mono: successfully reloaded assembly
- Completed reload, in  0.659 seconds
Platform modules already initialized, skipping
Refreshing native plugins compatible for Editor in 0.61 ms, found 1 plugins.
Preloading 0 native plugins for Editor in 0.00 ms.
Unloading 1821 Unused Serialized files (Serialized files now loaded: 0)
System memory in use before: 88.0 MB.
System memory in use after: 88.0 MB.

Unloading 12 unused Assets to reduce memory usage. Loaded Objects now: 2386.
Total: 2.911000 ms (FindLiveObjects: 0.383200 ms CreateObjectMapping: 0.100300 ms MarkObjects: 2.298900 ms  DeleteObjects: 0.127600 ms)

========================================================================
Received Prepare
Registering precompiled user dll's ...
Registered in 0.001349 seconds.
Begin MonoManager ReloadAssembly
Native extension for WindowsStandalone target not found
Native extension for WebGL target not found
Refreshing native plugins compatible for Editor in 0.68 ms, found 1 plugins.
Preloading 0 native plugins for Editor in 0.00 ms.
Invoked RoslynAnalysisRunner static constructor.
RoslynAnalysisRunner will not be running.
RoslynAnalysisRunner has terminated.
Mono: successfully reloaded assembly
- Completed reload, in  0.658 seconds
Platform modules already initialized, skipping
Refreshing native plugins compatible for Editor in 0.51 ms, found 1 plugins.
Preloading 0 native plugins for Editor in 0.00 ms.
Unloading 1821 Unused Serialized files (Serialized files now loaded: 0)
System memory in use before: 87.3 MB.
System memory in use after: 87.3 MB.

Unloading 12 unused Assets to reduce memory usage. Loaded Objects now: 2389.
Total: 2.997100 ms (FindLiveObjects: 0.384600 ms CreateObjectMapping: 0.129200 ms MarkObjects: 2.362000 ms  DeleteObjects: 0.120300 ms)

========================================================================
Received Prepare
Registering precompiled user dll's ...
Registered in 0.000639 seconds.
Begin MonoManager ReloadAssembly
Native extension for WindowsStandalone target not found
Native extension for WebGL target not found
Refreshing native plugins compatible for Editor in 0.52 ms, found 1 plugins.
Preloading 0 native plugins for Editor in 0.00 ms.
Invoked RoslynAnalysisRunner static constructor.
RoslynAnalysisRunner will not be running.
RoslynAnalysisRunner has terminated.
Mono: successfully reloaded assembly
- Completed reload, in  0.659 seconds
Platform modules already initialized, skipping
Refreshing native plugins compatible for Editor in 0.52 ms, found 1 plugins.
Preloading 0 native plugins for Editor in 0.00 ms.
Unloading 1821 Unused Serialized files (Serialized files now loaded: 0)
System memory in use before: 87.5 MB.
System memory in use after: 87.5 MB.

Unloading 12 unused Assets to reduce memory usage. Loaded Objects now: 2392.
Total: 2.829300 ms (FindLiveObjects: 0.370700 ms CreateObjectMapping: 0.115500 ms MarkObjects: 2.218100 ms  DeleteObjects: 0.123800 ms)

========================================================================
Received Prepare
Registering precompiled user dll's ...
Registered in 0.000728 seconds.
Begin MonoManager ReloadAssembly
Native extension for WindowsStandalone target not found
Native extension for WebGL target not found
Refreshing native plugins compatible for Editor in 0.56 ms, found 1 plugins.
Preloading 0 native plugins for Editor in 0.00 ms.
Invoked RoslynAnalysisRunner static constructor.
RoslynAnalysisRunner will not be running.
RoslynAnalysisRunner has terminated.
Mono: successfully reloaded assembly
- Completed reload, in  0.597 seconds
Platform modules already initialized, skipping
Refreshing native plugins compatible for Editor in 0.50 ms, found 1 plugins.
Preloading 0 native plugins for Editor in 0.00 ms.
Unloading 1821 Unused Serialized files (Serialized files now loaded: 0)
System memory in use before: 87.7 MB.
System memory in use after: 87.7 MB.

Unloading 12 unused Assets to reduce memory usage. Loaded Objects now: 2395.
Total: 2.772300 ms (FindLiveObjects: 0.430800 ms CreateObjectMapping: 0.060200 ms MarkObjects: 2.164300 ms  DeleteObjects: 0.115700 ms)

========================================================================
Received Prepare
Registering precompiled user dll's ...
Registered in 0.001219 seconds.
Begin MonoManager ReloadAssembly
Native extension for WindowsStandalone target not found
Native extension for WebGL target not found
Refreshing native plugins compatible for Editor in 1.03 ms, found 1 plugins.
Preloading 0 native plugins for Editor in 0.00 ms.
Invoked RoslynAnalysisRunner static constructor.
RoslynAnalysisRunner will not be running.
RoslynAnalysisRunner has terminated.
Mono: successfully reloaded assembly
- Completed reload, in  1.288 seconds
Platform modules already initialized, skipping
Refreshing native plugins compatible for Editor in 0.84 ms, found 1 plugins.
Preloading 0 native plugins for Editor in 0.00 ms.
Unloading 1821 Unused Serialized files (Serialized files now loaded: 0)
System memory in use before: 87.9 MB.
System memory in use after: 87.9 MB.

Unloading 12 unused Assets to reduce memory usage. Loaded Objects now: 2398.
Total: 5.343300 ms (FindLiveObjects: 0.758400 ms CreateObjectMapping: 0.149600 ms MarkObjects: 4.130700 ms  DeleteObjects: 0.302000 ms)

========================================================================
Received Prepare
Registering precompiled user dll's ...
Registered in 0.000775 seconds.
Begin MonoManager ReloadAssembly
Native extension for WindowsStandalone target not found
Native extension for WebGL target not found
Refreshing native plugins compatible for Editor in 0.51 ms, found 1 plugins.
Preloading 0 native plugins for Editor in 0.00 ms.
Invoked RoslynAnalysisRunner static constructor.
RoslynAnalysisRunner will not be running.
RoslynAnalysisRunner has terminated.
Mono: successfully reloaded assembly
- Completed reload, in  0.593 seconds
Platform modules already initialized, skipping
Refreshing native plugins compatible for Editor in 0.64 ms, found 1 plugins.
Preloading 0 native plugins for Editor in 0.00 ms.
Unloading 1821 Unused Serialized files (Serialized files now loaded: 0)
System memory in use before: 88.0 MB.
System memory in use after: 88.0 MB.

Unloading 12 unused Assets to reduce memory usage. Loaded Objects now: 2401.
Total: 3.008900 ms (FindLiveObjects: 0.350000 ms CreateObjectMapping: 0.078200 ms MarkObjects: 2.443700 ms  DeleteObjects: 0.134300 ms)

========================================================================
Received Prepare
Registering precompiled user dll's ...
Registered in 0.000842 seconds.
Begin MonoManager ReloadAssembly
Native extension for WindowsStandalone target not found
Native extension for WebGL target not found
Refreshing native plugins compatible for Editor in 0.57 ms, found 1 plugins.
Preloading 0 native plugins for Editor in 0.00 ms.
Invoked RoslynAnalysisRunner static constructor.
RoslynAnalysisRunner will not be running.
RoslynAnalysisRunner has terminated.
Mono: successfully reloaded assembly
- Completed reload, in  0.766 seconds
Platform modules already initialized, skipping
Refreshing native plugins compatible for Editor in 0.55 ms, found 1 plugins.
Preloading 0 native plugins for Editor in 0.00 ms.
Unloading 1821 Unused Serialized files (Serialized files now loaded: 0)
System memory in use before: 87.3 MB.
System memory in use after: 87.3 MB.

Unloading 12 unused Assets to reduce memory usage. Loaded Objects now: 2404.
Total: 3.333900 ms (FindLiveObjects: 0.333200 ms CreateObjectMapping: 0.131300 ms MarkObjects: 2.734300 ms  DeleteObjects: 0.133800 ms)

========================================================================
Received Prepare
Registering precompiled user dll's ...
Registered in 0.001132 seconds.
Begin MonoManager ReloadAssembly
Native extension for WindowsStandalone target not found
Native extension for WebGL target not found
Refreshing native plugins compatible for Editor in 0.59 ms, found 1 plugins.
Preloading 0 native plugins for Editor in 0.00 ms.
Invoked RoslynAnalysisRunner static constructor.
RoslynAnalysisRunner will not be running.
RoslynAnalysisRunner has terminated.
Mono: successfully reloaded assembly
- Completed reload, in  0.644 seconds
Platform modules already initialized, skipping
Refreshing native plugins compatible for Editor in 0.77 ms, found 1 plugins.
Preloading 0 native plugins for Editor in 0.00 ms.
Unloading 1821 Unused Serialized files (Serialized files now loaded: 0)
System memory in use before: 87.5 MB.
System memory in use after: 87.5 MB.

Unloading 12 unused Assets to reduce memory usage. Loaded Objects now: 2407.
Total: 2.872600 ms (FindLiveObjects: 0.355700 ms CreateObjectMapping: 0.112200 ms MarkObjects: 2.300800 ms  DeleteObjects: 0.102600 ms)

========================================================================
Received Prepare
Registering precompiled user dll's ...
Registered in 0.000659 seconds.
Begin MonoManager ReloadAssembly
Native extension for WindowsStandalone target not found
Native extension for WebGL target not found
Refreshing native plugins compatible for Editor in 0.60 ms, found 1 plugins.
Preloading 0 native plugins for Editor in 0.00 ms.
Invoked RoslynAnalysisRunner static constructor.
RoslynAnalysisRunner will not be running.
RoslynAnalysisRunner has terminated.
Mono: successfully reloaded assembly
- Completed reload, in  0.709 seconds
Platform modules already initialized, skipping
Refreshing native plugins compatible for Editor in 0.75 ms, found 1 plugins.
Preloading 0 native plugins for Editor in 0.00 ms.
Unloading 1821 Unused Serialized files (Serialized files now loaded: 0)
System memory in use before: 87.7 MB.
System memory in use after: 87.7 MB.

Unloading 12 unused Assets to reduce memory usage. Loaded Objects now: 2410.
Total: 2.447000 ms (FindLiveObjects: 0.310400 ms CreateObjectMapping: 0.078800 ms MarkObjects: 1.938500 ms  DeleteObjects: 0.118500 ms)

AssetImportWorkerClient::OnTransportError - code=2 error=End of file
