Using pre-set license
Built from '2020.2/release' branch; Version is '2020.2.0f1 (3721df5a8b28) revision 3613151'; Using compiler version '192528614'; Build Type 'Release'
OS: 'Windows 10  (10.0.0) 64bit' Language: 'fr' Physical Memory: 31998 MB
BatchMode: 1, IsHumanControllingUs: 0, StartBugReporterOnCrash: 0, Is64bit: 1, IsPro: 0

 COMMAND LINE ARGUMENTS:
C:\Program Files\Unity\Hub\Editor\2020.2.0f1\Editor\Unity.exe
-adb2
-batchMode
-noUpm
-name
AssetImportWorker0
-projectPath
D:/ETNA/IDV4GAMING/1-tilemap_et_collisions/IDV4_Etape_0
-logFile
Logs/AssetImportWorker0.log
-srvPort
51432
Successfully changed project path to: D:/ETNA/IDV4GAMING/1-tilemap_et_collisions/IDV4_Etape_0
D:/ETNA/IDV4GAMING/1-tilemap_et_collisions/IDV4_Etape_0
Using Asset Import Pipeline V2.
Refreshing native plugins compatible for Editor in 65.43 ms, found 1 plugins.
Preloading 0 native plugins for Editor in 0.00 ms.
Initialize engine version: 2020.2.0f1 (3721df5a8b28)
[Subsystems] Discovering subsystems at path C:/Program Files/Unity/Hub/Editor/2020.2.0f1/Editor/Data/Resources/UnitySubsystems
[Subsystems] Discovering subsystems at path D:/ETNA/IDV4GAMING/1-tilemap_et_collisions/IDV4_Etape_0/Assets
GfxDevice: creating device client; threaded=0
Direct3D:
    Version:  Direct3D 11.0 [level 11.1]
    Renderer: AMD Radeon (TM) Graphics (ID=0x1681)
    Vendor:   
    VRAM:     15999 MB
    Driver:   31.0.12044.3
Initialize mono
Mono path[0] = 'C:/Program Files/Unity/Hub/Editor/2020.2.0f1/Editor/Data/Managed'
Mono path[1] = 'C:/Program Files/Unity/Hub/Editor/2020.2.0f1/Editor/Data/MonoBleedingEdge/lib/mono/unityjit'
Mono config path = 'C:/Program Files/Unity/Hub/Editor/2020.2.0f1/Editor/Data/MonoBleedingEdge/etc'
Using monoOptions --debugger-agent=transport=dt_socket,embedding=1,server=y,suspend=n,address=127.0.0.1:56760
Begin MonoManager ReloadAssembly
Registering precompiled unity dll's ...
Register platform support module: C:/Program Files/Unity/Hub/Editor/2020.2.0f1/Editor/Data/PlaybackEngines/WebGLSupport/UnityEditor.WebGL.Extensions.dll
Register platform support module: C:/Program Files/Unity/Hub/Editor/2020.2.0f1/Editor/Data/PlaybackEngines/WindowsStandaloneSupport/UnityEditor.WindowsStandalone.Extensions.dll
Registered in 0.002194 seconds.
Native extension for WindowsStandalone target not found
Native extension for WebGL target not found
Refreshing native plugins compatible for Editor in 39.45 ms, found 1 plugins.
Preloading 0 native plugins for Editor in 0.00 ms.
Invoked RoslynAnalysisRunner static constructor.
RoslynAnalysisRunner will not be running.
RoslynAnalysisRunner has terminated.
Mono: successfully reloaded assembly
- Completed reload, in  3.344 seconds
Platform modules already initialized, skipping
Registering precompiled user dll's ...
Registered in 0.000879 seconds.
Begin MonoManager ReloadAssembly
Native extension for WindowsStandalone target not found
Native extension for WebGL target not found
Refreshing native plugins compatible for Editor in 37.21 ms, found 1 plugins.
Preloading 0 native plugins for Editor in 0.00 ms.
Invoked RoslynAnalysisRunner static constructor.
RoslynAnalysisRunner will not be running.
RoslynAnalysisRunner has terminated.
Mono: successfully reloaded assembly
- Completed reload, in  0.929 seconds
Platform modules already initialized, skipping
========================================================================
Worker process is ready to serve import requests
Launched and connected shader compiler UnityShaderCompiler.exe after 0.06 seconds
Refreshing native plugins compatible for Editor in 0.63 ms, found 1 plugins.
Preloading 0 native plugins for Editor in 0.00 ms.
Unloading 1817 Unused Serialized files (Serialized files now loaded: 0)
System memory in use before: 86.4 MB.
System memory in use after: 86.4 MB.

Unloading 24 unused Assets to reduce memory usage. Loaded Objects now: 2259.
Total: 3.943500 ms (FindLiveObjects: 0.410200 ms CreateObjectMapping: 0.107200 ms MarkObjects: 3.280300 ms  DeleteObjects: 0.144000 ms)

========================================================================
Received Import Request.
  path: Assets/View/Common/Prefabs/Plants/Grass_M.prefab
  artifactKey: Guid(345a3ce84fcda214c924b78c16323af6) Importer(815301076,1909f56bfc062723c751e8b465ee728b)
Start importing Assets/View/Common/Prefabs/Plants/Grass_M.prefab using Guid(345a3ce84fcda214c924b78c16323af6) Importer(815301076,1909f56bfc062723c751e8b465ee728b)  -> (artifact id: '6b474b9c0f44016ce84a412e28a1b785') in 0.128143 seconds
  Import took 0.131836 seconds .

========================================================================
Received Import Request.
  Time since last request: 0.000517 seconds.
  path: Assets/View/Common/Prefabs/Plants/Tree_2.prefab
  artifactKey: Guid(490f08fdb2471a641a0377d9d6ff32f8) Importer(815301076,1909f56bfc062723c751e8b465ee728b)
Start importing Assets/View/Common/Prefabs/Plants/Tree_2.prefab using Guid(490f08fdb2471a641a0377d9d6ff32f8) Importer(815301076,1909f56bfc062723c751e8b465ee728b)  -> (artifact id: '8a050b96d260f27ba64ed97b8dd09838') in 0.023425 seconds
  Import took 0.026810 seconds .

========================================================================
Received Import Request.
  Time since last request: 0.000220 seconds.
  path: Assets/View/Common/Prefabs/Plants/Grass_L.prefab
  artifactKey: Guid(228a30970a0717f4489c3eeb5d438d7f) Importer(815301076,1909f56bfc062723c751e8b465ee728b)
Start importing Assets/View/Common/Prefabs/Plants/Grass_L.prefab using Guid(228a30970a0717f4489c3eeb5d438d7f) Importer(815301076,1909f56bfc062723c751e8b465ee728b)  -> (artifact id: 'aea9e7e7115611363146f250fe7eae07') in 0.011036 seconds
  Import took 0.014453 seconds .

========================================================================
Received Import Request.
  Time since last request: 0.000392 seconds.
  path: Assets/View/Common/Prefabs/Plants/Grass_K.prefab
  artifactKey: Guid(0464b27dcf0779545b3b0c0f6b2aae57) Importer(815301076,1909f56bfc062723c751e8b465ee728b)
Start importing Assets/View/Common/Prefabs/Plants/Grass_K.prefab using Guid(0464b27dcf0779545b3b0c0f6b2aae57) Importer(815301076,1909f56bfc062723c751e8b465ee728b)  -> (artifact id: '9901f882f0f382842ab0eee052db6250') in 0.010392 seconds
  Import took 0.014043 seconds .

========================================================================
Received Import Request.
  Time since last request: 0.000210 seconds.
  path: Assets/View/Common/Prefabs/Plants/Bush_4.prefab
  artifactKey: Guid(c9c85eef1a666c943a56da3c22daebfe) Importer(815301076,1909f56bfc062723c751e8b465ee728b)
Start importing Assets/View/Common/Prefabs/Plants/Bush_4.prefab using Guid(c9c85eef1a666c943a56da3c22daebfe) Importer(815301076,1909f56bfc062723c751e8b465ee728b)  -> (artifact id: '618d21b77db2af0778ef7c8d95633570') in 0.011191 seconds
  Import took 0.015448 seconds .

========================================================================
Received Import Request.
  Time since last request: 0.000240 seconds.
  path: Assets/View/Common/Prefabs/Plants/Grass_D.prefab
  artifactKey: Guid(7e2776a68157ddf46bbe18e1236d76ac) Importer(815301076,1909f56bfc062723c751e8b465ee728b)
Start importing Assets/View/Common/Prefabs/Plants/Grass_D.prefab using Guid(7e2776a68157ddf46bbe18e1236d76ac) Importer(815301076,1909f56bfc062723c751e8b465ee728b)  -> (artifact id: '1a8286fda67dda11b81398bd68772136') in 0.010302 seconds
  Import took 0.015525 seconds .

========================================================================
Received Import Request.
  Time since last request: 0.000342 seconds.
  path: Assets/View/Common/Prefabs/Plants/Tree_1.prefab
  artifactKey: Guid(7d483f88fbc953949ae7665ed6fff01b) Importer(815301076,1909f56bfc062723c751e8b465ee728b)
Start importing Assets/View/Common/Prefabs/Plants/Tree_1.prefab using Guid(7d483f88fbc953949ae7665ed6fff01b) Importer(815301076,1909f56bfc062723c751e8b465ee728b)  -> (artifact id: 'd9b711d6bb71f36b0d6e83606ba4a0c4') in 0.012811 seconds
  Import took 0.016944 seconds .

========================================================================
Received Import Request.
  Time since last request: 0.000243 seconds.
  path: Assets/View/Common/Prefabs/Plants/Bush_3.prefab
  artifactKey: Guid(760943462b0a25a45a6e4527f241875e) Importer(815301076,1909f56bfc062723c751e8b465ee728b)
Start importing Assets/View/Common/Prefabs/Plants/Bush_3.prefab using Guid(760943462b0a25a45a6e4527f241875e) Importer(815301076,1909f56bfc062723c751e8b465ee728b)  -> (artifact id: '29441a698bd919b07783627ec08f9b79') in 0.009251 seconds
  Import took 0.014017 seconds .

========================================================================
Received Import Request.
  Time since last request: 0.000291 seconds.
  path: Assets/View/Common/Prefabs/Plants/Grass_A.prefab
  artifactKey: Guid(a848a2eee4f9bd645bfdf24c67948cc1) Importer(815301076,1909f56bfc062723c751e8b465ee728b)
Start importing Assets/View/Common/Prefabs/Plants/Grass_A.prefab using Guid(a848a2eee4f9bd645bfdf24c67948cc1) Importer(815301076,1909f56bfc062723c751e8b465ee728b)  -> (artifact id: 'caf0e65f2b227fee18b0c4a0b86db8ad') in 0.011838 seconds
  Import took 0.015714 seconds .

========================================================================
Received Import Request.
  Time since last request: 0.000182 seconds.
  path: Assets/View/Common/Prefabs/Plants/Grass_F.prefab
  artifactKey: Guid(ca208d6a21dd98f4da5d37e6e5c422f1) Importer(815301076,1909f56bfc062723c751e8b465ee728b)
Start importing Assets/View/Common/Prefabs/Plants/Grass_F.prefab using Guid(ca208d6a21dd98f4da5d37e6e5c422f1) Importer(815301076,1909f56bfc062723c751e8b465ee728b)  -> (artifact id: 'e35c6635dc845da33a303700da9e72b1') in 0.006950 seconds
  Import took 0.011055 seconds .

========================================================================
Received Import Request.
  Time since last request: 0.000317 seconds.
  path: Assets/View/Common/Prefabs/Plants/Tree_3.prefab
  artifactKey: Guid(1560de49fe848b0499fa7047e1c2cb33) Importer(815301076,1909f56bfc062723c751e8b465ee728b)
Start importing Assets/View/Common/Prefabs/Plants/Tree_3.prefab using Guid(1560de49fe848b0499fa7047e1c2cb33) Importer(815301076,1909f56bfc062723c751e8b465ee728b)  -> (artifact id: 'd839e59a006dac2fdb78156bd4e927fd') in 0.010081 seconds
  Import took 0.013783 seconds .

========================================================================
Received Import Request.
  Time since last request: 0.000272 seconds.
  path: Assets/View/Common/Prefabs/Plants/Bush_1.prefab
  artifactKey: Guid(d69d0950395965540837ffee205cb684) Importer(815301076,1909f56bfc062723c751e8b465ee728b)
Start importing Assets/View/Common/Prefabs/Plants/Bush_1.prefab using Guid(d69d0950395965540837ffee205cb684) Importer(815301076,1909f56bfc062723c751e8b465ee728b)  -> (artifact id: '670ac1cbf55eb352df56bcbe96d4e27a') in 0.008370 seconds
  Import took 0.012034 seconds .

========================================================================
Received Import Request.
  Time since last request: 0.000256 seconds.
  path: Assets/View/Common/Prefabs/Plants/Grass_E.prefab
  artifactKey: Guid(c5ab782b60932ee47a5db666ef873742) Importer(815301076,1909f56bfc062723c751e8b465ee728b)
Start importing Assets/View/Common/Prefabs/Plants/Grass_E.prefab using Guid(c5ab782b60932ee47a5db666ef873742) Importer(815301076,1909f56bfc062723c751e8b465ee728b)  -> (artifact id: '2040701035299fa447123e0b49f5bd24') in 0.007106 seconds
  Import took 0.010747 seconds .

========================================================================
Received Import Request.
  Time since last request: 0.000252 seconds.
  path: Assets/View/Common/Prefabs/Plants/Grass_H.prefab
  artifactKey: Guid(15e3d68489fb4e64888aa7f645de0089) Importer(815301076,1909f56bfc062723c751e8b465ee728b)
Start importing Assets/View/Common/Prefabs/Plants/Grass_H.prefab using Guid(15e3d68489fb4e64888aa7f645de0089) Importer(815301076,1909f56bfc062723c751e8b465ee728b)  -> (artifact id: '23ec64d42561b1fbe306fa02c7cfc889') in 0.010532 seconds
  Import took 0.014081 seconds .

========================================================================
Received Import Request.
  Time since last request: 0.000264 seconds.
  path: Assets/View/Common/Prefabs/Plants/Grass_J.prefab
  artifactKey: Guid(e538d75590b5e72498a60fbc430b17c1) Importer(815301076,1909f56bfc062723c751e8b465ee728b)
Start importing Assets/View/Common/Prefabs/Plants/Grass_J.prefab using Guid(e538d75590b5e72498a60fbc430b17c1) Importer(815301076,1909f56bfc062723c751e8b465ee728b)  -> (artifact id: '695b0808545aa617ca80d34b2ca0f0b5') in 0.008046 seconds
  Import took 0.011289 seconds .

========================================================================
Received Import Request.
  Time since last request: 0.000222 seconds.
  path: Assets/View/Common/Prefabs/Plants/Grass_I.prefab
  artifactKey: Guid(d749ac4cf51edee4688d09ef8136a147) Importer(815301076,1909f56bfc062723c751e8b465ee728b)
Start importing Assets/View/Common/Prefabs/Plants/Grass_I.prefab using Guid(d749ac4cf51edee4688d09ef8136a147) Importer(815301076,1909f56bfc062723c751e8b465ee728b)  -> (artifact id: '1c9cc9b68b67ccfb84d42140e6c84fc6') in 0.008445 seconds
  Import took 0.011978 seconds .

========================================================================
Received Import Request.
  Time since last request: 0.000247 seconds.
  path: Assets/View/Common/Prefabs/Plants/Grass_O.prefab
  artifactKey: Guid(e55030ec890347948b6a9965f12c4d76) Importer(815301076,1909f56bfc062723c751e8b465ee728b)
Start importing Assets/View/Common/Prefabs/Plants/Grass_O.prefab using Guid(e55030ec890347948b6a9965f12c4d76) Importer(815301076,1909f56bfc062723c751e8b465ee728b)  -> (artifact id: 'b81fbc3b4a3927574e1f2e25de7419de') in 0.009297 seconds
  Import took 0.013597 seconds .

========================================================================
Received Import Request.
  Time since last request: 0.000228 seconds.
  path: Assets/View/Common/Prefabs/Plants/Grass_C.prefab
  artifactKey: Guid(607eb3a512791f447b61387bd04d71e5) Importer(815301076,1909f56bfc062723c751e8b465ee728b)
Start importing Assets/View/Common/Prefabs/Plants/Grass_C.prefab using Guid(607eb3a512791f447b61387bd04d71e5) Importer(815301076,1909f56bfc062723c751e8b465ee728b)  -> (artifact id: '509e88218c50bdb2e50c692a6b6cb140') in 0.009474 seconds
  Import took 0.013259 seconds .

========================================================================
Received Import Request.
  Time since last request: 0.000760 seconds.
  path: Assets/View/Common/Prefabs/Plants/Bush_5.prefab
  artifactKey: Guid(810d382bcea2e2e479be3436353fb642) Importer(815301076,1909f56bfc062723c751e8b465ee728b)
Start importing Assets/View/Common/Prefabs/Plants/Bush_5.prefab using Guid(810d382bcea2e2e479be3436353fb642) Importer(815301076,1909f56bfc062723c751e8b465ee728b)  -> (artifact id: '17057510981f360f18eac2999ca9d53b') in 0.009010 seconds
  Import took 0.013431 seconds .

========================================================================
Received Import Request.
  Time since last request: 0.000290 seconds.
  path: Assets/View/Common/Prefabs/Plants/Grass_B.prefab
  artifactKey: Guid(6581392526b736641a437c1ecb4836d1) Importer(815301076,1909f56bfc062723c751e8b465ee728b)
Start importing Assets/View/Common/Prefabs/Plants/Grass_B.prefab using Guid(6581392526b736641a437c1ecb4836d1) Importer(815301076,1909f56bfc062723c751e8b465ee728b)  -> (artifact id: 'b2d1661f33f3438fe4d36302feb47fdb') in 0.009268 seconds
  Import took 0.012951 seconds .

========================================================================
Received Import Request.
  Time since last request: 0.000270 seconds.
  path: Assets/View/Common/Prefabs/Plants/Bush_2.prefab
  artifactKey: Guid(8e02cbd9413e6ce4dbdde8abaf86c343) Importer(815301076,1909f56bfc062723c751e8b465ee728b)
Start importing Assets/View/Common/Prefabs/Plants/Bush_2.prefab using Guid(8e02cbd9413e6ce4dbdde8abaf86c343) Importer(815301076,1909f56bfc062723c751e8b465ee728b)  -> (artifact id: '3c8ff16ba6178c53107d9ae72204759c') in 0.008422 seconds
  Import took 0.011659 seconds .

========================================================================
Received Import Request.
  Time since last request: 0.000466 seconds.
  path: Assets/View/Common/Prefabs/Plants/Grass_G.prefab
  artifactKey: Guid(3a2346ca0a7ec63489711000b2791be7) Importer(815301076,1909f56bfc062723c751e8b465ee728b)
Start importing Assets/View/Common/Prefabs/Plants/Grass_G.prefab using Guid(3a2346ca0a7ec63489711000b2791be7) Importer(815301076,1909f56bfc062723c751e8b465ee728b)  -> (artifact id: '128eeaa45cf8108c08dd0791411e9c4e') in 0.009169 seconds
  Import took 0.013362 seconds .

========================================================================
Received Import Request.
  Time since last request: 0.000212 seconds.
  path: Assets/View/Common/Prefabs/Plants/Grass_N.prefab
  artifactKey: Guid(cf9cf46c5d703984d8d863bd3d6d7e5a) Importer(815301076,1909f56bfc062723c751e8b465ee728b)
Start importing Assets/View/Common/Prefabs/Plants/Grass_N.prefab using Guid(cf9cf46c5d703984d8d863bd3d6d7e5a) Importer(815301076,1909f56bfc062723c751e8b465ee728b)  -> (artifact id: '5d3996d9eea0d469889b2c22ba360856') in 0.007700 seconds
  Import took 0.011833 seconds .

========================================================================
Received Import Request.
  Time since last request: 0.000367 seconds.
  path: Assets/View/Common/Prefabs/Plants
  artifactKey: Guid(e9c54e4e5868be24da681513370af34f) Importer(815301076,1909f56bfc062723c751e8b465ee728b)
Start importing Assets/View/Common/Prefabs/Plants using Guid(e9c54e4e5868be24da681513370af34f) Importer(815301076,1909f56bfc062723c751e8b465ee728b)  -> (artifact id: '325ca05a79577cdd495dce03d8eeb838') in 0.001334 seconds
  Import took 0.003551 seconds .

========================================================================
Received Import Request.
  Time since last request: 0.000292 seconds.
  path: Assets/View/Common/Prefabs/Plants/Bush_6.prefab
  artifactKey: Guid(9784df0c1dbe04248aa52c84c26736b9) Importer(815301076,1909f56bfc062723c751e8b465ee728b)
Start importing Assets/View/Common/Prefabs/Plants/Bush_6.prefab using Guid(9784df0c1dbe04248aa52c84c26736b9) Importer(815301076,1909f56bfc062723c751e8b465ee728b)  -> (artifact id: 'd74c0151fa330fa5527557e257cdc9f8') in 0.008049 seconds
  Import took 0.010850 seconds .

========================================================================
Received Import Request.
  Time since last request: 7.557117 seconds.
  path: Assets/View/Common/Prefabs/Props/Barrel.prefab
  artifactKey: Guid(038395fab6602484fb0b571d6c634d67) Importer(815301076,1909f56bfc062723c751e8b465ee728b)
Start importing Assets/View/Common/Prefabs/Props/Barrel.prefab using Guid(038395fab6602484fb0b571d6c634d67) Importer(815301076,1909f56bfc062723c751e8b465ee728b)  -> (artifact id: '0d342b298e59f24188c49f0112b59cd3') in 0.018429 seconds
  Import took 0.022987 seconds .

========================================================================
Received Import Request.
  Time since last request: 0.000398 seconds.
  path: Assets/View/Common/Prefabs/Props/Spawner.prefab
  artifactKey: Guid(f6ef82c76fefea94faa604fb7911d7ba) Importer(815301076,1909f56bfc062723c751e8b465ee728b)
Start importing Assets/View/Common/Prefabs/Props/Spawner.prefab using Guid(f6ef82c76fefea94faa604fb7911d7ba) Importer(815301076,1909f56bfc062723c751e8b465ee728b)  -> (artifact id: 'f737cb8fd53b6a68b3c53c952967dc19') in 0.012150 seconds
  Import took 0.016398 seconds .

========================================================================
Received Import Request.
  Time since last request: 0.000342 seconds.
  path: Assets/View/Common/Prefabs/Props/Stone_4.prefab
  artifactKey: Guid(29592600e080cf14bb236c69258aefb0) Importer(815301076,1909f56bfc062723c751e8b465ee728b)
Start importing Assets/View/Common/Prefabs/Props/Stone_4.prefab using Guid(29592600e080cf14bb236c69258aefb0) Importer(815301076,1909f56bfc062723c751e8b465ee728b)  -> (artifact id: 'ad4e4959b767e707dd74b07c0227fa51') in 0.009862 seconds
  Import took 0.014701 seconds .

========================================================================
Received Import Request.
  Time since last request: 0.000494 seconds.
  path: Assets/View/Common/Prefabs/Props/Pot_2.prefab
  artifactKey: Guid(7e2c7537f74b75f4a94b60fac0646ad9) Importer(815301076,1909f56bfc062723c751e8b465ee728b)
Start importing Assets/View/Common/Prefabs/Props/Pot_2.prefab using Guid(7e2c7537f74b75f4a94b60fac0646ad9) Importer(815301076,1909f56bfc062723c751e8b465ee728b)  -> (artifact id: '2f31842824cad5467c5a042f0c3b7a13') in 0.009400 seconds
  Import took 0.014084 seconds .

========================================================================
Received Import Request.
  Time since last request: 0.000502 seconds.
  path: Assets/View/Common/Prefabs/Props/Crate_2.prefab
  artifactKey: Guid(04c5f74e8c9e79741a46626e3064d6ad) Importer(815301076,1909f56bfc062723c751e8b465ee728b)
Start importing Assets/View/Common/Prefabs/Props/Crate_2.prefab using Guid(04c5f74e8c9e79741a46626e3064d6ad) Importer(815301076,1909f56bfc062723c751e8b465ee728b)  -> (artifact id: 'b3761142ca523febd0a3770afaeaeff0') in 0.012040 seconds
  Import took 0.017063 seconds .

========================================================================
Received Import Request.
  Time since last request: 0.000280 seconds.
  path: Assets/View/Common/Prefabs/Props/Pillar_1.prefab
  artifactKey: Guid(b9c7548efa59aca4eac8664522ddd522) Importer(815301076,1909f56bfc062723c751e8b465ee728b)
Start importing Assets/View/Common/Prefabs/Props/Pillar_1.prefab using Guid(b9c7548efa59aca4eac8664522ddd522) Importer(815301076,1909f56bfc062723c751e8b465ee728b)  -> (artifact id: '3fdb75fcf39817791aa36fc1e466a200') in 0.010794 seconds
  Import took 0.016031 seconds .

========================================================================
Received Import Request.
  Time since last request: 0.000281 seconds.
  path: Assets/View/Common/Prefabs/Props/Brick_2.prefab
  artifactKey: Guid(a15a4885645904141bae9e5978cc3a36) Importer(815301076,1909f56bfc062723c751e8b465ee728b)
Start importing Assets/View/Common/Prefabs/Props/Brick_2.prefab using Guid(a15a4885645904141bae9e5978cc3a36) Importer(815301076,1909f56bfc062723c751e8b465ee728b)  -> (artifact id: '5ec7e878f3c43fe72499f68313da488b') in 0.009456 seconds
  Import took 0.013565 seconds .

========================================================================
Received Import Request.
  Time since last request: 0.000365 seconds.
  path: Assets/View/Common/Prefabs/Props/Lantern.prefab
  artifactKey: Guid(f91964bd24e2f8f43989338144eaf094) Importer(815301076,1909f56bfc062723c751e8b465ee728b)
Start importing Assets/View/Common/Prefabs/Props/Lantern.prefab using Guid(f91964bd24e2f8f43989338144eaf094) Importer(815301076,1909f56bfc062723c751e8b465ee728b)  -> (artifact id: '1dcedb1aff1fc790db08c83ef70aaa45') in 0.011581 seconds
  Import took 0.015563 seconds .

========================================================================
Received Import Request.
  Time since last request: 0.000295 seconds.
  path: Assets/View/Common/Prefabs/Props/Pillar_2.prefab
  artifactKey: Guid(cdef184f1dcd80a46b792d999a7f19b9) Importer(815301076,1909f56bfc062723c751e8b465ee728b)
Start importing Assets/View/Common/Prefabs/Props/Pillar_2.prefab using Guid(cdef184f1dcd80a46b792d999a7f19b9) Importer(815301076,1909f56bfc062723c751e8b465ee728b)  -> (artifact id: '31829b74c7f59863236d8f82afeaffba') in 0.012770 seconds
  Import took 0.017437 seconds .

========================================================================
Received Import Request.
  Time since last request: 0.000300 seconds.
  path: Assets/View/Common/Prefabs/Props/Chest.prefab
  artifactKey: Guid(34caee74acbdf7c4188cf8427338f8ab) Importer(815301076,1909f56bfc062723c751e8b465ee728b)
Start importing Assets/View/Common/Prefabs/Props/Chest.prefab using Guid(34caee74acbdf7c4188cf8427338f8ab) Importer(815301076,1909f56bfc062723c751e8b465ee728b)  -> (artifact id: '0016abd4cc1cde6c4c874e10095a2cc2') in 0.010257 seconds
  Import took 0.015960 seconds .

========================================================================
Received Import Request.
  Time since last request: 0.000440 seconds.
  path: Assets/View/Common/Prefabs/Props/Stone_3.prefab
  artifactKey: Guid(74fb4a7f81eefe840a74cb7e738d59f5) Importer(815301076,1909f56bfc062723c751e8b465ee728b)
Start importing Assets/View/Common/Prefabs/Props/Stone_3.prefab using Guid(74fb4a7f81eefe840a74cb7e738d59f5) Importer(815301076,1909f56bfc062723c751e8b465ee728b)  -> (artifact id: 'c90ebc4787b6fdec363155c488175639') in 0.010012 seconds
  Import took 0.015315 seconds .

========================================================================
Received Import Request.
  Time since last request: 0.000315 seconds.
  path: Assets/View/Common/Prefabs/Props/Stair_Broken_R.prefab
  artifactKey: Guid(5d89653ecd8dbc24dbb352374c7cfd7f) Importer(815301076,1909f56bfc062723c751e8b465ee728b)
Start importing Assets/View/Common/Prefabs/Props/Stair_Broken_R.prefab using Guid(5d89653ecd8dbc24dbb352374c7cfd7f) Importer(815301076,1909f56bfc062723c751e8b465ee728b)  -> (artifact id: '162a96655e4985b000224538cfad6fcb') in 0.012404 seconds
  Import took 0.017645 seconds .

========================================================================
Received Import Request.
  Time since last request: 0.000315 seconds.
  path: Assets/View/Common/Prefabs/Props/Statue.prefab
  artifactKey: Guid(36a512776f4aa5b49b29650fa8fdf798) Importer(815301076,1909f56bfc062723c751e8b465ee728b)
Start importing Assets/View/Common/Prefabs/Props/Statue.prefab using Guid(36a512776f4aa5b49b29650fa8fdf798) Importer(815301076,1909f56bfc062723c751e8b465ee728b)  -> (artifact id: 'e3b35c2043f957d4ccf52ef735a3a9a3') in 0.010568 seconds
  Import took 0.014856 seconds .

========================================================================
Received Import Request.
  Time since last request: 0.000264 seconds.
  path: Assets/View/Common/Prefabs/Props/Brick_1.prefab
  artifactKey: Guid(5a3cf9f0d60a2d849b88e09f28708a48) Importer(815301076,1909f56bfc062723c751e8b465ee728b)
Start importing Assets/View/Common/Prefabs/Props/Brick_1.prefab using Guid(5a3cf9f0d60a2d849b88e09f28708a48) Importer(815301076,1909f56bfc062723c751e8b465ee728b)  -> (artifact id: '9ba7e42a203af1d5f938defe6383f31c') in 0.010498 seconds
  Import took 0.014990 seconds .

========================================================================
Received Import Request.
  Time since last request: 0.000283 seconds.
  path: Assets/View/Common/Prefabs/Props/Sign_1.prefab
  artifactKey: Guid(9bba88376c3231045b88e72cb46b6258) Importer(815301076,1909f56bfc062723c751e8b465ee728b)
Start importing Assets/View/Common/Prefabs/Props/Sign_1.prefab using Guid(9bba88376c3231045b88e72cb46b6258) Importer(815301076,1909f56bfc062723c751e8b465ee728b)  -> (artifact id: 'fc44dae574ca5c31bffbd0c8b8427d9e') in 0.009213 seconds
  Import took 0.014100 seconds .

========================================================================
Received Import Request.
  Time since last request: 0.000277 seconds.
  path: Assets/View/Common/Prefabs/Props/Stair_Broken_M.prefab
  artifactKey: Guid(7d56ba1a809e01f4e8fcaada50f06a7b) Importer(815301076,1909f56bfc062723c751e8b465ee728b)
Start importing Assets/View/Common/Prefabs/Props/Stair_Broken_M.prefab using Guid(7d56ba1a809e01f4e8fcaada50f06a7b) Importer(815301076,1909f56bfc062723c751e8b465ee728b)  -> (artifact id: '213f2d71cb96fd95c6ba10fa73f573b9') in 0.014030 seconds
  Import took 0.019159 seconds .

========================================================================
Received Import Request.
  Time since last request: 0.000347 seconds.
  path: Assets/View/Common/Prefabs/Props/Pillar_3.prefab
  artifactKey: Guid(d6b826d29106888448ba5a1c23e260c8) Importer(815301076,1909f56bfc062723c751e8b465ee728b)
Start importing Assets/View/Common/Prefabs/Props/Pillar_3.prefab using Guid(d6b826d29106888448ba5a1c23e260c8) Importer(815301076,1909f56bfc062723c751e8b465ee728b)  -> (artifact id: 'a7592e8d22969e6e004e6465b0775fe8') in 0.009923 seconds
  Import took 0.013767 seconds .

========================================================================
Received Import Request.
  Time since last request: 0.000380 seconds.
  path: Assets/View/Common/Prefabs/Props/Pot_3.prefab
  artifactKey: Guid(7d23f4dbef1195e4395aa294c9e2a96b) Importer(815301076,1909f56bfc062723c751e8b465ee728b)
Start importing Assets/View/Common/Prefabs/Props/Pot_3.prefab using Guid(7d23f4dbef1195e4395aa294c9e2a96b) Importer(815301076,1909f56bfc062723c751e8b465ee728b)  -> (artifact id: '148718878afb5f8a83f036378906ef41') in 0.010766 seconds
  Import took 0.014979 seconds .

========================================================================
Received Import Request.
  Time since last request: 0.000298 seconds.
  path: Assets/View/Common/Prefabs/Props/Stair_L.prefab
  artifactKey: Guid(9ba532016bc88a7468e57edd9841cb37) Importer(815301076,1909f56bfc062723c751e8b465ee728b)
Start importing Assets/View/Common/Prefabs/Props/Stair_L.prefab using Guid(9ba532016bc88a7468e57edd9841cb37) Importer(815301076,1909f56bfc062723c751e8b465ee728b)  -> (artifact id: '5fd5e76a5ac6fa0a82066630bf34a854') in 0.011031 seconds
  Import took 0.016157 seconds .

========================================================================
Received Import Request.
  Time since last request: 0.000266 seconds.
  path: Assets/View/Common/Prefabs/Props/Rune_Pillar_1.prefab
  artifactKey: Guid(64e1bf7953dd69e4a8010a3690c2f55f) Importer(815301076,1909f56bfc062723c751e8b465ee728b)
Start importing Assets/View/Common/Prefabs/Props/Rune_Pillar_1.prefab using Guid(64e1bf7953dd69e4a8010a3690c2f55f) Importer(815301076,1909f56bfc062723c751e8b465ee728b)  -> (artifact id: '92c271e0c4234aa915946bee61be3ec6') in 0.012906 seconds
  Import took 0.017811 seconds .

========================================================================
Received Import Request.
  Time since last request: 0.000259 seconds.
  path: Assets/View/Common/Prefabs/Props/Stone_6.prefab
  artifactKey: Guid(a338267d99f05504990efd672ce7f635) Importer(815301076,1909f56bfc062723c751e8b465ee728b)
Start importing Assets/View/Common/Prefabs/Props/Stone_6.prefab using Guid(a338267d99f05504990efd672ce7f635) Importer(815301076,1909f56bfc062723c751e8b465ee728b)  -> (artifact id: 'f5934225386655e62625c87c2d0e442d') in 0.009809 seconds
  Import took 0.013762 seconds .

========================================================================
Received Import Request.
  Time since last request: 0.000219 seconds.
  path: Assets/View/Common/Prefabs/Props/Stone_7.prefab
  artifactKey: Guid(db5c10aff2165a049b117c4de67e6e31) Importer(815301076,1909f56bfc062723c751e8b465ee728b)
Start importing Assets/View/Common/Prefabs/Props/Stone_7.prefab using Guid(db5c10aff2165a049b117c4de67e6e31) Importer(815301076,1909f56bfc062723c751e8b465ee728b)  -> (artifact id: '5add8e51f570b1af6e9f19b4b58879b6') in 0.012072 seconds
  Import took 0.016015 seconds .

========================================================================
Received Import Request.
  Time since last request: 0.000261 seconds.
  path: Assets/View/Common/Prefabs/Props/Stair_R.prefab
  artifactKey: Guid(cd47f86ae416cc2498a36fe51fbca0a0) Importer(815301076,1909f56bfc062723c751e8b465ee728b)
Start importing Assets/View/Common/Prefabs/Props/Stair_R.prefab using Guid(cd47f86ae416cc2498a36fe51fbca0a0) Importer(815301076,1909f56bfc062723c751e8b465ee728b)  -> (artifact id: '35adc8858accdfa0e06a7014951db24d') in 0.012694 seconds
  Import took 0.017951 seconds .

========================================================================
Received Import Request.
  Time since last request: 0.000240 seconds.
  path: Assets/View/Common/Prefabs/Props/Pot_1.prefab
  artifactKey: Guid(00eeca47f3bd213409e0f05e1599c779) Importer(815301076,1909f56bfc062723c751e8b465ee728b)
Start importing Assets/View/Common/Prefabs/Props/Pot_1.prefab using Guid(00eeca47f3bd213409e0f05e1599c779) Importer(815301076,1909f56bfc062723c751e8b465ee728b)  -> (artifact id: 'fbff3c5eed922991364f28d31fcaca23') in 0.009109 seconds
  Import took 0.012774 seconds .

========================================================================
Received Import Request.
  Time since last request: 0.000371 seconds.
  path: Assets/View/Common/Prefabs/Props/Cube.prefab
  artifactKey: Guid(e1e5dbda8e88a17459730506892d1501) Importer(815301076,1909f56bfc062723c751e8b465ee728b)
Start importing Assets/View/Common/Prefabs/Props/Cube.prefab using Guid(e1e5dbda8e88a17459730506892d1501) Importer(815301076,1909f56bfc062723c751e8b465ee728b)  -> (artifact id: '24f5b6e657b25b1a174283d68de71838') in 0.009951 seconds
  Import took 0.014842 seconds .

========================================================================
Received Import Request.
  Time since last request: 0.000364 seconds.
  path: Assets/View/Common/Prefabs/Props/Stone_5.prefab
  artifactKey: Guid(19d337caa0bc7e74fa9a8f5243917bcf) Importer(815301076,1909f56bfc062723c751e8b465ee728b)
Start importing Assets/View/Common/Prefabs/Props/Stone_5.prefab using Guid(19d337caa0bc7e74fa9a8f5243917bcf) Importer(815301076,1909f56bfc062723c751e8b465ee728b)  -> (artifact id: '91c8349e34842d825281445d78bf9a1c') in 0.012736 seconds
  Import took 0.017689 seconds .

========================================================================
Received Import Request.
  Time since last request: 0.000262 seconds.
  path: Assets/View/Common/Prefabs/Props/Rune_Pillar_2.prefab
  artifactKey: Guid(336f761a1f1d64f4192d1f8419447294) Importer(815301076,1909f56bfc062723c751e8b465ee728b)
Start importing Assets/View/Common/Prefabs/Props/Rune_Pillar_2.prefab using Guid(336f761a1f1d64f4192d1f8419447294) Importer(815301076,1909f56bfc062723c751e8b465ee728b)  -> (artifact id: 'efe131fa2f77e133eaf5986b1b940950') in 0.010695 seconds
  Import took 0.015237 seconds .

========================================================================
Received Import Request.
  Time since last request: 0.000221 seconds.
  path: Assets/View/Common/Prefabs/Props/Stair_Broken_L.prefab
  artifactKey: Guid(7017b7e14cedb764a845bd0ce5e3f209) Importer(815301076,1909f56bfc062723c751e8b465ee728b)
Start importing Assets/View/Common/Prefabs/Props/Stair_Broken_L.prefab using Guid(7017b7e14cedb764a845bd0ce5e3f209) Importer(815301076,1909f56bfc062723c751e8b465ee728b)  -> (artifact id: '208fa2882b67965114b2b8d1f14665b9') in 0.012022 seconds
  Import took 0.016825 seconds .

========================================================================
Received Import Request.
  Time since last request: 0.000231 seconds.
  path: Assets/View/Common/Prefabs/Props/Stone_2.prefab
  artifactKey: Guid(75530a31a102ac9489a881715f5737c7) Importer(815301076,1909f56bfc062723c751e8b465ee728b)
Start importing Assets/View/Common/Prefabs/Props/Stone_2.prefab using Guid(75530a31a102ac9489a881715f5737c7) Importer(815301076,1909f56bfc062723c751e8b465ee728b)  -> (artifact id: '024d72f238a71d021b63268be545ffc2') in 0.012358 seconds
  Import took 0.017074 seconds .

========================================================================
Received Import Request.
  Time since last request: 0.000321 seconds.
  path: Assets/View/Common/Prefabs/Props/Gate_1.prefab
  artifactKey: Guid(50c4666e5cea25c4f98e163194619429) Importer(815301076,1909f56bfc062723c751e8b465ee728b)
Start importing Assets/View/Common/Prefabs/Props/Gate_1.prefab using Guid(50c4666e5cea25c4f98e163194619429) Importer(815301076,1909f56bfc062723c751e8b465ee728b)  -> (artifact id: '06ced24a436b77ee9d41072037831a70') in 0.011081 seconds
  Import took 0.015334 seconds .

========================================================================
Received Import Request.
  Time since last request: 0.000261 seconds.
  path: Assets/View/Common/Prefabs/Props/Coffin.prefab
  artifactKey: Guid(ff383dff93fa4414dbeda28b11cd7495) Importer(815301076,1909f56bfc062723c751e8b465ee728b)
Start importing Assets/View/Common/Prefabs/Props/Coffin.prefab using Guid(ff383dff93fa4414dbeda28b11cd7495) Importer(815301076,1909f56bfc062723c751e8b465ee728b)  -> (artifact id: 'f8e408fdc95459a839c1baf82d71c236') in 0.009597 seconds
  Import took 0.014074 seconds .

========================================================================
Received Import Request.
  Time since last request: 0.000416 seconds.
  path: Assets/View/Common/Prefabs/Props/Stair_M.prefab
  artifactKey: Guid(a9da175092b960641974bf6eedc22ae2) Importer(815301076,1909f56bfc062723c751e8b465ee728b)
Start importing Assets/View/Common/Prefabs/Props/Stair_M.prefab using Guid(a9da175092b960641974bf6eedc22ae2) Importer(815301076,1909f56bfc062723c751e8b465ee728b)  -> (artifact id: '0846e04ccb06775ae00c7fcd7b25ce5e') in 0.010932 seconds
  Import took 0.015686 seconds .

========================================================================
Received Import Request.
  Time since last request: 0.000250 seconds.
  path: Assets/View/Common/Prefabs/Props/Stone_1.prefab
  artifactKey: Guid(4098ed2cac7edb24890f5f0a297df6af) Importer(815301076,1909f56bfc062723c751e8b465ee728b)
Start importing Assets/View/Common/Prefabs/Props/Stone_1.prefab using Guid(4098ed2cac7edb24890f5f0a297df6af) Importer(815301076,1909f56bfc062723c751e8b465ee728b)  -> (artifact id: '1d1175da0fa7993c76678448867dfe80') in 0.009948 seconds
  Import took 0.014495 seconds .

========================================================================
Received Import Request.
  Time since last request: 0.000304 seconds.
  path: Assets/View/Common/Prefabs/Props/Brick_3.prefab
  artifactKey: Guid(8228f127284958040b620aec316225a1) Importer(815301076,1909f56bfc062723c751e8b465ee728b)
Start importing Assets/View/Common/Prefabs/Props/Brick_3.prefab using Guid(8228f127284958040b620aec316225a1) Importer(815301076,1909f56bfc062723c751e8b465ee728b)  -> (artifact id: 'ee53d24693a229c7c0b0aa345dc90c41') in 0.009416 seconds
  Import took 0.014901 seconds .

========================================================================
Received Import Request.
  Time since last request: 0.000268 seconds.
  path: Assets/View/Common/Prefabs/Props/Gate_2.prefab
  artifactKey: Guid(1b4a99e4f6a23ac42aef2eb1c937376d) Importer(815301076,1909f56bfc062723c751e8b465ee728b)
Start importing Assets/View/Common/Prefabs/Props/Gate_2.prefab using Guid(1b4a99e4f6a23ac42aef2eb1c937376d) Importer(815301076,1909f56bfc062723c751e8b465ee728b)  -> (artifact id: 'f2b63f242e7361bce93a274bf1f860d8') in 0.011976 seconds
  Import took 0.016670 seconds .

========================================================================
Received Import Request.
  Time since last request: 0.000252 seconds.
  path: Assets/View/Common/Prefabs/Props/Sign_2.prefab
  artifactKey: Guid(c372deb3acc36d048a634b02e0a156eb) Importer(815301076,1909f56bfc062723c751e8b465ee728b)
Start importing Assets/View/Common/Prefabs/Props/Sign_2.prefab using Guid(c372deb3acc36d048a634b02e0a156eb) Importer(815301076,1909f56bfc062723c751e8b465ee728b)  -> (artifact id: '5e318d18ef8f36921d6bcf43ba5b440c') in 0.011028 seconds
  Import took 0.015295 seconds .

========================================================================
Received Import Request.
  Time since last request: 0.000308 seconds.
  path: Assets/View/Common/Prefabs/Props/Crate_1.prefab
  artifactKey: Guid(79109013452384d44880f4e8334ccd1b) Importer(815301076,1909f56bfc062723c751e8b465ee728b)
Start importing Assets/View/Common/Prefabs/Props/Crate_1.prefab using Guid(79109013452384d44880f4e8334ccd1b) Importer(815301076,1909f56bfc062723c751e8b465ee728b)  -> (artifact id: 'e416e41d71d0cae87dab3cfe1e11111c') in 0.011652 seconds
  Import took 0.016317 seconds .

========================================================================
Received Import Request.
  Time since last request: 1.118879 seconds.
  path: Assets/View/Common/Prefabs/Props/Well.prefab
  artifactKey: Guid(e927daab04300c24f902fe8c39447207) Importer(815301076,1909f56bfc062723c751e8b465ee728b)
Start importing Assets/View/Common/Prefabs/Props/Well.prefab using Guid(e927daab04300c24f902fe8c39447207) Importer(815301076,1909f56bfc062723c751e8b465ee728b)  -> (artifact id: '7e4f8d015154340c99752f6479d14907') in 0.017505 seconds
  Import took 0.023638 seconds .

========================================================================
Received Import Request.
  Time since last request: 0.000343 seconds.
  path: Assets/View/Common/Prefabs/Props/Wooden_Gate_2.prefab
  artifactKey: Guid(915fea4e6dd7e9246af2a9c9275bb6d2) Importer(815301076,1909f56bfc062723c751e8b465ee728b)
Start importing Assets/View/Common/Prefabs/Props/Wooden_Gate_2.prefab using Guid(915fea4e6dd7e9246af2a9c9275bb6d2) Importer(815301076,1909f56bfc062723c751e8b465ee728b)  -> (artifact id: 'cda1a72738fb89383be956d0c3ebd63e') in 0.011458 seconds
  Import took 0.015772 seconds .

========================================================================
Received Import Request.
  Time since last request: 0.000250 seconds.
  path: Assets/View/Common/Prefabs/Props/Wooden_Gate_1.prefab
  artifactKey: Guid(0c90dc983e3f76a4d834b64a63d812cf) Importer(815301076,1909f56bfc062723c751e8b465ee728b)
Start importing Assets/View/Common/Prefabs/Props/Wooden_Gate_1.prefab using Guid(0c90dc983e3f76a4d834b64a63d812cf) Importer(815301076,1909f56bfc062723c751e8b465ee728b)  -> (artifact id: '7cb9d9eb58cce26906477a6ecbdc06bc') in 0.011281 seconds
  Import took 0.015423 seconds .

========================================================================
Received Import Request.
  Time since last request: 100.113709 seconds.
  path: Assets/View/Common/Resources/TP Wall
  artifactKey: Guid(ff9a5e63c802abe4db893e252092b311) Importer(815301076,1909f56bfc062723c751e8b465ee728b)
Start importing Assets/View/Common/Resources/TP Wall using Guid(ff9a5e63c802abe4db893e252092b311) Importer(815301076,1909f56bfc062723c751e8b465ee728b)  -> (artifact id: '7eccd103f7d49516831bc0f641492133') in 0.007671 seconds
  Import took 0.012541 seconds .

========================================================================
Received Import Request.
  Time since last request: 15.604016 seconds.
  path: Assets/View/Common/Resources/Preset
  artifactKey: Guid(a42836f0a4482b849991c0960f6cbfc0) Importer(815301076,1909f56bfc062723c751e8b465ee728b)
Start importing Assets/View/Common/Resources/Preset using Guid(a42836f0a4482b849991c0960f6cbfc0) Importer(815301076,1909f56bfc062723c751e8b465ee728b)  -> (artifact id: 'c82884a5449b0445741e7e754edb5924') in 0.001442 seconds
  Import took 0.005633 seconds .

========================================================================
Received Import Request.
  Time since last request: 0.883541 seconds.
  path: Assets/View/Common/Resources/Preset/Tags _ Layers - Pixel Art Top Down - Basic.preset
  artifactKey: Guid(e92f6563341db28479ba3c84ef13b7da) Importer(815301076,1909f56bfc062723c751e8b465ee728b)
Start importing Assets/View/Common/Resources/Preset/Tags _ Layers - Pixel Art Top Down - Basic.preset using Guid(e92f6563341db28479ba3c84ef13b7da) Importer(815301076,1909f56bfc062723c751e8b465ee728b)  -> (artifact id: '06f39551135257a5a334fbf19b1c20e0') in 0.005500 seconds
  Import took 0.009677 seconds .

========================================================================
Received Prepare
Registering precompiled user dll's ...
Registered in 0.001574 seconds.
Begin MonoManager ReloadAssembly
Native extension for WindowsStandalone target not found
Native extension for WebGL target not found
Refreshing native plugins compatible for Editor in 1.23 ms, found 1 plugins.
Preloading 0 native plugins for Editor in 0.00 ms.
Invoked RoslynAnalysisRunner static constructor.
RoslynAnalysisRunner will not be running.
RoslynAnalysisRunner has terminated.
Mono: successfully reloaded assembly
- Completed reload, in  1.670 seconds
Platform modules already initialized, skipping
Refreshing native plugins compatible for Editor in 1.33 ms, found 1 plugins.
Preloading 0 native plugins for Editor in 0.00 ms.
Unloading 1797 Unused Serialized files (Serialized files now loaded: 0)
System memory in use before: 88.8 MB.
System memory in use after: 88.8 MB.

Unloading 12 unused Assets to reduce memory usage. Loaded Objects now: 2269.
Total: 4.908900 ms (FindLiveObjects: 0.503100 ms CreateObjectMapping: 0.080800 ms MarkObjects: 4.164000 ms  DeleteObjects: 0.159300 ms)

========================================================================
Received Import Request.
  Time since last request: 966.841070 seconds.
  path: Assets/Scenes/Level-1-1.unity
  artifactKey: Guid(a59f1fb3cb43ac646a75fb7dd45b4113) Importer(815301076,1909f56bfc062723c751e8b465ee728b)
Start importing Assets/Scenes/Level-1-1.unity using Guid(a59f1fb3cb43ac646a75fb7dd45b4113) Importer(815301076,1909f56bfc062723c751e8b465ee728b)  -> (artifact id: 'c405530a80f7b9a60cdc95e0e4b4a9d0') in 0.015983 seconds
  Import took 0.026912 seconds .

========================================================================
Received Prepare
Registering precompiled user dll's ...
Registered in 0.001313 seconds.
Begin MonoManager ReloadAssembly
Native extension for WindowsStandalone target not found
Native extension for WebGL target not found
Refreshing native plugins compatible for Editor in 0.67 ms, found 1 plugins.
Preloading 0 native plugins for Editor in 0.00 ms.
Invoked RoslynAnalysisRunner static constructor.
RoslynAnalysisRunner will not be running.
RoslynAnalysisRunner has terminated.
Mono: successfully reloaded assembly
- Completed reload, in  1.156 seconds
Platform modules already initialized, skipping
Refreshing native plugins compatible for Editor in 0.69 ms, found 1 plugins.
Preloading 0 native plugins for Editor in 0.00 ms.
Unloading 1797 Unused Serialized files (Serialized files now loaded: 0)
System memory in use before: 89.1 MB.
System memory in use after: 89.1 MB.

Unloading 12 unused Assets to reduce memory usage. Loaded Objects now: 2272.
Total: 3.547800 ms (FindLiveObjects: 0.602500 ms CreateObjectMapping: 0.100400 ms MarkObjects: 2.659600 ms  DeleteObjects: 0.183200 ms)

========================================================================
Received Import Request.
  Time since last request: 484.297498 seconds.
  path: Assets/Scenes/Level-1-1.unity
  artifactKey: Guid(a59f1fb3cb43ac646a75fb7dd45b4113) Importer(815301076,1909f56bfc062723c751e8b465ee728b)
Start importing Assets/Scenes/Level-1-1.unity using Guid(a59f1fb3cb43ac646a75fb7dd45b4113) Importer(815301076,1909f56bfc062723c751e8b465ee728b)  -> (artifact id: 'aa5c419df98f474aa7b66787ceb463ad') in 0.015700 seconds
  Import took 0.020308 seconds .

========================================================================
Received Import Request.
  Time since last request: 0.000788 seconds.
  path: Assets/Scenes/Level-1-1.unity
  artifactKey: Guid(a59f1fb3cb43ac646a75fb7dd45b4113) Importer(815301076,1909f56bfc062723c751e8b465ee728b)
Start importing Assets/Scenes/Level-1-1.unity using Guid(a59f1fb3cb43ac646a75fb7dd45b4113) Importer(815301076,1909f56bfc062723c751e8b465ee728b)  -> (artifact id: 'aa5c419df98f474aa7b66787ceb463ad') in 0.001910 seconds
  Import took 0.005423 seconds .

========================================================================
Received Prepare
Registering precompiled user dll's ...
Registered in 0.000973 seconds.
Begin MonoManager ReloadAssembly
Native extension for WindowsStandalone target not found
Native extension for WebGL target not found
Refreshing native plugins compatible for Editor in 0.65 ms, found 1 plugins.
Preloading 0 native plugins for Editor in 0.00 ms.
Invoked RoslynAnalysisRunner static constructor.
RoslynAnalysisRunner will not be running.
RoslynAnalysisRunner has terminated.
Mono: successfully reloaded assembly
- Completed reload, in  1.066 seconds
Platform modules already initialized, skipping
Refreshing native plugins compatible for Editor in 1.01 ms, found 1 plugins.
Preloading 0 native plugins for Editor in 0.00 ms.
Unloading 1797 Unused Serialized files (Serialized files now loaded: 0)
System memory in use before: 89.3 MB.
System memory in use after: 89.3 MB.

Unloading 12 unused Assets to reduce memory usage. Loaded Objects now: 2275.
Total: 3.258900 ms (FindLiveObjects: 0.531500 ms CreateObjectMapping: 0.129300 ms MarkObjects: 2.432800 ms  DeleteObjects: 0.163000 ms)

========================================================================
Received Prepare
Registering precompiled user dll's ...
Registered in 0.001064 seconds.
Begin MonoManager ReloadAssembly
Native extension for WindowsStandalone target not found
Native extension for WebGL target not found
Refreshing native plugins compatible for Editor in 0.79 ms, found 1 plugins.
Preloading 0 native plugins for Editor in 0.00 ms.
Invoked RoslynAnalysisRunner static constructor.
RoslynAnalysisRunner will not be running.
RoslynAnalysisRunner has terminated.
Mono: successfully reloaded assembly
- Completed reload, in  1.367 seconds
Platform modules already initialized, skipping
Refreshing native plugins compatible for Editor in 1.08 ms, found 1 plugins.
Preloading 0 native plugins for Editor in 0.00 ms.
Unloading 1797 Unused Serialized files (Serialized files now loaded: 0)
System memory in use before: 89.5 MB.
System memory in use after: 89.5 MB.

Unloading 12 unused Assets to reduce memory usage. Loaded Objects now: 2278.
Total: 5.244700 ms (FindLiveObjects: 0.553800 ms CreateObjectMapping: 0.115600 ms MarkObjects: 4.374900 ms  DeleteObjects: 0.198600 ms)

========================================================================
Received Import Request.
  Time since last request: 1136.740382 seconds.
  path: Assets/Scenes/Level-1-1.unity
  artifactKey: Guid(a59f1fb3cb43ac646a75fb7dd45b4113) Importer(815301076,1909f56bfc062723c751e8b465ee728b)
Start importing Assets/Scenes/Level-1-1.unity using Guid(a59f1fb3cb43ac646a75fb7dd45b4113) Importer(815301076,1909f56bfc062723c751e8b465ee728b)  -> (artifact id: 'ce7bcb8d8ac12f54b874c393b45606a1') in 0.016107 seconds
  Import took 0.020855 seconds .

========================================================================
Received Import Request.
  Time since last request: 53.515252 seconds.
  path: Assets/View/Common/Prefabs/Props
  artifactKey: Guid(47d2f76b2f8960b4590aee6dc13be92d) Importer(815301076,1909f56bfc062723c751e8b465ee728b)
Start importing Assets/View/Common/Prefabs/Props using Guid(47d2f76b2f8960b4590aee6dc13be92d) Importer(815301076,1909f56bfc062723c751e8b465ee728b)  -> (artifact id: '08cef27b8e2742a8bbbd5861ac8dcdf6') in 0.001554 seconds
  Import took 0.005796 seconds .

========================================================================
Received Import Request.
  Time since last request: 176.248404 seconds.
  path: Assets/Scenes/Level-1-1.unity
  artifactKey: Guid(a59f1fb3cb43ac646a75fb7dd45b4113) Importer(815301076,1909f56bfc062723c751e8b465ee728b)
Start importing Assets/Scenes/Level-1-1.unity using Guid(a59f1fb3cb43ac646a75fb7dd45b4113) Importer(815301076,1909f56bfc062723c751e8b465ee728b)  -> (artifact id: '9f97f8aa098edddf6593004c70c288f4') in 0.001736 seconds
  Import took 0.007571 seconds .

========================================================================
Received Import Request.
  Time since last request: 9.888347 seconds.
  path: Assets/Scenes/Level-1-1.unity
  artifactKey: Guid(a59f1fb3cb43ac646a75fb7dd45b4113) Importer(815301076,1909f56bfc062723c751e8b465ee728b)
Start importing Assets/Scenes/Level-1-1.unity using Guid(a59f1fb3cb43ac646a75fb7dd45b4113) Importer(815301076,1909f56bfc062723c751e8b465ee728b)  -> (artifact id: 'f302b10dad292c47c6fa96440c5a12f2') in 0.001826 seconds
  Import took 0.006383 seconds .

========================================================================
Received Prepare
Registering precompiled user dll's ...
Registered in 0.000864 seconds.
Begin MonoManager ReloadAssembly
Native extension for WindowsStandalone target not found
Native extension for WebGL target not found
Refreshing native plugins compatible for Editor in 0.84 ms, found 1 plugins.
Preloading 0 native plugins for Editor in 0.00 ms.
Invoked RoslynAnalysisRunner static constructor.
RoslynAnalysisRunner will not be running.
RoslynAnalysisRunner has terminated.
Mono: successfully reloaded assembly
- Completed reload, in  1.109 seconds
Platform modules already initialized, skipping
Refreshing native plugins compatible for Editor in 0.99 ms, found 1 plugins.
Preloading 0 native plugins for Editor in 0.00 ms.
Unloading 1797 Unused Serialized files (Serialized files now loaded: 0)
System memory in use before: 89.8 MB.
System memory in use after: 89.7 MB.

Unloading 12 unused Assets to reduce memory usage. Loaded Objects now: 2281.
Total: 3.387900 ms (FindLiveObjects: 0.469800 ms CreateObjectMapping: 0.090300 ms MarkObjects: 2.633900 ms  DeleteObjects: 0.192700 ms)

========================================================================
Received Prepare
Registering precompiled user dll's ...
Registered in 0.000980 seconds.
Begin MonoManager ReloadAssembly
Native extension for WindowsStandalone target not found
Native extension for WebGL target not found
Refreshing native plugins compatible for Editor in 0.81 ms, found 1 plugins.
Preloading 0 native plugins for Editor in 0.00 ms.
Invoked RoslynAnalysisRunner static constructor.
RoslynAnalysisRunner will not be running.
RoslynAnalysisRunner has terminated.
Mono: successfully reloaded assembly
- Completed reload, in  1.231 seconds
Platform modules already initialized, skipping
Refreshing native plugins compatible for Editor in 0.65 ms, found 1 plugins.
Preloading 0 native plugins for Editor in 0.00 ms.
Unloading 1797 Unused Serialized files (Serialized files now loaded: 0)
System memory in use before: 90.0 MB.
System memory in use after: 90.0 MB.

Unloading 12 unused Assets to reduce memory usage. Loaded Objects now: 2284.
Total: 3.886800 ms (FindLiveObjects: 0.317200 ms CreateObjectMapping: 0.099500 ms MarkObjects: 3.307800 ms  DeleteObjects: 0.160700 ms)

========================================================================
Received Import Request.
  Time since last request: 1914.947426 seconds.
  path: Assets/Scenes/Level-1-1.unity
  artifactKey: Guid(a59f1fb3cb43ac646a75fb7dd45b4113) Importer(815301076,1909f56bfc062723c751e8b465ee728b)
Start importing Assets/Scenes/Level-1-1.unity using Guid(a59f1fb3cb43ac646a75fb7dd45b4113) Importer(815301076,1909f56bfc062723c751e8b465ee728b)  -> (artifact id: '512b3edecb43ec13188ab7b5b553a0da') in 0.016074 seconds
  Import took 0.021574 seconds .

========================================================================
Received Import Request.
  Time since last request: 0.000301 seconds.
  path: Assets/Scenes/Level-1-1.unity
  artifactKey: Guid(a59f1fb3cb43ac646a75fb7dd45b4113) Importer(815301076,1909f56bfc062723c751e8b465ee728b)
Start importing Assets/Scenes/Level-1-1.unity using Guid(a59f1fb3cb43ac646a75fb7dd45b4113) Importer(815301076,1909f56bfc062723c751e8b465ee728b)  -> (artifact id: '512b3edecb43ec13188ab7b5b553a0da') in 0.002148 seconds
  Import took 0.006297 seconds .

========================================================================
Received Prepare
Registering precompiled user dll's ...
Registered in 0.000809 seconds.
Begin MonoManager ReloadAssembly
Native extension for WindowsStandalone target not found
Native extension for WebGL target not found
Refreshing native plugins compatible for Editor in 0.71 ms, found 1 plugins.
Preloading 0 native plugins for Editor in 0.00 ms.
Invoked RoslynAnalysisRunner static constructor.
RoslynAnalysisRunner will not be running.
RoslynAnalysisRunner has terminated.
Mono: successfully reloaded assembly
- Completed reload, in  0.805 seconds
Platform modules already initialized, skipping
Refreshing native plugins compatible for Editor in 0.56 ms, found 1 plugins.
Preloading 0 native plugins for Editor in 0.00 ms.
Unloading 1797 Unused Serialized files (Serialized files now loaded: 0)
System memory in use before: 90.2 MB.
System memory in use after: 90.2 MB.

Unloading 12 unused Assets to reduce memory usage. Loaded Objects now: 2287.
Total: 2.463900 ms (FindLiveObjects: 0.313800 ms CreateObjectMapping: 0.035000 ms MarkObjects: 1.964000 ms  DeleteObjects: 0.148500 ms)

========================================================================
Received Import Request.
  Time since last request: 8321.347875 seconds.
  path: Assets/Scenes/Level-1-1.unity
  artifactKey: Guid(a59f1fb3cb43ac646a75fb7dd45b4113) Importer(815301076,1909f56bfc062723c751e8b465ee728b)
Start importing Assets/Scenes/Level-1-1.unity using Guid(a59f1fb3cb43ac646a75fb7dd45b4113) Importer(815301076,1909f56bfc062723c751e8b465ee728b)  -> (artifact id: '0f7f9d601d79293fa89b5ec2f08ffa2c') in 0.011333 seconds
  Import took 0.016386 seconds .

========================================================================
Received Import Request.
  Time since last request: 0.000920 seconds.
  path: Assets/Scenes/Level-1-1.unity
  artifactKey: Guid(a59f1fb3cb43ac646a75fb7dd45b4113) Importer(815301076,1909f56bfc062723c751e8b465ee728b)
Start importing Assets/Scenes/Level-1-1.unity using Guid(a59f1fb3cb43ac646a75fb7dd45b4113) Importer(815301076,1909f56bfc062723c751e8b465ee728b)  -> (artifact id: '0f7f9d601d79293fa89b5ec2f08ffa2c') in 0.001321 seconds
  Import took 0.004326 seconds .

========================================================================
Received Prepare
Registering precompiled user dll's ...
Registered in 0.000800 seconds.
Begin MonoManager ReloadAssembly
Native extension for WindowsStandalone target not found
Native extension for WebGL target not found
Refreshing native plugins compatible for Editor in 0.54 ms, found 1 plugins.
Preloading 0 native plugins for Editor in 0.00 ms.
Invoked RoslynAnalysisRunner static constructor.
RoslynAnalysisRunner will not be running.
RoslynAnalysisRunner has terminated.
Mono: successfully reloaded assembly
- Completed reload, in  0.611 seconds
Platform modules already initialized, skipping
Refreshing native plugins compatible for Editor in 0.58 ms, found 1 plugins.
Preloading 0 native plugins for Editor in 0.00 ms.
Unloading 1797 Unused Serialized files (Serialized files now loaded: 0)
System memory in use before: 90.4 MB.
System memory in use after: 90.4 MB.

Unloading 12 unused Assets to reduce memory usage. Loaded Objects now: 2290.
Total: 2.755300 ms (FindLiveObjects: 0.356200 ms CreateObjectMapping: 0.084600 ms MarkObjects: 2.183400 ms  DeleteObjects: 0.130000 ms)

========================================================================
Received Import Request.
  Time since last request: 5819.545835 seconds.
  path: Assets/Scenes/Level-1-1.unity
  artifactKey: Guid(a59f1fb3cb43ac646a75fb7dd45b4113) Importer(815301076,1909f56bfc062723c751e8b465ee728b)
Start importing Assets/Scenes/Level-1-1.unity using Guid(a59f1fb3cb43ac646a75fb7dd45b4113) Importer(815301076,1909f56bfc062723c751e8b465ee728b)  -> (artifact id: 'c264aef4f0d7edcc09d1d7e9517d5ca0') in 0.012662 seconds
  Import took 0.017341 seconds .

========================================================================
Received Import Request.
  Time since last request: 0.001125 seconds.
  path: Assets/Scenes/Level-1-1.unity
  artifactKey: Guid(a59f1fb3cb43ac646a75fb7dd45b4113) Importer(815301076,1909f56bfc062723c751e8b465ee728b)
Start importing Assets/Scenes/Level-1-1.unity using Guid(a59f1fb3cb43ac646a75fb7dd45b4113) Importer(815301076,1909f56bfc062723c751e8b465ee728b)  -> (artifact id: 'c264aef4f0d7edcc09d1d7e9517d5ca0') in 0.001401 seconds
  Import took 0.004789 seconds .

========================================================================
Received Import Request.
  Time since last request: 156.986191 seconds.
  path: Assets/Scenes/Level-1-1.unity
  artifactKey: Guid(a59f1fb3cb43ac646a75fb7dd45b4113) Importer(815301076,1909f56bfc062723c751e8b465ee728b)
Start importing Assets/Scenes/Level-1-1.unity using Guid(a59f1fb3cb43ac646a75fb7dd45b4113) Importer(815301076,1909f56bfc062723c751e8b465ee728b)  -> (artifact id: '9432a5b89900d70b707f4124bad77be9') in 0.001428 seconds
  Import took 0.005030 seconds .

========================================================================
Received Import Request.
  Time since last request: 78.065644 seconds.
  path: Assets/Scenes/Level-1-1.unity
  artifactKey: Guid(a59f1fb3cb43ac646a75fb7dd45b4113) Importer(815301076,1909f56bfc062723c751e8b465ee728b)
Start importing Assets/Scenes/Level-1-1.unity using Guid(a59f1fb3cb43ac646a75fb7dd45b4113) Importer(815301076,1909f56bfc062723c751e8b465ee728b)  -> (artifact id: '638286bd4a9c4aa610bf3f49244ac90f') in 0.001724 seconds
  Import took 0.005480 seconds .

========================================================================
Received Prepare
Registering precompiled user dll's ...
Registered in 0.001086 seconds.
Begin MonoManager ReloadAssembly
Native extension for WindowsStandalone target not found
Native extension for WebGL target not found
Refreshing native plugins compatible for Editor in 0.60 ms, found 1 plugins.
Preloading 0 native plugins for Editor in 0.00 ms.
Invoked RoslynAnalysisRunner static constructor.
RoslynAnalysisRunner will not be running.
RoslynAnalysisRunner has terminated.
Mono: successfully reloaded assembly
- Completed reload, in  0.643 seconds
Platform modules already initialized, skipping
Refreshing native plugins compatible for Editor in 0.64 ms, found 1 plugins.
Preloading 0 native plugins for Editor in 0.00 ms.
Unloading 1797 Unused Serialized files (Serialized files now loaded: 0)
System memory in use before: 90.6 MB.
System memory in use after: 90.6 MB.

Unloading 12 unused Assets to reduce memory usage. Loaded Objects now: 2293.
Total: 2.762200 ms (FindLiveObjects: 0.344800 ms CreateObjectMapping: 0.113300 ms MarkObjects: 2.174700 ms  DeleteObjects: 0.128000 ms)

========================================================================
Received Import Request.
  Time since last request: 227.285653 seconds.
  path: Assets/View/Common/Scripts/TileMap
  artifactKey: Guid(b086016a40cc6444fab77c367cd3b32e) Importer(815301076,1909f56bfc062723c751e8b465ee728b)
Start importing Assets/View/Common/Scripts/TileMap using Guid(b086016a40cc6444fab77c367cd3b32e) Importer(815301076,1909f56bfc062723c751e8b465ee728b)  -> (artifact id: '6a2955893b450d9930189a8b215dc185') in 0.005113 seconds
  Import took 0.009154 seconds .

========================================================================
Received Import Request.
  Time since last request: 8.919907 seconds.
  path: Assets/View/Common/Scripts/Camera/CameraFollow.cs
  artifactKey: Guid(588180e9dca643f48abae39ad57b9082) Importer(815301076,1909f56bfc062723c751e8b465ee728b)
Start importing Assets/View/Common/Scripts/Camera/CameraFollow.cs using Guid(588180e9dca643f48abae39ad57b9082) Importer(815301076,1909f56bfc062723c751e8b465ee728b)  -> (artifact id: 'a5ed9fafdb32c160c8b0fd1d5c8b1df4') in 0.006061 seconds
  Import took 0.010084 seconds .

========================================================================
Received Import Request.
  Time since last request: 0.020493 seconds.
  path: Assets/View/Common/Scripts/Camera/CameraFollow.cs
  artifactKey: Guid(588180e9dca643f48abae39ad57b9082) Importer(815301076,1909f56bfc062723c751e8b465ee728b)
Start importing Assets/View/Common/Scripts/Camera/CameraFollow.cs using Guid(588180e9dca643f48abae39ad57b9082) Importer(815301076,1909f56bfc062723c751e8b465ee728b)  -> (artifact id: 'a5ed9fafdb32c160c8b0fd1d5c8b1df4') in 0.001120 seconds
  Import took 0.004339 seconds .

========================================================================
Received Import Request.
  Time since last request: 91.342637 seconds.
  path: Assets/View/Common/Scripts/Animations
  artifactKey: Guid(acda5209916b19c40828d84145ea73d7) Importer(815301076,1909f56bfc062723c751e8b465ee728b)
Start importing Assets/View/Common/Scripts/Animations using Guid(acda5209916b19c40828d84145ea73d7) Importer(815301076,1909f56bfc062723c751e8b465ee728b)  -> (artifact id: 'b060309bd80b8393d20f24c44655dce6') in 0.001312 seconds
  Import took 0.005094 seconds .

========================================================================
Received Prepare
Registering precompiled user dll's ...
Registered in 0.000732 seconds.
Begin MonoManager ReloadAssembly
Native extension for WindowsStandalone target not found
Native extension for WebGL target not found
Refreshing native plugins compatible for Editor in 0.73 ms, found 1 plugins.
Preloading 0 native plugins for Editor in 0.00 ms.
Invoked RoslynAnalysisRunner static constructor.
RoslynAnalysisRunner will not be running.
RoslynAnalysisRunner has terminated.
Mono: successfully reloaded assembly
- Completed reload, in  0.747 seconds
Platform modules already initialized, skipping
Refreshing native plugins compatible for Editor in 0.61 ms, found 1 plugins.
Preloading 0 native plugins for Editor in 0.00 ms.
Unloading 1799 Unused Serialized files (Serialized files now loaded: 0)
System memory in use before: 89.9 MB.
System memory in use after: 89.9 MB.

Unloading 12 unused Assets to reduce memory usage. Loaded Objects now: 2298.
Total: 2.700600 ms (FindLiveObjects: 0.253500 ms CreateObjectMapping: 0.036000 ms MarkObjects: 2.251400 ms  DeleteObjects: 0.158500 ms)

========================================================================
Received Import Request.
  Time since last request: 352.672897 seconds.
  path: Assets/Scenes/Level-1-1.unity
  artifactKey: Guid(a59f1fb3cb43ac646a75fb7dd45b4113) Importer(815301076,1909f56bfc062723c751e8b465ee728b)
Start importing Assets/Scenes/Level-1-1.unity using Guid(a59f1fb3cb43ac646a75fb7dd45b4113) Importer(815301076,1909f56bfc062723c751e8b465ee728b)  -> (artifact id: '602e9780d122a320d948afd2c2c9c367') in 0.013227 seconds
  Import took 0.017532 seconds .

========================================================================
Received Import Request.
  Time since last request: 288.794472 seconds.
  path: Assets/Scenes/Level-1-1.unity
  artifactKey: Guid(a59f1fb3cb43ac646a75fb7dd45b4113) Importer(815301076,1909f56bfc062723c751e8b465ee728b)
Start importing Assets/Scenes/Level-1-1.unity using Guid(a59f1fb3cb43ac646a75fb7dd45b4113) Importer(815301076,1909f56bfc062723c751e8b465ee728b)  -> (artifact id: 'a9b85d9e70a9e8214499b4c6a31593a2') in 0.001520 seconds
  Import took 0.004891 seconds .

========================================================================
Received Import Request.
  Time since last request: 149.854077 seconds.
  path: Assets/Scenes/Level-1-1.unity
  artifactKey: Guid(a59f1fb3cb43ac646a75fb7dd45b4113) Importer(815301076,1909f56bfc062723c751e8b465ee728b)
Start importing Assets/Scenes/Level-1-1.unity using Guid(a59f1fb3cb43ac646a75fb7dd45b4113) Importer(815301076,1909f56bfc062723c751e8b465ee728b)  -> (artifact id: 'e8238f69e2ee7140ea73bf477e217d8f') in 0.001409 seconds
  Import took 0.005268 seconds .

========================================================================
Received Import Request.
  Time since last request: 417.263733 seconds.
  path: Assets/Scenes/Level-1-1.unity
  artifactKey: Guid(a59f1fb3cb43ac646a75fb7dd45b4113) Importer(815301076,1909f56bfc062723c751e8b465ee728b)
Start importing Assets/Scenes/Level-1-1.unity using Guid(a59f1fb3cb43ac646a75fb7dd45b4113) Importer(815301076,1909f56bfc062723c751e8b465ee728b)  -> (artifact id: '0a26a6a8277db5cdd0a05f66004b19e5') in 0.001946 seconds
  Import took 0.006079 seconds .

AssetImportWorkerClient::OnTransportError - code=2 error=End of file
