Using pre-set license
Built from '2020.2/release' branch; Version is '2020.2.0f1 (3721df5a8b28) revision 3613151'; Using compiler version '192528614'; Build Type 'Release'
OS: 'Windows 10  (10.0.0) 64bit' Language: 'fr' Physical Memory: 31998 MB
BatchMode: 1, IsHumanControllingUs: 0, StartBugReporterOnCrash: 0, Is64bit: 1, IsPro: 0

 COMMAND LINE ARGUMENTS:
C:\Program Files\Unity\Hub\Editor\2020.2.0f1\Editor\Unity.exe
-adb2
-batchMode
-noUpm
-name
AssetImportWorker0
-projectPath
D:/ETNA/IDV4GAMING/3-prefabs/IDV4_Etape_0
-logFile
Logs/AssetImportWorker0.log
-srvPort
54961
Successfully changed project path to: D:/ETNA/IDV4GAMING/3-prefabs/IDV4_Etape_0
D:/ETNA/IDV4GAMING/3-prefabs/IDV4_Etape_0
Using Asset Import Pipeline V2.
Refreshing native plugins compatible for Editor in 31.66 ms, found 1 plugins.
Preloading 0 native plugins for Editor in 0.00 ms.
Initialize engine version: 2020.2.0f1 (3721df5a8b28)
[Subsystems] Discovering subsystems at path C:/Program Files/Unity/Hub/Editor/2020.2.0f1/Editor/Data/Resources/UnitySubsystems
[Subsystems] Discovering subsystems at path D:/ETNA/IDV4GAMING/3-prefabs/IDV4_Etape_0/Assets
GfxDevice: creating device client; threaded=0
Direct3D:
    Version:  Direct3D 11.0 [level 11.1]
    Renderer: AMD Radeon (TM) Graphics (ID=0x1681)
    Vendor:   
    VRAM:     15999 MB
    Driver:   31.0.12044.3
Initialize mono
Mono path[0] = 'C:/Program Files/Unity/Hub/Editor/2020.2.0f1/Editor/Data/Managed'
Mono path[1] = 'C:/Program Files/Unity/Hub/Editor/2020.2.0f1/Editor/Data/MonoBleedingEdge/lib/mono/unityjit'
Mono config path = 'C:/Program Files/Unity/Hub/Editor/2020.2.0f1/Editor/Data/MonoBleedingEdge/etc'
Using monoOptions --debugger-agent=transport=dt_socket,embedding=1,server=y,suspend=n,address=127.0.0.1:56292
Begin MonoManager ReloadAssembly
Registering precompiled unity dll's ...
Register platform support module: C:/Program Files/Unity/Hub/Editor/2020.2.0f1/Editor/Data/PlaybackEngines/WebGLSupport/UnityEditor.WebGL.Extensions.dll
Register platform support module: C:/Program Files/Unity/Hub/Editor/2020.2.0f1/Editor/Data/PlaybackEngines/WindowsStandaloneSupport/UnityEditor.WindowsStandalone.Extensions.dll
Registered in 0.001519 seconds.
Native extension for WindowsStandalone target not found
Native extension for WebGL target not found
Refreshing native plugins compatible for Editor in 28.88 ms, found 1 plugins.
Preloading 0 native plugins for Editor in 0.00 ms.
Invoked RoslynAnalysisRunner static constructor.
RoslynAnalysisRunner will not be running.
RoslynAnalysisRunner has terminated.
Mono: successfully reloaded assembly
- Completed reload, in  1.856 seconds
Platform modules already initialized, skipping
Registering precompiled user dll's ...
Registered in 0.000549 seconds.
Begin MonoManager ReloadAssembly
Native extension for WindowsStandalone target not found
Native extension for WebGL target not found
Refreshing native plugins compatible for Editor in 29.22 ms, found 1 plugins.
Preloading 0 native plugins for Editor in 0.00 ms.
Invoked RoslynAnalysisRunner static constructor.
RoslynAnalysisRunner will not be running.
RoslynAnalysisRunner has terminated.
Mono: successfully reloaded assembly
- Completed reload, in  0.671 seconds
Platform modules already initialized, skipping
========================================================================
Worker process is ready to serve import requests
Launched and connected shader compiler UnityShaderCompiler.exe after 0.03 seconds
Refreshing native plugins compatible for Editor in 0.60 ms, found 1 plugins.
Preloading 0 native plugins for Editor in 0.00 ms.
Unloading 1823 Unused Serialized files (Serialized files now loaded: 0)
System memory in use before: 86.5 MB.
System memory in use after: 86.5 MB.

Unloading 23 unused Assets to reduce memory usage. Loaded Objects now: 2266.
Total: 2.997900 ms (FindLiveObjects: 0.372700 ms CreateObjectMapping: 0.069900 ms MarkObjects: 2.426900 ms  DeleteObjects: 0.125400 ms)

========================================================================
Received Import Request.
  path: Assets/View/Common/Scripts/Controllers
  artifactKey: Guid(9e550a8b1701f7b43ac302a4f98385c8) Importer(815301076,1909f56bfc062723c751e8b465ee728b)
Start importing Assets/View/Common/Scripts/Controllers using Guid(9e550a8b1701f7b43ac302a4f98385c8) Importer(815301076,1909f56bfc062723c751e8b465ee728b)  -> (artifact id: '8a9652d513515d1ce589c831d07a3cbc') in 0.004274 seconds
  Import took 0.007310 seconds .

========================================================================
Received Import Request.
  Time since last request: 1.295071 seconds.
  path: Assets/View/Common/Scripts/Controllers/NewBehaviourScript.cs
  artifactKey: Guid(99ad70a5442333f46806986d90dc217c) Importer(815301076,1909f56bfc062723c751e8b465ee728b)
Start importing Assets/View/Common/Scripts/Controllers/NewBehaviourScript.cs using Guid(99ad70a5442333f46806986d90dc217c) Importer(815301076,1909f56bfc062723c751e8b465ee728b)  -> (artifact id: '452134ae8f20b4d9d62871f2426416f8') in 0.024949 seconds
  Import took 0.027938 seconds .

========================================================================
Received Prepare
Registering precompiled user dll's ...
Registered in 0.001178 seconds.
Begin MonoManager ReloadAssembly
Native extension for WindowsStandalone target not found
Native extension for WebGL target not found
Refreshing native plugins compatible for Editor in 1.25 ms, found 1 plugins.
Preloading 0 native plugins for Editor in 0.00 ms.
Invoked RoslynAnalysisRunner static constructor.
RoslynAnalysisRunner will not be running.
RoslynAnalysisRunner has terminated.
Mono: successfully reloaded assembly
- Completed reload, in  1.320 seconds
Platform modules already initialized, skipping
Refreshing native plugins compatible for Editor in 1.03 ms, found 1 plugins.
Preloading 0 native plugins for Editor in 0.00 ms.
Unloading 1804 Unused Serialized files (Serialized files now loaded: 0)
System memory in use before: 85.6 MB.
System memory in use after: 85.6 MB.

Unloading 12 unused Assets to reduce memory usage. Loaded Objects now: 2270.
Total: 3.848400 ms (FindLiveObjects: 0.398200 ms CreateObjectMapping: 0.117300 ms MarkObjects: 3.140800 ms  DeleteObjects: 0.190500 ms)

========================================================================
Received Import Request.
  Time since last request: 37.108665 seconds.
  path: Assets/View/Common/Scripts/Controllers/CameraController.cs
  artifactKey: Guid(13d0e62721e731a47916713e45e4ef50) Importer(815301076,1909f56bfc062723c751e8b465ee728b)
Start importing Assets/View/Common/Scripts/Controllers/CameraController.cs using Guid(13d0e62721e731a47916713e45e4ef50) Importer(815301076,1909f56bfc062723c751e8b465ee728b)  -> (artifact id: '715a491d6b2ca6ab3d3a3175adea32c8') in 0.004477 seconds
  Import took 0.008165 seconds .

========================================================================
Received Import Request.
  Time since last request: 0.022583 seconds.
  path: Assets/View/Common/Scripts/Controllers/CameraController.cs
  artifactKey: Guid(13d0e62721e731a47916713e45e4ef50) Importer(815301076,1909f56bfc062723c751e8b465ee728b)
Start importing Assets/View/Common/Scripts/Controllers/CameraController.cs using Guid(13d0e62721e731a47916713e45e4ef50) Importer(815301076,1909f56bfc062723c751e8b465ee728b)  -> (artifact id: '715a491d6b2ca6ab3d3a3175adea32c8') in 0.001369 seconds
  Import took 0.006615 seconds .

========================================================================
Received Prepare
Registering precompiled user dll's ...
Registered in 0.000998 seconds.
Begin MonoManager ReloadAssembly
Native extension for WindowsStandalone target not found
Native extension for WebGL target not found
Refreshing native plugins compatible for Editor in 0.62 ms, found 1 plugins.
Preloading 0 native plugins for Editor in 0.00 ms.
Invoked RoslynAnalysisRunner static constructor.
RoslynAnalysisRunner will not be running.
RoslynAnalysisRunner has terminated.
Mono: successfully reloaded assembly
- Completed reload, in  0.676 seconds
Platform modules already initialized, skipping
Refreshing native plugins compatible for Editor in 0.61 ms, found 1 plugins.
Preloading 0 native plugins for Editor in 0.00 ms.
Unloading 1803 Unused Serialized files (Serialized files now loaded: 0)
System memory in use before: 85.8 MB.
System memory in use after: 85.8 MB.

Unloading 13 unused Assets to reduce memory usage. Loaded Objects now: 2272.
Total: 3.462500 ms (FindLiveObjects: 0.352300 ms CreateObjectMapping: 0.047000 ms MarkObjects: 2.893800 ms  DeleteObjects: 0.167900 ms)

========================================================================
Received Prepare
Registering precompiled user dll's ...
Registered in 0.001235 seconds.
Begin MonoManager ReloadAssembly
Native extension for WindowsStandalone target not found
Native extension for WebGL target not found
Refreshing native plugins compatible for Editor in 1.33 ms, found 1 plugins.
Preloading 0 native plugins for Editor in 0.00 ms.
Invoked RoslynAnalysisRunner static constructor.
RoslynAnalysisRunner will not be running.
RoslynAnalysisRunner has terminated.
Mono: successfully reloaded assembly
- Completed reload, in  1.221 seconds
Platform modules already initialized, skipping
Refreshing native plugins compatible for Editor in 0.74 ms, found 1 plugins.
Preloading 0 native plugins for Editor in 0.00 ms.
Unloading 1803 Unused Serialized files (Serialized files now loaded: 0)
System memory in use before: 86.0 MB.
System memory in use after: 86.0 MB.

Unloading 12 unused Assets to reduce memory usage. Loaded Objects now: 2275.
Total: 3.250900 ms (FindLiveObjects: 0.337600 ms CreateObjectMapping: 0.088300 ms MarkObjects: 2.637300 ms  DeleteObjects: 0.186000 ms)

========================================================================
Received Import Request.
  Time since last request: 113.473287 seconds.
  path: Assets/View/Common/Scripts/Controllers/CameraController.cs
  artifactKey: Guid(13d0e62721e731a47916713e45e4ef50) Importer(815301076,1909f56bfc062723c751e8b465ee728b)
Start importing Assets/View/Common/Scripts/Controllers/CameraController.cs using Guid(13d0e62721e731a47916713e45e4ef50) Importer(815301076,1909f56bfc062723c751e8b465ee728b)  -> (artifact id: '4d277b190051c59a316ad2a62bfd28e8') in 0.006288 seconds
  Import took 0.010669 seconds .

========================================================================
Received Prepare
Registering precompiled user dll's ...
Registered in 0.000771 seconds.
Begin MonoManager ReloadAssembly
Native extension for WindowsStandalone target not found
Native extension for WebGL target not found
Refreshing native plugins compatible for Editor in 0.58 ms, found 1 plugins.
Preloading 0 native plugins for Editor in 0.00 ms.
Invoked RoslynAnalysisRunner static constructor.
RoslynAnalysisRunner will not be running.
RoslynAnalysisRunner has terminated.
Mono: successfully reloaded assembly
- Completed reload, in  0.638 seconds
Platform modules already initialized, skipping
Refreshing native plugins compatible for Editor in 0.52 ms, found 1 plugins.
Preloading 0 native plugins for Editor in 0.00 ms.
Unloading 1803 Unused Serialized files (Serialized files now loaded: 0)
System memory in use before: 86.2 MB.
System memory in use after: 86.2 MB.

Unloading 12 unused Assets to reduce memory usage. Loaded Objects now: 2278.
Total: 2.694700 ms (FindLiveObjects: 0.399800 ms CreateObjectMapping: 0.079600 ms MarkObjects: 2.086900 ms  DeleteObjects: 0.126800 ms)

========================================================================
Received Import Request.
  Time since last request: 25.364210 seconds.
  path: Assets/Scenes/Level-1-1.unity
  artifactKey: Guid(a59f1fb3cb43ac646a75fb7dd45b4113) Importer(815301076,1909f56bfc062723c751e8b465ee728b)
Start importing Assets/Scenes/Level-1-1.unity using Guid(a59f1fb3cb43ac646a75fb7dd45b4113) Importer(815301076,1909f56bfc062723c751e8b465ee728b)  -> (artifact id: '1bb093520a6f72e5f1568d0dc21d0834') in 0.013008 seconds
  Import took 0.016724 seconds .

========================================================================
Received Prepare
Registering precompiled user dll's ...
Registered in 0.001888 seconds.
Begin MonoManager ReloadAssembly
Native extension for WindowsStandalone target not found
Native extension for WebGL target not found
Refreshing native plugins compatible for Editor in 1.21 ms, found 1 plugins.
Preloading 0 native plugins for Editor in 0.00 ms.
Invoked RoslynAnalysisRunner static constructor.
RoslynAnalysisRunner will not be running.
RoslynAnalysisRunner has terminated.
Mono: successfully reloaded assembly
- Completed reload, in  1.456 seconds
Platform modules already initialized, skipping
Refreshing native plugins compatible for Editor in 1.92 ms, found 1 plugins.
Preloading 0 native plugins for Editor in 0.00 ms.
Unloading 1803 Unused Serialized files (Serialized files now loaded: 0)
System memory in use before: 86.5 MB.
System memory in use after: 86.5 MB.

Unloading 12 unused Assets to reduce memory usage. Loaded Objects now: 2281.
Total: 4.514600 ms (FindLiveObjects: 0.722700 ms CreateObjectMapping: 0.115400 ms MarkObjects: 3.520100 ms  DeleteObjects: 0.154400 ms)

========================================================================
Received Import Request.
  Time since last request: 42.699236 seconds.
  path: Assets/View/Common/Prefabs/CameraController.prefab
  artifactKey: Guid(e4468a5789e5d28419a9721589f657fd) Importer(815301076,1909f56bfc062723c751e8b465ee728b)
Start importing Assets/View/Common/Prefabs/CameraController.prefab using Guid(e4468a5789e5d28419a9721589f657fd) Importer(815301076,1909f56bfc062723c751e8b465ee728b)  -> (artifact id: 'c308279d3885903eaa5933ef34200e9d') in 0.027722 seconds
  Import took 0.031603 seconds .

========================================================================
Received Import Request.
  Time since last request: 0.051484 seconds.
  path: Assets/View/Common/Prefabs/CameraController.prefab
  artifactKey: Guid(e4468a5789e5d28419a9721589f657fd) Importer(815301076,1909f56bfc062723c751e8b465ee728b)
Start importing Assets/View/Common/Prefabs/CameraController.prefab using Guid(e4468a5789e5d28419a9721589f657fd) Importer(815301076,1909f56bfc062723c751e8b465ee728b)  -> (artifact id: 'c308279d3885903eaa5933ef34200e9d') in 0.002682 seconds
  Import took 0.006272 seconds .

========================================================================
Received Prepare
Registering precompiled user dll's ...
Registered in 0.001210 seconds.
Begin MonoManager ReloadAssembly
Native extension for WindowsStandalone target not found
Native extension for WebGL target not found
Refreshing native plugins compatible for Editor in 1.05 ms, found 1 plugins.
Preloading 0 native plugins for Editor in 0.00 ms.
Invoked RoslynAnalysisRunner static constructor.
RoslynAnalysisRunner will not be running.
RoslynAnalysisRunner has terminated.
Mono: successfully reloaded assembly
- Completed reload, in  1.233 seconds
Platform modules already initialized, skipping
Refreshing native plugins compatible for Editor in 0.82 ms, found 1 plugins.
Preloading 0 native plugins for Editor in 0.00 ms.
Unloading 1803 Unused Serialized files (Serialized files now loaded: 0)
System memory in use before: 86.7 MB.
System memory in use after: 86.7 MB.

Unloading 12 unused Assets to reduce memory usage. Loaded Objects now: 2284.
Total: 3.631000 ms (FindLiveObjects: 0.317500 ms CreateObjectMapping: 0.075900 ms MarkObjects: 3.019800 ms  DeleteObjects: 0.216000 ms)

========================================================================
Received Import Request.
  Time since last request: 604.517371 seconds.
  path: Assets/View/Common/Prefabs/CameraController 1.prefab
  artifactKey: Guid(b3ba2a75e4f0f824d9729d7f5fe7d692) Importer(815301076,1909f56bfc062723c751e8b465ee728b)
Start importing Assets/View/Common/Prefabs/CameraController 1.prefab using Guid(b3ba2a75e4f0f824d9729d7f5fe7d692) Importer(815301076,1909f56bfc062723c751e8b465ee728b)  -> (artifact id: '9a361ee6c93cb4f558f3b41ebfdda469') in 0.026719 seconds
  Import took 0.032348 seconds .

========================================================================
Received Prepare
Registering precompiled user dll's ...
Registered in 0.001264 seconds.
Begin MonoManager ReloadAssembly
Native extension for WindowsStandalone target not found
Native extension for WebGL target not found
Refreshing native plugins compatible for Editor in 1.24 ms, found 1 plugins.
Preloading 0 native plugins for Editor in 0.00 ms.
Invoked RoslynAnalysisRunner static constructor.
RoslynAnalysisRunner will not be running.
RoslynAnalysisRunner has terminated.
Mono: successfully reloaded assembly
- Completed reload, in  1.187 seconds
Platform modules already initialized, skipping
Refreshing native plugins compatible for Editor in 1.04 ms, found 1 plugins.
Preloading 0 native plugins for Editor in 0.00 ms.
Unloading 1803 Unused Serialized files (Serialized files now loaded: 0)
System memory in use before: 86.9 MB.
System memory in use after: 86.9 MB.

Unloading 12 unused Assets to reduce memory usage. Loaded Objects now: 2287.
Total: 4.082500 ms (FindLiveObjects: 0.683200 ms CreateObjectMapping: 0.085400 ms MarkObjects: 3.114400 ms  DeleteObjects: 0.197500 ms)

========================================================================
Received Prepare
Registering precompiled user dll's ...
Registered in 0.000775 seconds.
Begin MonoManager ReloadAssembly
Native extension for WindowsStandalone target not found
Native extension for WebGL target not found
Refreshing native plugins compatible for Editor in 0.74 ms, found 1 plugins.
Preloading 0 native plugins for Editor in 0.00 ms.
Invoked RoslynAnalysisRunner static constructor.
RoslynAnalysisRunner will not be running.
RoslynAnalysisRunner has terminated.
Mono: successfully reloaded assembly
- Completed reload, in  0.634 seconds
Platform modules already initialized, skipping
Refreshing native plugins compatible for Editor in 0.60 ms, found 1 plugins.
Preloading 0 native plugins for Editor in 0.00 ms.
Unloading 1803 Unused Serialized files (Serialized files now loaded: 0)
System memory in use before: 87.1 MB.
System memory in use after: 87.1 MB.

Unloading 12 unused Assets to reduce memory usage. Loaded Objects now: 2290.
Total: 3.065300 ms (FindLiveObjects: 0.438500 ms CreateObjectMapping: 0.077900 ms MarkObjects: 2.412900 ms  DeleteObjects: 0.133900 ms)

========================================================================
Received Prepare
Registering precompiled user dll's ...
Registered in 0.000914 seconds.
Begin MonoManager ReloadAssembly
Native extension for WindowsStandalone target not found
Native extension for WebGL target not found
Refreshing native plugins compatible for Editor in 0.67 ms, found 1 plugins.
Preloading 0 native plugins for Editor in 0.00 ms.
Invoked RoslynAnalysisRunner static constructor.
RoslynAnalysisRunner will not be running.
RoslynAnalysisRunner has terminated.
Mono: successfully reloaded assembly
- Completed reload, in  0.769 seconds
Platform modules already initialized, skipping
Refreshing native plugins compatible for Editor in 0.78 ms, found 1 plugins.
Preloading 0 native plugins for Editor in 0.00 ms.
Unloading 1803 Unused Serialized files (Serialized files now loaded: 0)
System memory in use before: 87.3 MB.
System memory in use after: 87.3 MB.

Unloading 12 unused Assets to reduce memory usage. Loaded Objects now: 2293.
Total: 3.271700 ms (FindLiveObjects: 0.351900 ms CreateObjectMapping: 0.109800 ms MarkObjects: 2.707700 ms  DeleteObjects: 0.100900 ms)

========================================================================
Received Prepare
Registering precompiled user dll's ...
Registered in 0.000723 seconds.
Begin MonoManager ReloadAssembly
Native extension for WindowsStandalone target not found
Native extension for WebGL target not found
Refreshing native plugins compatible for Editor in 0.64 ms, found 1 plugins.
Preloading 0 native plugins for Editor in 0.00 ms.
Invoked RoslynAnalysisRunner static constructor.
RoslynAnalysisRunner will not be running.
RoslynAnalysisRunner has terminated.
Mono: successfully reloaded assembly
- Completed reload, in  0.656 seconds
Platform modules already initialized, skipping
Refreshing native plugins compatible for Editor in 0.60 ms, found 1 plugins.
Preloading 0 native plugins for Editor in 0.00 ms.
Unloading 1803 Unused Serialized files (Serialized files now loaded: 0)
System memory in use before: 86.5 MB.
System memory in use after: 86.5 MB.

Unloading 12 unused Assets to reduce memory usage. Loaded Objects now: 2296.
Total: 3.145700 ms (FindLiveObjects: 0.344100 ms CreateObjectMapping: 0.074900 ms MarkObjects: 2.588400 ms  DeleteObjects: 0.136900 ms)

========================================================================
Received Prepare
Registering precompiled user dll's ...
Registered in 0.000794 seconds.
Begin MonoManager ReloadAssembly
Native extension for WindowsStandalone target not found
Native extension for WebGL target not found
Refreshing native plugins compatible for Editor in 0.62 ms, found 1 plugins.
Preloading 0 native plugins for Editor in 0.00 ms.
Invoked RoslynAnalysisRunner static constructor.
RoslynAnalysisRunner will not be running.
RoslynAnalysisRunner has terminated.
Mono: successfully reloaded assembly
- Completed reload, in  0.631 seconds
Platform modules already initialized, skipping
Refreshing native plugins compatible for Editor in 0.59 ms, found 1 plugins.
Preloading 0 native plugins for Editor in 0.00 ms.
Unloading 1803 Unused Serialized files (Serialized files now loaded: 0)
System memory in use before: 86.8 MB.
System memory in use after: 86.8 MB.

Unloading 12 unused Assets to reduce memory usage. Loaded Objects now: 2299.
Total: 2.853800 ms (FindLiveObjects: 0.396500 ms CreateObjectMapping: 0.087400 ms MarkObjects: 2.208900 ms  DeleteObjects: 0.158100 ms)

========================================================================
Received Prepare
Registering precompiled user dll's ...
Registered in 0.000731 seconds.
Begin MonoManager ReloadAssembly
Native extension for WindowsStandalone target not found
Native extension for WebGL target not found
Refreshing native plugins compatible for Editor in 0.58 ms, found 1 plugins.
Preloading 0 native plugins for Editor in 0.00 ms.
Invoked RoslynAnalysisRunner static constructor.
RoslynAnalysisRunner will not be running.
RoslynAnalysisRunner has terminated.
Mono: successfully reloaded assembly
- Completed reload, in  0.679 seconds
Platform modules already initialized, skipping
Refreshing native plugins compatible for Editor in 0.53 ms, found 1 plugins.
Preloading 0 native plugins for Editor in 0.00 ms.
Unloading 1803 Unused Serialized files (Serialized files now loaded: 0)
System memory in use before: 87.0 MB.
System memory in use after: 87.0 MB.

Unloading 12 unused Assets to reduce memory usage. Loaded Objects now: 2302.
Total: 2.688400 ms (FindLiveObjects: 0.298500 ms CreateObjectMapping: 0.075100 ms MarkObjects: 2.158100 ms  DeleteObjects: 0.155200 ms)

========================================================================
Received Prepare
Registering precompiled user dll's ...
Registered in 0.000782 seconds.
Begin MonoManager ReloadAssembly
Native extension for WindowsStandalone target not found
Native extension for WebGL target not found
Refreshing native plugins compatible for Editor in 0.74 ms, found 1 plugins.
Preloading 0 native plugins for Editor in 0.00 ms.
Invoked RoslynAnalysisRunner static constructor.
RoslynAnalysisRunner will not be running.
RoslynAnalysisRunner has terminated.
Mono: successfully reloaded assembly
- Completed reload, in  0.754 seconds
Platform modules already initialized, skipping
Refreshing native plugins compatible for Editor in 1.00 ms, found 1 plugins.
Preloading 0 native plugins for Editor in 0.00 ms.
Unloading 1803 Unused Serialized files (Serialized files now loaded: 0)
System memory in use before: 87.2 MB.
System memory in use after: 87.2 MB.

Unloading 12 unused Assets to reduce memory usage. Loaded Objects now: 2305.
Total: 3.495300 ms (FindLiveObjects: 0.602000 ms CreateObjectMapping: 0.071800 ms MarkObjects: 2.656600 ms  DeleteObjects: 0.163600 ms)

========================================================================
Received Prepare
Registering precompiled user dll's ...
Registered in 0.000705 seconds.
Begin MonoManager ReloadAssembly
Native extension for WindowsStandalone target not found
Native extension for WebGL target not found
Refreshing native plugins compatible for Editor in 0.57 ms, found 1 plugins.
Preloading 0 native plugins for Editor in 0.00 ms.
Invoked RoslynAnalysisRunner static constructor.
RoslynAnalysisRunner will not be running.
RoslynAnalysisRunner has terminated.
Mono: successfully reloaded assembly
- Completed reload, in  0.618 seconds
Platform modules already initialized, skipping
Refreshing native plugins compatible for Editor in 0.61 ms, found 1 plugins.
Preloading 0 native plugins for Editor in 0.00 ms.
Unloading 1803 Unused Serialized files (Serialized files now loaded: 0)
System memory in use before: 87.3 MB.
System memory in use after: 87.3 MB.

Unloading 12 unused Assets to reduce memory usage. Loaded Objects now: 2308.
Total: 2.841300 ms (FindLiveObjects: 0.344400 ms CreateObjectMapping: 0.085900 ms MarkObjects: 2.259800 ms  DeleteObjects: 0.150000 ms)

========================================================================
Received Prepare
Registering precompiled user dll's ...
Registered in 0.000884 seconds.
Begin MonoManager ReloadAssembly
Native extension for WindowsStandalone target not found
Native extension for WebGL target not found
Refreshing native plugins compatible for Editor in 0.55 ms, found 1 plugins.
Preloading 0 native plugins for Editor in 0.00 ms.
Invoked RoslynAnalysisRunner static constructor.
RoslynAnalysisRunner will not be running.
RoslynAnalysisRunner has terminated.
Mono: successfully reloaded assembly
- Completed reload, in  0.622 seconds
Platform modules already initialized, skipping
Refreshing native plugins compatible for Editor in 0.54 ms, found 1 plugins.
Preloading 0 native plugins for Editor in 0.00 ms.
Unloading 1803 Unused Serialized files (Serialized files now loaded: 0)
System memory in use before: 86.6 MB.
System memory in use after: 86.6 MB.

Unloading 12 unused Assets to reduce memory usage. Loaded Objects now: 2311.
Total: 2.823600 ms (FindLiveObjects: 0.361000 ms CreateObjectMapping: 0.071700 ms MarkObjects: 2.260500 ms  DeleteObjects: 0.128900 ms)

========================================================================
Received Prepare
Registering precompiled user dll's ...
Registered in 0.000761 seconds.
Begin MonoManager ReloadAssembly
Native extension for WindowsStandalone target not found
Native extension for WebGL target not found
Refreshing native plugins compatible for Editor in 1.27 ms, found 1 plugins.
Preloading 0 native plugins for Editor in 0.00 ms.
Invoked RoslynAnalysisRunner static constructor.
RoslynAnalysisRunner will not be running.
RoslynAnalysisRunner has terminated.
Mono: successfully reloaded assembly
- Completed reload, in  0.771 seconds
Platform modules already initialized, skipping
Refreshing native plugins compatible for Editor in 0.64 ms, found 1 plugins.
Preloading 0 native plugins for Editor in 0.00 ms.
Unloading 1803 Unused Serialized files (Serialized files now loaded: 0)
System memory in use before: 86.8 MB.
System memory in use after: 86.8 MB.

Unloading 12 unused Assets to reduce memory usage. Loaded Objects now: 2314.
Total: 3.330900 ms (FindLiveObjects: 0.427900 ms CreateObjectMapping: 0.078700 ms MarkObjects: 2.661400 ms  DeleteObjects: 0.161000 ms)

========================================================================
Received Import Request.
  Time since last request: 916.265804 seconds.
  path: Assets/View/Common/Prefabs/CameraController.prefab
  artifactKey: Guid(b3ba2a75e4f0f824d9729d7f5fe7d692) Importer(815301076,1909f56bfc062723c751e8b465ee728b)
Start importing Assets/View/Common/Prefabs/CameraController.prefab using Guid(b3ba2a75e4f0f824d9729d7f5fe7d692) Importer(815301076,1909f56bfc062723c751e8b465ee728b)  -> (artifact id: '718d79c1d2b89bb07295b5c095496e64') in 0.020819 seconds
  Import took 0.024503 seconds .

========================================================================
Received Import Request.
  Time since last request: 14.401856 seconds.
  path: Assets/View/Common/Prefabs/CameraController.prefab
  artifactKey: Guid(b3ba2a75e4f0f824d9729d7f5fe7d692) Importer(815301076,1909f56bfc062723c751e8b465ee728b)
Start importing Assets/View/Common/Prefabs/CameraController.prefab using Guid(b3ba2a75e4f0f824d9729d7f5fe7d692) Importer(815301076,1909f56bfc062723c751e8b465ee728b)  -> (artifact id: '54c978be474aa1fcfb4c31f50520e7e7') in 0.002488 seconds
  Import took 0.006143 seconds .

========================================================================
Received Import Request.
  Time since last request: 0.011713 seconds.
  path: Assets/View/Common/Prefabs/CameraController.prefab
  artifactKey: Guid(b3ba2a75e4f0f824d9729d7f5fe7d692) Importer(815301076,1909f56bfc062723c751e8b465ee728b)
Start importing Assets/View/Common/Prefabs/CameraController.prefab using Guid(b3ba2a75e4f0f824d9729d7f5fe7d692) Importer(815301076,1909f56bfc062723c751e8b465ee728b)  -> (artifact id: '54c978be474aa1fcfb4c31f50520e7e7') in 0.003044 seconds
  Import took 0.007048 seconds .

========================================================================
Received Prepare
Registering precompiled user dll's ...
Registered in 0.000978 seconds.
Begin MonoManager ReloadAssembly
Native extension for WindowsStandalone target not found
Native extension for WebGL target not found
Refreshing native plugins compatible for Editor in 0.65 ms, found 1 plugins.
Preloading 0 native plugins for Editor in 0.00 ms.
Invoked RoslynAnalysisRunner static constructor.
RoslynAnalysisRunner will not be running.
RoslynAnalysisRunner has terminated.
Mono: successfully reloaded assembly
- Completed reload, in  0.686 seconds
Platform modules already initialized, skipping
Refreshing native plugins compatible for Editor in 0.63 ms, found 1 plugins.
Preloading 0 native plugins for Editor in 0.00 ms.
Unloading 1803 Unused Serialized files (Serialized files now loaded: 0)
System memory in use before: 87.0 MB.
System memory in use after: 87.0 MB.

Unloading 12 unused Assets to reduce memory usage. Loaded Objects now: 2317.
Total: 2.666900 ms (FindLiveObjects: 0.349300 ms CreateObjectMapping: 0.070200 ms MarkObjects: 2.092200 ms  DeleteObjects: 0.154200 ms)

========================================================================
Received Import Request.
  Time since last request: 18.076263 seconds.
  path: Assets/View/Common/Prefabs/CameraController.prefab
  artifactKey: Guid(b3ba2a75e4f0f824d9729d7f5fe7d692) Importer(815301076,1909f56bfc062723c751e8b465ee728b)
Start importing Assets/View/Common/Prefabs/CameraController.prefab using Guid(b3ba2a75e4f0f824d9729d7f5fe7d692) Importer(815301076,1909f56bfc062723c751e8b465ee728b)  -> (artifact id: '801565d1b8157fe8250a26827838db3e') in 0.019957 seconds
  Import took 0.024035 seconds .

========================================================================
Received Prepare
Registering precompiled user dll's ...
Registered in 0.001266 seconds.
Begin MonoManager ReloadAssembly
Native extension for WindowsStandalone target not found
Native extension for WebGL target not found
Refreshing native plugins compatible for Editor in 0.80 ms, found 1 plugins.
Preloading 0 native plugins for Editor in 0.00 ms.
Invoked RoslynAnalysisRunner static constructor.
RoslynAnalysisRunner will not be running.
RoslynAnalysisRunner has terminated.
Mono: successfully reloaded assembly
- Completed reload, in  0.890 seconds
Platform modules already initialized, skipping
Refreshing native plugins compatible for Editor in 0.70 ms, found 1 plugins.
Preloading 0 native plugins for Editor in 0.00 ms.
Unloading 1803 Unused Serialized files (Serialized files now loaded: 0)
System memory in use before: 87.2 MB.
System memory in use after: 87.2 MB.

Unloading 12 unused Assets to reduce memory usage. Loaded Objects now: 2320.
Total: 3.423500 ms (FindLiveObjects: 0.570600 ms CreateObjectMapping: 0.080100 ms MarkObjects: 2.619400 ms  DeleteObjects: 0.152200 ms)

========================================================================
Received Prepare
Registering precompiled user dll's ...
Registered in 0.001909 seconds.
Begin MonoManager ReloadAssembly
Native extension for WindowsStandalone target not found
Native extension for WebGL target not found
Refreshing native plugins compatible for Editor in 0.86 ms, found 1 plugins.
Preloading 0 native plugins for Editor in 0.00 ms.
Invoked RoslynAnalysisRunner static constructor.
RoslynAnalysisRunner will not be running.
RoslynAnalysisRunner has terminated.
Mono: successfully reloaded assembly
- Completed reload, in  1.255 seconds
Platform modules already initialized, skipping
Refreshing native plugins compatible for Editor in 0.80 ms, found 1 plugins.
Preloading 0 native plugins for Editor in 0.00 ms.
Unloading 1803 Unused Serialized files (Serialized files now loaded: 0)
System memory in use before: 87.4 MB.
System memory in use after: 87.4 MB.

Unloading 12 unused Assets to reduce memory usage. Loaded Objects now: 2323.
Total: 3.228700 ms (FindLiveObjects: 0.363600 ms CreateObjectMapping: 0.076500 ms MarkObjects: 2.621000 ms  DeleteObjects: 0.165800 ms)

========================================================================
Received Prepare
Registering precompiled user dll's ...
Registered in 0.001504 seconds.
Begin MonoManager ReloadAssembly
Native extension for WindowsStandalone target not found
Native extension for WebGL target not found
Refreshing native plugins compatible for Editor in 0.59 ms, found 1 plugins.
Preloading 0 native plugins for Editor in 0.00 ms.
Invoked RoslynAnalysisRunner static constructor.
RoslynAnalysisRunner will not be running.
RoslynAnalysisRunner has terminated.
Mono: successfully reloaded assembly
- Completed reload, in  0.740 seconds
Platform modules already initialized, skipping
Refreshing native plugins compatible for Editor in 0.58 ms, found 1 plugins.
Preloading 0 native plugins for Editor in 0.00 ms.
Unloading 1803 Unused Serialized files (Serialized files now loaded: 0)
System memory in use before: 86.6 MB.
System memory in use after: 86.6 MB.

Unloading 12 unused Assets to reduce memory usage. Loaded Objects now: 2326.
Total: 3.471800 ms (FindLiveObjects: 0.535800 ms CreateObjectMapping: 0.090700 ms MarkObjects: 2.678100 ms  DeleteObjects: 0.165200 ms)

========================================================================
Received Prepare
Registering precompiled user dll's ...
Registered in 0.001228 seconds.
Begin MonoManager ReloadAssembly
Native extension for WindowsStandalone target not found
Native extension for WebGL target not found
Refreshing native plugins compatible for Editor in 2.06 ms, found 1 plugins.
Preloading 0 native plugins for Editor in 0.00 ms.
Invoked RoslynAnalysisRunner static constructor.
RoslynAnalysisRunner will not be running.
RoslynAnalysisRunner has terminated.
Mono: successfully reloaded assembly
- Completed reload, in  1.099 seconds
Platform modules already initialized, skipping
Refreshing native plugins compatible for Editor in 1.39 ms, found 1 plugins.
Preloading 0 native plugins for Editor in 0.00 ms.
Unloading 1803 Unused Serialized files (Serialized files now loaded: 0)
System memory in use before: 86.8 MB.
System memory in use after: 86.8 MB.

Unloading 12 unused Assets to reduce memory usage. Loaded Objects now: 2329.
Total: 6.115900 ms (FindLiveObjects: 0.339300 ms CreateObjectMapping: 0.042200 ms MarkObjects: 5.333300 ms  DeleteObjects: 0.398600 ms)

========================================================================
Received Prepare
Registering precompiled user dll's ...
Registered in 0.001172 seconds.
Begin MonoManager ReloadAssembly
Native extension for WindowsStandalone target not found
Native extension for WebGL target not found
Refreshing native plugins compatible for Editor in 0.85 ms, found 1 plugins.
Preloading 0 native plugins for Editor in 0.00 ms.
Invoked RoslynAnalysisRunner static constructor.
RoslynAnalysisRunner will not be running.
RoslynAnalysisRunner has terminated.
Mono: successfully reloaded assembly
- Completed reload, in  1.234 seconds
Platform modules already initialized, skipping
Refreshing native plugins compatible for Editor in 0.68 ms, found 1 plugins.
Preloading 0 native plugins for Editor in 0.00 ms.
Unloading 1803 Unused Serialized files (Serialized files now loaded: 0)
System memory in use before: 87.1 MB.
System memory in use after: 87.1 MB.

Unloading 12 unused Assets to reduce memory usage. Loaded Objects now: 2332.
Total: 4.128700 ms (FindLiveObjects: 0.516000 ms CreateObjectMapping: 0.104500 ms MarkObjects: 3.289800 ms  DeleteObjects: 0.216300 ms)

========================================================================
Received Prepare
Registering precompiled user dll's ...
Registered in 0.001019 seconds.
Begin MonoManager ReloadAssembly
Native extension for WindowsStandalone target not found
Native extension for WebGL target not found
Refreshing native plugins compatible for Editor in 0.54 ms, found 1 plugins.
Preloading 0 native plugins for Editor in 0.00 ms.
Invoked RoslynAnalysisRunner static constructor.
RoslynAnalysisRunner will not be running.
RoslynAnalysisRunner has terminated.
Mono: successfully reloaded assembly
- Completed reload, in  0.791 seconds
Platform modules already initialized, skipping
Refreshing native plugins compatible for Editor in 0.64 ms, found 1 plugins.
Preloading 0 native plugins for Editor in 0.00 ms.
Unloading 1803 Unused Serialized files (Serialized files now loaded: 0)
System memory in use before: 87.3 MB.
System memory in use after: 87.3 MB.

Unloading 12 unused Assets to reduce memory usage. Loaded Objects now: 2335.
Total: 2.866200 ms (FindLiveObjects: 0.502800 ms CreateObjectMapping: 0.107000 ms MarkObjects: 2.120400 ms  DeleteObjects: 0.134900 ms)

========================================================================
Received Prepare
Registering precompiled user dll's ...
Registered in 0.001756 seconds.
Begin MonoManager ReloadAssembly
Native extension for WindowsStandalone target not found
Native extension for WebGL target not found
Refreshing native plugins compatible for Editor in 1.50 ms, found 1 plugins.
Preloading 0 native plugins for Editor in 0.00 ms.
Invoked RoslynAnalysisRunner static constructor.
RoslynAnalysisRunner will not be running.
RoslynAnalysisRunner has terminated.
Mono: successfully reloaded assembly
- Completed reload, in  1.162 seconds
Platform modules already initialized, skipping
Refreshing native plugins compatible for Editor in 1.93 ms, found 1 plugins.
Preloading 0 native plugins for Editor in 0.00 ms.
Unloading 1803 Unused Serialized files (Serialized files now loaded: 0)
System memory in use before: 87.4 MB.
System memory in use after: 87.4 MB.

Unloading 12 unused Assets to reduce memory usage. Loaded Objects now: 2338.
Total: 8.263900 ms (FindLiveObjects: 0.991400 ms CreateObjectMapping: 0.174400 ms MarkObjects: 6.666600 ms  DeleteObjects: 0.427600 ms)

========================================================================
Received Import Request.
  Time since last request: 12313.128544 seconds.
  path: ProjectSettings/TagManager.asset
  artifactKey: Guid(00000000000000003000000000000000) Importer(815301076,1909f56bfc062723c751e8b465ee728b)
Start importing ProjectSettings/TagManager.asset using Guid(00000000000000003000000000000000) Importer(815301076,1909f56bfc062723c751e8b465ee728b)  -> (artifact id: 'a544d1e5731982b0694392d53b322671') in 0.105074 seconds
  Import took 0.171640 seconds .

========================================================================
Received Prepare
Registering precompiled user dll's ...
Registered in 0.001159 seconds.
Begin MonoManager ReloadAssembly
Native extension for WindowsStandalone target not found
Native extension for WebGL target not found
Refreshing native plugins compatible for Editor in 0.76 ms, found 1 plugins.
Preloading 0 native plugins for Editor in 0.00 ms.
Invoked RoslynAnalysisRunner static constructor.
RoslynAnalysisRunner will not be running.
RoslynAnalysisRunner has terminated.
Mono: successfully reloaded assembly
- Completed reload, in  1.159 seconds
Platform modules already initialized, skipping
Refreshing native plugins compatible for Editor in 0.78 ms, found 1 plugins.
Preloading 0 native plugins for Editor in 0.00 ms.
Unloading 1803 Unused Serialized files (Serialized files now loaded: 0)
System memory in use before: 86.7 MB.
System memory in use after: 86.7 MB.

Unloading 13 unused Assets to reduce memory usage. Loaded Objects now: 2341.
Total: 3.043500 ms (FindLiveObjects: 0.387500 ms CreateObjectMapping: 0.057900 ms MarkObjects: 2.325700 ms  DeleteObjects: 0.270700 ms)

========================================================================
Received Prepare
Registering precompiled user dll's ...
Registered in 0.002092 seconds.
Begin MonoManager ReloadAssembly
Native extension for WindowsStandalone target not found
Native extension for WebGL target not found
Refreshing native plugins compatible for Editor in 1.59 ms, found 1 plugins.
Preloading 0 native plugins for Editor in 0.00 ms.
Invoked RoslynAnalysisRunner static constructor.
RoslynAnalysisRunner will not be running.
RoslynAnalysisRunner has terminated.
Mono: successfully reloaded assembly
- Completed reload, in  1.243 seconds
Platform modules already initialized, skipping
Refreshing native plugins compatible for Editor in 1.82 ms, found 1 plugins.
Preloading 0 native plugins for Editor in 0.00 ms.
Unloading 1803 Unused Serialized files (Serialized files now loaded: 0)
System memory in use before: 86.9 MB.
System memory in use after: 86.9 MB.

Unloading 12 unused Assets to reduce memory usage. Loaded Objects now: 2344.
Total: 5.847700 ms (FindLiveObjects: 1.062600 ms CreateObjectMapping: 0.154100 ms MarkObjects: 4.358800 ms  DeleteObjects: 0.270200 ms)

========================================================================
Received Import Request.
  Time since last request: 780.762884 seconds.
  path: Assets/Scenes/Level-1-1.unity
  artifactKey: Guid(a59f1fb3cb43ac646a75fb7dd45b4113) Importer(815301076,1909f56bfc062723c751e8b465ee728b)
Start importing Assets/Scenes/Level-1-1.unity using Guid(a59f1fb3cb43ac646a75fb7dd45b4113) Importer(815301076,1909f56bfc062723c751e8b465ee728b)  -> (artifact id: 'fd29700b8ab36458815e727da6f2d52f') in 0.016238 seconds
  Import took 0.021102 seconds .

========================================================================
Received Prepare
Registering precompiled user dll's ...
Registered in 0.001900 seconds.
Begin MonoManager ReloadAssembly
Native extension for WindowsStandalone target not found
Native extension for WebGL target not found
Refreshing native plugins compatible for Editor in 0.66 ms, found 1 plugins.
Preloading 0 native plugins for Editor in 0.00 ms.
Invoked RoslynAnalysisRunner static constructor.
RoslynAnalysisRunner will not be running.
RoslynAnalysisRunner has terminated.
Mono: successfully reloaded assembly
- Completed reload, in  1.180 seconds
Platform modules already initialized, skipping
Refreshing native plugins compatible for Editor in 1.10 ms, found 1 plugins.
Preloading 0 native plugins for Editor in 0.00 ms.
Unloading 1803 Unused Serialized files (Serialized files now loaded: 0)
System memory in use before: 87.1 MB.
System memory in use after: 87.1 MB.

Unloading 12 unused Assets to reduce memory usage. Loaded Objects now: 2347.
Total: 4.584600 ms (FindLiveObjects: 0.392700 ms CreateObjectMapping: 0.111500 ms MarkObjects: 3.924400 ms  DeleteObjects: 0.154700 ms)

========================================================================
Received Import Request.
  Time since last request: 124.182161 seconds.
  path: Assets/Scenes/Level-1-1.unity
  artifactKey: Guid(a59f1fb3cb43ac646a75fb7dd45b4113) Importer(815301076,1909f56bfc062723c751e8b465ee728b)
Start importing Assets/Scenes/Level-1-1.unity using Guid(a59f1fb3cb43ac646a75fb7dd45b4113) Importer(815301076,1909f56bfc062723c751e8b465ee728b)  -> (artifact id: '2a6e52160d022808be27b9b770db5e4d') in 0.015674 seconds
  Import took 0.020638 seconds .

========================================================================
Received Prepare
Registering precompiled user dll's ...
Registered in 0.002126 seconds.
Begin MonoManager ReloadAssembly
Native extension for WindowsStandalone target not found
Native extension for WebGL target not found
Refreshing native plugins compatible for Editor in 0.76 ms, found 1 plugins.
Preloading 0 native plugins for Editor in 0.00 ms.
Invoked RoslynAnalysisRunner static constructor.
RoslynAnalysisRunner will not be running.
RoslynAnalysisRunner has terminated.
Mono: successfully reloaded assembly
- Completed reload, in  1.032 seconds
Platform modules already initialized, skipping
Refreshing native plugins compatible for Editor in 0.68 ms, found 1 plugins.
Preloading 0 native plugins for Editor in 0.00 ms.
Unloading 1803 Unused Serialized files (Serialized files now loaded: 0)
System memory in use before: 87.3 MB.
System memory in use after: 87.3 MB.

Unloading 12 unused Assets to reduce memory usage. Loaded Objects now: 2350.
Total: 4.635900 ms (FindLiveObjects: 1.766700 ms CreateObjectMapping: 0.142500 ms MarkObjects: 2.500200 ms  DeleteObjects: 0.224100 ms)

========================================================================
Received Import Request.
  Time since last request: 637.098696 seconds.
  path: Assets/Scenes/Level-1-1.unity
  artifactKey: Guid(a59f1fb3cb43ac646a75fb7dd45b4113) Importer(815301076,1909f56bfc062723c751e8b465ee728b)
Start importing Assets/Scenes/Level-1-1.unity using Guid(a59f1fb3cb43ac646a75fb7dd45b4113) Importer(815301076,1909f56bfc062723c751e8b465ee728b)  -> (artifact id: '09f1b65af0ef889ae182947e37422d93') in 0.016691 seconds
  Import took 0.022029 seconds .

========================================================================
Received Import Request.
  Time since last request: 8.374554 seconds.
  path: Packages/com.unity.2d.spriteshape/Editor/ObjectMenuCreation/DefaultAssets/Sprite Shapes/Closed Sprite Shape.prefab
  artifactKey: Guid(c0583b4e855c74b8c82e7b9b5efb5ce9) Importer(815301076,1909f56bfc062723c751e8b465ee728b)
Start importing Packages/com.unity.2d.spriteshape/Editor/ObjectMenuCreation/DefaultAssets/Sprite Shapes/Closed Sprite Shape.prefab using Guid(c0583b4e855c74b8c82e7b9b5efb5ce9) Importer(815301076,1909f56bfc062723c751e8b465ee728b)  -> (artifact id: '058c9e4a575b72692c301e09a73463b8') in 0.028338 seconds
  Import took 0.034456 seconds .

========================================================================
Received Import Request.
  Time since last request: 0.000553 seconds.
  path: Packages/com.unity.2d.spriteshape/Editor/ObjectMenuCreation/DefaultAssets/Sprite Shapes/Open Sprite Shape.prefab
  artifactKey: Guid(86ae7de409eb54f619fb1328e4d42480) Importer(815301076,1909f56bfc062723c751e8b465ee728b)
Start importing Packages/com.unity.2d.spriteshape/Editor/ObjectMenuCreation/DefaultAssets/Sprite Shapes/Open Sprite Shape.prefab using Guid(86ae7de409eb54f619fb1328e4d42480) Importer(815301076,1909f56bfc062723c751e8b465ee728b)  -> (artifact id: '9b57743d212b36447a6eb08bad79f12d') in 0.004742 seconds
  Import took 0.008492 seconds .

========================================================================
Received Import Request.
  Time since last request: 11.081945 seconds.
  path: Assets/TextMesh Pro/Fonts/LiberationSans.ttf
  artifactKey: Guid(e3265ab4bf004d28a9537516768c1c75) Importer(815301076,1909f56bfc062723c751e8b465ee728b)
Start importing Assets/TextMesh Pro/Fonts/LiberationSans.ttf using Guid(e3265ab4bf004d28a9537516768c1c75) Importer(815301076,1909f56bfc062723c751e8b465ee728b)  -> (artifact id: '8a41bf638d90d86adc1ea92fc64c6695') in 0.125465 seconds
  Import took 0.130027 seconds .

========================================================================
Received Prepare
Registering precompiled user dll's ...
Registered in 0.001298 seconds.
Begin MonoManager ReloadAssembly
Native extension for WindowsStandalone target not found
Native extension for WebGL target not found
Refreshing native plugins compatible for Editor in 0.72 ms, found 1 plugins.
Preloading 0 native plugins for Editor in 0.00 ms.
Invoked RoslynAnalysisRunner static constructor.
RoslynAnalysisRunner will not be running.
RoslynAnalysisRunner has terminated.
Mono: successfully reloaded assembly
- Completed reload, in  1.143 seconds
Platform modules already initialized, skipping
Refreshing native plugins compatible for Editor in 0.68 ms, found 1 plugins.
Preloading 0 native plugins for Editor in 0.00 ms.
Unloading 1803 Unused Serialized files (Serialized files now loaded: 0)
System memory in use before: 90.9 MB.
System memory in use after: 90.9 MB.

Unloading 12 unused Assets to reduce memory usage. Loaded Objects now: 2397.
Total: 4.284300 ms (FindLiveObjects: 0.760700 ms CreateObjectMapping: 0.205900 ms MarkObjects: 3.160200 ms  DeleteObjects: 0.155000 ms)

========================================================================
Received Import Request.
  Time since last request: 1268.268293 seconds.
  path: Assets/View/Common/Resources/TP Stone Ground/TX Tileset Stone Ground_0.asset
  artifactKey: Guid(7c492f04a7cf99042b6eba1ea3529a52) Importer(815301076,1909f56bfc062723c751e8b465ee728b)
Start importing Assets/View/Common/Resources/TP Stone Ground/TX Tileset Stone Ground_0.asset using Guid(7c492f04a7cf99042b6eba1ea3529a52) Importer(815301076,1909f56bfc062723c751e8b465ee728b)  -> (artifact id: '156255f5a1c515ef54db92b59c14e4c3') in 0.057293 seconds
  Import took 0.062526 seconds .

========================================================================
Received Import Request.
  Time since last request: 0.000375 seconds.
  path: Assets/View/Common/Resources/TP Stone Ground/TX Tileset Stone Ground_14.asset
  artifactKey: Guid(3165d33fa5cb8ce488fbc2940b736101) Importer(815301076,1909f56bfc062723c751e8b465ee728b)
Start importing Assets/View/Common/Resources/TP Stone Ground/TX Tileset Stone Ground_14.asset using Guid(3165d33fa5cb8ce488fbc2940b736101) Importer(815301076,1909f56bfc062723c751e8b465ee728b)  -> (artifact id: 'd29396daca809843c8349f4c728f726b') in 0.007581 seconds
  Import took 0.011804 seconds .

========================================================================
Received Import Request.
  Time since last request: 0.000367 seconds.
  path: Assets/View/Common/Resources/TP Stone Ground/TX Tileset Stone Ground_7.asset
  artifactKey: Guid(d1ab9b940226b5947bc0888d71730da8) Importer(815301076,1909f56bfc062723c751e8b465ee728b)
Start importing Assets/View/Common/Resources/TP Stone Ground/TX Tileset Stone Ground_7.asset using Guid(d1ab9b940226b5947bc0888d71730da8) Importer(815301076,1909f56bfc062723c751e8b465ee728b)  -> (artifact id: '2fe0ea06f4f67954a1509c58db7a1841') in 0.007681 seconds
  Import took 0.012691 seconds .

========================================================================
Received Import Request.
  Time since last request: 0.000376 seconds.
  path: Assets/View/Common/Resources/TP Stone Ground/TX Tileset Stone Ground_13.asset
  artifactKey: Guid(f70f6fb1269568d4db52810a07743995) Importer(815301076,1909f56bfc062723c751e8b465ee728b)
Start importing Assets/View/Common/Resources/TP Stone Ground/TX Tileset Stone Ground_13.asset using Guid(f70f6fb1269568d4db52810a07743995) Importer(815301076,1909f56bfc062723c751e8b465ee728b)  -> (artifact id: '55a3188f30c56daf24a6e9c5f37b62ea') in 0.006094 seconds
  Import took 0.010110 seconds .

========================================================================
Received Import Request.
  Time since last request: 0.000287 seconds.
  path: Assets/View/Common/Resources/TP Stone Ground/TX Tileset Stone Ground_21.asset
  artifactKey: Guid(c4251aeaa6382d84bab25cd44caff13d) Importer(815301076,1909f56bfc062723c751e8b465ee728b)
Start importing Assets/View/Common/Resources/TP Stone Ground/TX Tileset Stone Ground_21.asset using Guid(c4251aeaa6382d84bab25cd44caff13d) Importer(815301076,1909f56bfc062723c751e8b465ee728b)  -> (artifact id: '6ff386fd6efec8ad995fd7839b7a307e') in 0.005238 seconds
  Import took 0.010074 seconds .

========================================================================
Received Import Request.
  Time since last request: 0.000276 seconds.
  path: Assets/View/Common/Resources/TP Stone Ground/TX Tileset Stone Ground_18.asset
  artifactKey: Guid(5ce992165dc2cd54e9a0c11ecac86d81) Importer(815301076,1909f56bfc062723c751e8b465ee728b)
Start importing Assets/View/Common/Resources/TP Stone Ground/TX Tileset Stone Ground_18.asset using Guid(5ce992165dc2cd54e9a0c11ecac86d81) Importer(815301076,1909f56bfc062723c751e8b465ee728b)  -> (artifact id: '2c6234a1163a4bf7a1bfdb012c889fa1') in 0.005416 seconds
  Import took 0.009323 seconds .

========================================================================
Received Import Request.
  Time since last request: 0.000273 seconds.
  path: Assets/View/Common/Resources/TP Stone Ground/TX Tileset Stone Ground_10.asset
  artifactKey: Guid(cf73d718e0d04684784d7fd1d2ed05da) Importer(815301076,1909f56bfc062723c751e8b465ee728b)
Start importing Assets/View/Common/Resources/TP Stone Ground/TX Tileset Stone Ground_10.asset using Guid(cf73d718e0d04684784d7fd1d2ed05da) Importer(815301076,1909f56bfc062723c751e8b465ee728b)  -> (artifact id: '8b2b1a38fa8afffe5e7baffb0e7c92ab') in 0.006600 seconds
  Import took 0.011465 seconds .

========================================================================
Received Import Request.
  Time since last request: 0.000748 seconds.
  path: Assets/View/Common/Resources/TP Stone Ground/TX Tileset Stone Ground_11.asset
  artifactKey: Guid(5cf0453332f7dd74e8932df12c527a9b) Importer(815301076,1909f56bfc062723c751e8b465ee728b)
Start importing Assets/View/Common/Resources/TP Stone Ground/TX Tileset Stone Ground_11.asset using Guid(5cf0453332f7dd74e8932df12c527a9b) Importer(815301076,1909f56bfc062723c751e8b465ee728b)  -> (artifact id: 'f3160da02868f6b308607fb9142b0e69') in 0.005465 seconds
  Import took 0.010568 seconds .

========================================================================
Received Import Request.
  Time since last request: 0.000291 seconds.
  path: Assets/View/Common/Resources/TP Stone Ground/TX Tileset Stone Ground_1.asset
  artifactKey: Guid(47325b699b60b7e41aeda5543c101d10) Importer(815301076,1909f56bfc062723c751e8b465ee728b)
Start importing Assets/View/Common/Resources/TP Stone Ground/TX Tileset Stone Ground_1.asset using Guid(47325b699b60b7e41aeda5543c101d10) Importer(815301076,1909f56bfc062723c751e8b465ee728b)  -> (artifact id: 'dd074e65fa7f45c3dd28460163c71244') in 0.005834 seconds
  Import took 0.011090 seconds .

========================================================================
Received Import Request.
  Time since last request: 0.000257 seconds.
  path: Assets/View/Common/Resources/TP Stone Ground/TX Tileset Stone Ground_4.asset
  artifactKey: Guid(e2c5e9880256d034bbbc4a1244b10752) Importer(815301076,1909f56bfc062723c751e8b465ee728b)
Start importing Assets/View/Common/Resources/TP Stone Ground/TX Tileset Stone Ground_4.asset using Guid(e2c5e9880256d034bbbc4a1244b10752) Importer(815301076,1909f56bfc062723c751e8b465ee728b)  -> (artifact id: '1fa111d312cd0d2df0ac965563a7f212') in 0.005567 seconds
  Import took 0.010064 seconds .

========================================================================
Received Import Request.
  Time since last request: 0.000315 seconds.
  path: Assets/View/Common/Resources/TP Stone Ground/TX Tileset Stone Ground_22.asset
  artifactKey: Guid(50b8342a34e38b548ae91b5ff2a5215b) Importer(815301076,1909f56bfc062723c751e8b465ee728b)
Start importing Assets/View/Common/Resources/TP Stone Ground/TX Tileset Stone Ground_22.asset using Guid(50b8342a34e38b548ae91b5ff2a5215b) Importer(815301076,1909f56bfc062723c751e8b465ee728b)  -> (artifact id: 'c8f43c4e1dc6da30b65fe14b771b8841') in 0.005380 seconds
  Import took 0.009527 seconds .

========================================================================
Received Import Request.
  Time since last request: 0.000445 seconds.
  path: Assets/View/Common/Resources/TP Stone Ground/TX Tileset Stone Ground_15.asset
  artifactKey: Guid(5d1542791cf70684bb83425396d768d7) Importer(815301076,1909f56bfc062723c751e8b465ee728b)
Start importing Assets/View/Common/Resources/TP Stone Ground/TX Tileset Stone Ground_15.asset using Guid(5d1542791cf70684bb83425396d768d7) Importer(815301076,1909f56bfc062723c751e8b465ee728b)  -> (artifact id: '6f53fe0d2a5f01f34a5f4483a2ef5bda') in 0.006270 seconds
  Import took 0.010085 seconds .

========================================================================
Received Import Request.
  Time since last request: 0.000358 seconds.
  path: Assets/View/Common/Resources/TP Stone Ground/TX Tileset Stone Ground_5.asset
  artifactKey: Guid(65855b4d72595694b9b111ac9fd67a33) Importer(815301076,1909f56bfc062723c751e8b465ee728b)
Start importing Assets/View/Common/Resources/TP Stone Ground/TX Tileset Stone Ground_5.asset using Guid(65855b4d72595694b9b111ac9fd67a33) Importer(815301076,1909f56bfc062723c751e8b465ee728b)  -> (artifact id: '1f6a6ea6a79e2ca937ea08e9470c69f5') in 0.006430 seconds
  Import took 0.011241 seconds .

========================================================================
Received Import Request.
  Time since last request: 0.000270 seconds.
  path: Assets/View/Common/Resources/TP Stone Ground/TX Tileset Stone Ground_2.asset
  artifactKey: Guid(7ae2a05bccb6db741a2d1b695702a685) Importer(815301076,1909f56bfc062723c751e8b465ee728b)
Start importing Assets/View/Common/Resources/TP Stone Ground/TX Tileset Stone Ground_2.asset using Guid(7ae2a05bccb6db741a2d1b695702a685) Importer(815301076,1909f56bfc062723c751e8b465ee728b)  -> (artifact id: 'c2837925a1f40cec469b3b236c00c8e6') in 0.006408 seconds
  Import took 0.011603 seconds .

========================================================================
Received Import Request.
  Time since last request: 0.000285 seconds.
  path: Assets/View/Common/Resources/TP Stone Ground/TX Tileset Stone Ground_17.asset
  artifactKey: Guid(5a8e19c3452d043459e31f1be863b209) Importer(815301076,1909f56bfc062723c751e8b465ee728b)
Start importing Assets/View/Common/Resources/TP Stone Ground/TX Tileset Stone Ground_17.asset using Guid(5a8e19c3452d043459e31f1be863b209) Importer(815301076,1909f56bfc062723c751e8b465ee728b)  -> (artifact id: '5543184991d6304bd4bdd762f8a11425') in 0.005394 seconds
  Import took 0.009485 seconds .

========================================================================
Received Import Request.
  Time since last request: 0.000387 seconds.
  path: Assets/View/Common/Resources/TP Stone Ground/TX Tileset Stone Ground_8.asset
  artifactKey: Guid(5ff51b320fe359c4fb78cae202d1cc93) Importer(815301076,1909f56bfc062723c751e8b465ee728b)
Start importing Assets/View/Common/Resources/TP Stone Ground/TX Tileset Stone Ground_8.asset using Guid(5ff51b320fe359c4fb78cae202d1cc93) Importer(815301076,1909f56bfc062723c751e8b465ee728b)  -> (artifact id: '507def9c69e93f30fb5bc1ac9f4cc82e') in 0.006600 seconds
  Import took 0.010298 seconds .

========================================================================
Received Import Request.
  Time since last request: 0.000322 seconds.
  path: Assets/View/Common/Resources/TP Stone Ground/TX Tileset Stone Ground_19.asset
  artifactKey: Guid(b8f80c6c626a6f949bbc9d0544bd20a7) Importer(815301076,1909f56bfc062723c751e8b465ee728b)
Start importing Assets/View/Common/Resources/TP Stone Ground/TX Tileset Stone Ground_19.asset using Guid(b8f80c6c626a6f949bbc9d0544bd20a7) Importer(815301076,1909f56bfc062723c751e8b465ee728b)  -> (artifact id: 'c5359858cae27bc3da8e930aa0de006b') in 0.012777 seconds
  Import took 0.016940 seconds .

========================================================================
Received Import Request.
  Time since last request: 0.000314 seconds.
  path: Assets/View/Common/Resources/TP Stone Ground/TX Tileset Stone Ground_6.asset
  artifactKey: Guid(84f9fda09efb94b47ab8e8900ec0d16d) Importer(815301076,1909f56bfc062723c751e8b465ee728b)
Start importing Assets/View/Common/Resources/TP Stone Ground/TX Tileset Stone Ground_6.asset using Guid(84f9fda09efb94b47ab8e8900ec0d16d) Importer(815301076,1909f56bfc062723c751e8b465ee728b)  -> (artifact id: 'e7d7e19a30bcbb1658185c3f72ad6f5f') in 0.006679 seconds
  Import took 0.011429 seconds .

========================================================================
Received Import Request.
  Time since last request: 0.000237 seconds.
  path: Assets/View/Common/Resources/TP Stone Ground/TX Tileset Stone Ground_20.asset
  artifactKey: Guid(a28ace218fb928b438752c967da60bb4) Importer(815301076,1909f56bfc062723c751e8b465ee728b)
Start importing Assets/View/Common/Resources/TP Stone Ground/TX Tileset Stone Ground_20.asset using Guid(a28ace218fb928b438752c967da60bb4) Importer(815301076,1909f56bfc062723c751e8b465ee728b)  -> (artifact id: 'bb634e1807343018b9864a7461d14e96') in 0.005105 seconds
  Import took 0.009191 seconds .

========================================================================
Received Import Request.
  Time since last request: 0.000505 seconds.
  path: Assets/View/Common/Resources/TP Stone Ground/TX Tileset Stone Ground_12.asset
  artifactKey: Guid(0b9c86db0907b03478d885b0a8c9a948) Importer(815301076,1909f56bfc062723c751e8b465ee728b)
Start importing Assets/View/Common/Resources/TP Stone Ground/TX Tileset Stone Ground_12.asset using Guid(0b9c86db0907b03478d885b0a8c9a948) Importer(815301076,1909f56bfc062723c751e8b465ee728b)  -> (artifact id: '802f22eac6996234c118772eebdfdbdb') in 0.005577 seconds
  Import took 0.010053 seconds .

========================================================================
Received Import Request.
  Time since last request: 0.000281 seconds.
  path: Assets/View/Common/Resources/TP Stone Ground/TX Tileset Stone Ground_16.asset
  artifactKey: Guid(d8642711275013d47b131e04b8d4252b) Importer(815301076,1909f56bfc062723c751e8b465ee728b)
Start importing Assets/View/Common/Resources/TP Stone Ground/TX Tileset Stone Ground_16.asset using Guid(d8642711275013d47b131e04b8d4252b) Importer(815301076,1909f56bfc062723c751e8b465ee728b)  -> (artifact id: '47875359a32cc87651e702520a4a067f') in 0.006894 seconds
  Import took 0.011300 seconds .

========================================================================
Received Import Request.
  Time since last request: 0.000322 seconds.
  path: Assets/View/Common/Resources/TP Stone Ground/TX Tileset Stone Ground_23.asset
  artifactKey: Guid(019a085c052bf6e4c9e5b7fbd383ac2c) Importer(815301076,1909f56bfc062723c751e8b465ee728b)
Start importing Assets/View/Common/Resources/TP Stone Ground/TX Tileset Stone Ground_23.asset using Guid(019a085c052bf6e4c9e5b7fbd383ac2c) Importer(815301076,1909f56bfc062723c751e8b465ee728b)  -> (artifact id: '841b2582f710df2c13b6316254b06956') in 0.007567 seconds
  Import took 0.011602 seconds .

========================================================================
Received Import Request.
  Time since last request: 0.000350 seconds.
  path: Assets/View/Common/Resources/TP Stone Ground/TX Tileset Stone Ground_9.asset
  artifactKey: Guid(5571a6fb13b26d94cb9a515ee975f05a) Importer(815301076,1909f56bfc062723c751e8b465ee728b)
Start importing Assets/View/Common/Resources/TP Stone Ground/TX Tileset Stone Ground_9.asset using Guid(5571a6fb13b26d94cb9a515ee975f05a) Importer(815301076,1909f56bfc062723c751e8b465ee728b)  -> (artifact id: '7e6febfc74d09fc310a6270f85359c3f') in 0.005413 seconds
  Import took 0.009680 seconds .

========================================================================
Received Import Request.
  Time since last request: 0.000312 seconds.
  path: Assets/View/Common/Resources/TP Stone Ground/TX Tileset Stone Ground_3.asset
  artifactKey: Guid(8bb7d7411fd6d1246ac647bbf02f7cc2) Importer(815301076,1909f56bfc062723c751e8b465ee728b)
Start importing Assets/View/Common/Resources/TP Stone Ground/TX Tileset Stone Ground_3.asset using Guid(8bb7d7411fd6d1246ac647bbf02f7cc2) Importer(815301076,1909f56bfc062723c751e8b465ee728b)  -> (artifact id: 'f2ea8834a722db62fdfdcd4b03211623') in 0.006405 seconds
  Import took 0.012173 seconds .

========================================================================
Received Import Request.
  Time since last request: 333.082941 seconds.
  path: Assets/View/Common/Scripts/GameManagement
  artifactKey: Guid(9f73507c017dbdd478dae8c8b55ea047) Importer(815301076,1909f56bfc062723c751e8b465ee728b)
Start importing Assets/View/Common/Scripts/GameManagement using Guid(9f73507c017dbdd478dae8c8b55ea047) Importer(815301076,1909f56bfc062723c751e8b465ee728b)  -> (artifact id: '42777024b45b953d1bd7e2e030b73ad5') in 0.001608 seconds
  Import took 0.006727 seconds .

========================================================================
Received Import Request.
  Time since last request: 169.209884 seconds.
  path: Assets/View/Common/Scripts/GameManagement/GameEngine.cs
  artifactKey: Guid(2926aa85a009afe48bae4a172236cf90) Importer(815301076,1909f56bfc062723c751e8b465ee728b)
Start importing Assets/View/Common/Scripts/GameManagement/GameEngine.cs using Guid(2926aa85a009afe48bae4a172236cf90) Importer(815301076,1909f56bfc062723c751e8b465ee728b)  -> (artifact id: 'bc4ca80a9819cd0f92f444961a5864a0') in 0.001647 seconds
  Import took 0.006245 seconds .

========================================================================
Received Import Request.
  Time since last request: 0.001548 seconds.
  path: Assets/View/Common/Scripts/GameManagement/GameEngine.cs
  artifactKey: Guid(2926aa85a009afe48bae4a172236cf90) Importer(815301076,1909f56bfc062723c751e8b465ee728b)
Start importing Assets/View/Common/Scripts/GameManagement/GameEngine.cs using Guid(2926aa85a009afe48bae4a172236cf90) Importer(815301076,1909f56bfc062723c751e8b465ee728b)  -> (artifact id: 'bc4ca80a9819cd0f92f444961a5864a0') in 0.001361 seconds
  Import took 0.004885 seconds .

========================================================================
Received Prepare
Registering precompiled user dll's ...
Registered in 0.000863 seconds.
Begin MonoManager ReloadAssembly
Native extension for WindowsStandalone target not found
Native extension for WebGL target not found
Refreshing native plugins compatible for Editor in 0.57 ms, found 1 plugins.
Preloading 0 native plugins for Editor in 0.00 ms.
Invoked RoslynAnalysisRunner static constructor.
RoslynAnalysisRunner will not be running.
RoslynAnalysisRunner has terminated.
Mono: successfully reloaded assembly
- Completed reload, in  0.756 seconds
Platform modules already initialized, skipping
Refreshing native plugins compatible for Editor in 0.65 ms, found 1 plugins.
Preloading 0 native plugins for Editor in 0.00 ms.
Unloading 1804 Unused Serialized files (Serialized files now loaded: 0)
System memory in use before: 90.3 MB.
System memory in use after: 90.3 MB.

Unloading 12 unused Assets to reduce memory usage. Loaded Objects now: 2404.
Total: 3.157300 ms (FindLiveObjects: 0.547000 ms CreateObjectMapping: 0.068900 ms MarkObjects: 2.403400 ms  DeleteObjects: 0.136000 ms)

========================================================================
Received Import Request.
  Time since last request: 920.671629 seconds.
  path: Assets/View/Common/Prefabs/GameEngine.prefab
  artifactKey: Guid(9c8528369d46c894daf7ab170093885b) Importer(815301076,1909f56bfc062723c751e8b465ee728b)
Start importing Assets/View/Common/Prefabs/GameEngine.prefab using Guid(9c8528369d46c894daf7ab170093885b) Importer(815301076,1909f56bfc062723c751e8b465ee728b)  -> (artifact id: '799ede627d48843bfccaad95c4e936a4') in 0.041976 seconds
  Import took 0.047997 seconds .

========================================================================
Received Import Request.
  Time since last request: 0.000826 seconds.
  path: Assets/View/Common/Prefabs/GameEngine.prefab
  artifactKey: Guid(9c8528369d46c894daf7ab170093885b) Importer(815301076,1909f56bfc062723c751e8b465ee728b)
Start importing Assets/View/Common/Prefabs/GameEngine.prefab using Guid(9c8528369d46c894daf7ab170093885b) Importer(815301076,1909f56bfc062723c751e8b465ee728b)  -> (artifact id: '799ede627d48843bfccaad95c4e936a4') in 0.003567 seconds
  Import took 0.007956 seconds .

========================================================================
Received Import Request.
  Time since last request: 79.730055 seconds.
  path: Assets/View/Levels/Scripts/LevelEngine.cs
  artifactKey: Guid(0bd5e28b49022044eb77b9f43467034d) Importer(815301076,1909f56bfc062723c751e8b465ee728b)
Start importing Assets/View/Levels/Scripts/LevelEngine.cs using Guid(0bd5e28b49022044eb77b9f43467034d) Importer(815301076,1909f56bfc062723c751e8b465ee728b)  -> (artifact id: '1c86a4d217f5fd23261d9e4f32b7ebdc') in 0.001546 seconds
  Import took 0.007017 seconds .

========================================================================
Received Import Request.
  Time since last request: 0.037727 seconds.
  path: Assets/View/Levels/Scripts/LevelEngine.cs
  artifactKey: Guid(0bd5e28b49022044eb77b9f43467034d) Importer(815301076,1909f56bfc062723c751e8b465ee728b)
Start importing Assets/View/Levels/Scripts/LevelEngine.cs using Guid(0bd5e28b49022044eb77b9f43467034d) Importer(815301076,1909f56bfc062723c751e8b465ee728b)  -> (artifact id: '1c86a4d217f5fd23261d9e4f32b7ebdc') in 0.001319 seconds
  Import took 0.005781 seconds .

========================================================================
Received Import Request.
  Time since last request: 720.102496 seconds.
  path: Assets/View/Common/Scripts/LevelManagement
  artifactKey: Guid(459f9eb4b48691747ad28c14f540ab84) Importer(815301076,1909f56bfc062723c751e8b465ee728b)
Start importing Assets/View/Common/Scripts/LevelManagement using Guid(459f9eb4b48691747ad28c14f540ab84) Importer(815301076,1909f56bfc062723c751e8b465ee728b)  -> (artifact id: '7ed7f71827d491afe3734544a30631e3') in 0.001692 seconds
  Import took 0.006590 seconds .

========================================================================
Received Prepare
Registering precompiled user dll's ...
Registered in 0.001043 seconds.
Begin MonoManager ReloadAssembly
Native extension for WindowsStandalone target not found
Native extension for WebGL target not found
Refreshing native plugins compatible for Editor in 0.91 ms, found 1 plugins.
Preloading 0 native plugins for Editor in 0.00 ms.
Invoked RoslynAnalysisRunner static constructor.
RoslynAnalysisRunner will not be running.
RoslynAnalysisRunner has terminated.
Mono: successfully reloaded assembly
- Completed reload, in  1.091 seconds
Platform modules already initialized, skipping
Refreshing native plugins compatible for Editor in 0.68 ms, found 1 plugins.
Preloading 0 native plugins for Editor in 0.00 ms.
Unloading 1805 Unused Serialized files (Serialized files now loaded: 0)
System memory in use before: 90.5 MB.
System memory in use after: 90.5 MB.

Unloading 12 unused Assets to reduce memory usage. Loaded Objects now: 2408.
Total: 3.685600 ms (FindLiveObjects: 0.460200 ms CreateObjectMapping: 0.068100 ms MarkObjects: 3.011200 ms  DeleteObjects: 0.144800 ms)

========================================================================
Received Import Request.
  Time since last request: 11.798995 seconds.
  path: Assets/View/Common/Scripts/LevelManagement/NewBehaviourScript.cs
  artifactKey: Guid(88f521a734e7fbe4dbfb7ac1e8672dca) Importer(815301076,1909f56bfc062723c751e8b465ee728b)
Start importing Assets/View/Common/Scripts/LevelManagement/NewBehaviourScript.cs using Guid(88f521a734e7fbe4dbfb7ac1e8672dca) Importer(815301076,1909f56bfc062723c751e8b465ee728b)  -> (artifact id: '61368af38558fd752960cfdd7b35bb6f') in 0.008520 seconds
  Import took 0.013733 seconds .

========================================================================
Received Import Request.
  Time since last request: 13.633471 seconds.
  path: Assets/View/Common/Scripts/LevelManagement/LevelEngine.cs
  artifactKey: Guid(88f521a734e7fbe4dbfb7ac1e8672dca) Importer(815301076,1909f56bfc062723c751e8b465ee728b)
Start importing Assets/View/Common/Scripts/LevelManagement/LevelEngine.cs using Guid(88f521a734e7fbe4dbfb7ac1e8672dca) Importer(815301076,1909f56bfc062723c751e8b465ee728b)  -> (artifact id: '8eff23775abf31fedceb7f8db58e1422') in 0.001715 seconds
  Import took 0.007426 seconds .

========================================================================
Received Prepare
Registering precompiled user dll's ...
Registered in 0.001315 seconds.
Begin MonoManager ReloadAssembly
Native extension for WindowsStandalone target not found
Native extension for WebGL target not found
Refreshing native plugins compatible for Editor in 0.61 ms, found 1 plugins.
Preloading 0 native plugins for Editor in 0.00 ms.
Invoked RoslynAnalysisRunner static constructor.
RoslynAnalysisRunner will not be running.
RoslynAnalysisRunner has terminated.
Mono: successfully reloaded assembly
- Completed reload, in  0.802 seconds
Platform modules already initialized, skipping
Refreshing native plugins compatible for Editor in 0.59 ms, found 1 plugins.
Preloading 0 native plugins for Editor in 0.00 ms.
Unloading 1805 Unused Serialized files (Serialized files now loaded: 0)
System memory in use before: 90.7 MB.
System memory in use after: 90.7 MB.

Unloading 12 unused Assets to reduce memory usage. Loaded Objects now: 2411.
Total: 2.882700 ms (FindLiveObjects: 0.397100 ms CreateObjectMapping: 0.054100 ms MarkObjects: 2.288500 ms  DeleteObjects: 0.141800 ms)

========================================================================
Received Prepare
Registering precompiled user dll's ...
Registered in 0.001029 seconds.
Begin MonoManager ReloadAssembly
Native extension for WindowsStandalone target not found
Native extension for WebGL target not found
Refreshing native plugins compatible for Editor in 1.10 ms, found 1 plugins.
Preloading 0 native plugins for Editor in 0.00 ms.
Invoked RoslynAnalysisRunner static constructor.
RoslynAnalysisRunner will not be running.
RoslynAnalysisRunner has terminated.
Mono: successfully reloaded assembly
- Completed reload, in  0.970 seconds
Platform modules already initialized, skipping
Refreshing native plugins compatible for Editor in 0.65 ms, found 1 plugins.
Preloading 0 native plugins for Editor in 0.00 ms.
Unloading 1804 Unused Serialized files (Serialized files now loaded: 0)
System memory in use before: 90.9 MB.
System memory in use after: 90.9 MB.

Unloading 13 unused Assets to reduce memory usage. Loaded Objects now: 2413.
Total: 2.990600 ms (FindLiveObjects: 0.496000 ms CreateObjectMapping: 0.067900 ms MarkObjects: 2.267000 ms  DeleteObjects: 0.157800 ms)

========================================================================
Received Import Request.
  Time since last request: 221.972065 seconds.
  path: Assets/View/Common/Prefabs/LevelEngine.prefab
  artifactKey: Guid(ff4d86c2eb4ae9948894b8713bc6e83e) Importer(815301076,1909f56bfc062723c751e8b465ee728b)
Start importing Assets/View/Common/Prefabs/LevelEngine.prefab using Guid(ff4d86c2eb4ae9948894b8713bc6e83e) Importer(815301076,1909f56bfc062723c751e8b465ee728b)  -> (artifact id: 'd855848a6e1ccb9c68b3d9b690e772c5') in 0.030552 seconds
  Import took 0.036595 seconds .

========================================================================
Received Import Request.
  Time since last request: 0.021106 seconds.
  path: Assets/View/Common/Prefabs/LevelEngine.prefab
  artifactKey: Guid(ff4d86c2eb4ae9948894b8713bc6e83e) Importer(815301076,1909f56bfc062723c751e8b465ee728b)
Start importing Assets/View/Common/Prefabs/LevelEngine.prefab using Guid(ff4d86c2eb4ae9948894b8713bc6e83e) Importer(815301076,1909f56bfc062723c751e8b465ee728b)  -> (artifact id: 'd855848a6e1ccb9c68b3d9b690e772c5') in 0.003344 seconds
  Import took 0.007730 seconds .

========================================================================
Received Import Request.
  Time since last request: 2081.388781 seconds.
  path: Assets/View/Common/Prefabs/Player.prefab
  artifactKey: Guid(1812b54b3eb5dda4bb7f9b9d94f06111) Importer(815301076,1909f56bfc062723c751e8b465ee728b)
Start importing Assets/View/Common/Prefabs/Player.prefab using Guid(1812b54b3eb5dda4bb7f9b9d94f06111) Importer(815301076,1909f56bfc062723c751e8b465ee728b)  -> (artifact id: '12e4e0f01754e6e8e7220a13ccaa13c9') in 0.063828 seconds
  Import took 0.071312 seconds .

========================================================================
Received Import Request.
  Time since last request: 1360.520415 seconds.
  path: Assets/View/Common/Prefabs/PlayerWithCamera.prefab
  artifactKey: Guid(18e7dbe345765d44c80ec5cd1a99cdaf) Importer(815301076,1909f56bfc062723c751e8b465ee728b)
Start importing Assets/View/Common/Prefabs/PlayerWithCamera.prefab using Guid(18e7dbe345765d44c80ec5cd1a99cdaf) Importer(815301076,1909f56bfc062723c751e8b465ee728b)  -> (artifact id: 'bccac23261f810dfeace1eb7e82b5221') in 0.017291 seconds
  Import took 0.022639 seconds .

========================================================================
Received Import Request.
  Time since last request: 0.010861 seconds.
  path: Assets/View/Common/Prefabs/PlayerWithCamera.prefab
  artifactKey: Guid(18e7dbe345765d44c80ec5cd1a99cdaf) Importer(815301076,1909f56bfc062723c751e8b465ee728b)
Start importing Assets/View/Common/Prefabs/PlayerWithCamera.prefab using Guid(18e7dbe345765d44c80ec5cd1a99cdaf) Importer(815301076,1909f56bfc062723c751e8b465ee728b)  -> (artifact id: 'bccac23261f810dfeace1eb7e82b5221') in 0.015620 seconds
  Import took 0.021574 seconds .

========================================================================
Received Prepare
Registering precompiled user dll's ...
Registered in 0.001822 seconds.
Begin MonoManager ReloadAssembly
Native extension for WindowsStandalone target not found
Native extension for WebGL target not found
Refreshing native plugins compatible for Editor in 0.79 ms, found 1 plugins.
Preloading 0 native plugins for Editor in 0.00 ms.
Invoked RoslynAnalysisRunner static constructor.
RoslynAnalysisRunner will not be running.
RoslynAnalysisRunner has terminated.
Mono: successfully reloaded assembly
- Completed reload, in  1.026 seconds
Platform modules already initialized, skipping
Refreshing native plugins compatible for Editor in 0.69 ms, found 1 plugins.
Preloading 0 native plugins for Editor in 0.00 ms.
Unloading 1804 Unused Serialized files (Serialized files now loaded: 0)
System memory in use before: 91.3 MB.
System memory in use after: 91.3 MB.

Unloading 12 unused Assets to reduce memory usage. Loaded Objects now: 2417.
Total: 3.582200 ms (FindLiveObjects: 0.546400 ms CreateObjectMapping: 0.117500 ms MarkObjects: 2.749900 ms  DeleteObjects: 0.166400 ms)

AssetImportWorkerClient::OnTransportError - code=2 error=End of file
