Using pre-set license
Built from '2020.2/release' branch; Version is '2020.2.0f1 (3721df5a8b28) revision 3613151'; Using compiler version '192528614'; Build Type 'Release'
OS: 'Windows 10  (10.0.0) 64bit' Language: 'fr' Physical Memory: 31998 MB
BatchMode: 1, IsHumanControllingUs: 0, StartBugReporterOnCrash: 0, Is64bit: 1, IsPro: 0

 COMMAND LINE ARGUMENTS:
C:\Program Files\Unity\Hub\Editor\2020.2.0f1\Editor\Unity.exe
-adb2
-batchMode
-noUpm
-name
AssetImportWorker0
-projectPath
D:/ETNA/IDV4GAMING/5-controllers/IDV4_Etape_0
-logFile
Logs/AssetImportWorker0.log
-srvPort
54207
Successfully changed project path to: D:/ETNA/IDV4GAMING/5-controllers/IDV4_Etape_0
D:/ETNA/IDV4GAMING/5-controllers/IDV4_Etape_0
Using Asset Import Pipeline V2.
Refreshing native plugins compatible for Editor in 32.58 ms, found 1 plugins.
Preloading 0 native plugins for Editor in 0.00 ms.
Initialize engine version: 2020.2.0f1 (3721df5a8b28)
[Subsystems] Discovering subsystems at path C:/Program Files/Unity/Hub/Editor/2020.2.0f1/Editor/Data/Resources/UnitySubsystems
[Subsystems] Discovering subsystems at path D:/ETNA/IDV4GAMING/5-controllers/IDV4_Etape_0/Assets
GfxDevice: creating device client; threaded=0
Direct3D:
    Version:  Direct3D 11.0 [level 11.1]
    Renderer: AMD Radeon (TM) Graphics (ID=0x1681)
    Vendor:   
    VRAM:     15999 MB
    Driver:   31.0.12044.3
Initialize mono
Mono path[0] = 'C:/Program Files/Unity/Hub/Editor/2020.2.0f1/Editor/Data/Managed'
Mono path[1] = 'C:/Program Files/Unity/Hub/Editor/2020.2.0f1/Editor/Data/MonoBleedingEdge/lib/mono/unityjit'
Mono config path = 'C:/Program Files/Unity/Hub/Editor/2020.2.0f1/Editor/Data/MonoBleedingEdge/etc'
Using monoOptions --debugger-agent=transport=dt_socket,embedding=1,server=y,suspend=n,address=127.0.0.1:56112
Begin MonoManager ReloadAssembly
Registering precompiled unity dll's ...
Register platform support module: C:/Program Files/Unity/Hub/Editor/2020.2.0f1/Editor/Data/PlaybackEngines/WebGLSupport/UnityEditor.WebGL.Extensions.dll
Register platform support module: C:/Program Files/Unity/Hub/Editor/2020.2.0f1/Editor/Data/PlaybackEngines/WindowsStandaloneSupport/UnityEditor.WindowsStandalone.Extensions.dll
Registered in 0.001451 seconds.
Native extension for WindowsStandalone target not found
Native extension for WebGL target not found
Refreshing native plugins compatible for Editor in 30.23 ms, found 1 plugins.
Preloading 0 native plugins for Editor in 0.00 ms.
Invoked RoslynAnalysisRunner static constructor.
RoslynAnalysisRunner will not be running.
RoslynAnalysisRunner has terminated.
Mono: successfully reloaded assembly
- Completed reload, in  1.946 seconds
Platform modules already initialized, skipping
Registering precompiled user dll's ...
Registered in 0.000620 seconds.
Begin MonoManager ReloadAssembly
Native extension for WindowsStandalone target not found
Native extension for WebGL target not found
Refreshing native plugins compatible for Editor in 28.22 ms, found 1 plugins.
Preloading 0 native plugins for Editor in 0.00 ms.
Invoked RoslynAnalysisRunner static constructor.
RoslynAnalysisRunner will not be running.
RoslynAnalysisRunner has terminated.
Mono: successfully reloaded assembly
- Completed reload, in  0.674 seconds
Platform modules already initialized, skipping
========================================================================
Worker process is ready to serve import requests
Launched and connected shader compiler UnityShaderCompiler.exe after 0.05 seconds
Refreshing native plugins compatible for Editor in 0.55 ms, found 1 plugins.
Preloading 0 native plugins for Editor in 0.00 ms.
Unloading 1830 Unused Serialized files (Serialized files now loaded: 0)
System memory in use before: 86.7 MB.
System memory in use after: 86.7 MB.

Unloading 23 unused Assets to reduce memory usage. Loaded Objects now: 2273.
Total: 2.447300 ms (FindLiveObjects: 0.303300 ms CreateObjectMapping: 0.083400 ms MarkObjects: 1.950200 ms  DeleteObjects: 0.108900 ms)

========================================================================
Received Import Request.
  path: Assets/View/Common/Scripts/Controllers/PlayerController.cs
  artifactKey: Guid(b21c122e7b6655c409a48a6f666e4ebf) Importer(815301076,1909f56bfc062723c751e8b465ee728b)
Start importing Assets/View/Common/Scripts/Controllers/PlayerController.cs using Guid(b21c122e7b6655c409a48a6f666e4ebf) Importer(815301076,1909f56bfc062723c751e8b465ee728b)  -> (artifact id: '36d785836c064182a552160a8daf999c') in 0.027123 seconds
  Import took 0.030457 seconds .

========================================================================
Received Prepare
Registering precompiled user dll's ...
Registered in 0.000797 seconds.
Begin MonoManager ReloadAssembly
Native extension for WindowsStandalone target not found
Native extension for WebGL target not found
Refreshing native plugins compatible for Editor in 0.66 ms, found 1 plugins.
Preloading 0 native plugins for Editor in 0.00 ms.
Invoked RoslynAnalysisRunner static constructor.
RoslynAnalysisRunner will not be running.
RoslynAnalysisRunner has terminated.
Mono: successfully reloaded assembly
- Completed reload, in  0.645 seconds
Platform modules already initialized, skipping
Refreshing native plugins compatible for Editor in 0.60 ms, found 1 plugins.
Preloading 0 native plugins for Editor in 0.00 ms.
Unloading 1810 Unused Serialized files (Serialized files now loaded: 0)
System memory in use before: 85.8 MB.
System memory in use after: 85.8 MB.

Unloading 12 unused Assets to reduce memory usage. Loaded Objects now: 2276.
Total: 3.216700 ms (FindLiveObjects: 0.379700 ms CreateObjectMapping: 0.096200 ms MarkObjects: 2.592500 ms  DeleteObjects: 0.146500 ms)

========================================================================
Received Import Request.
  Time since last request: 39.117426 seconds.
  path: Assets/View/Common/Scripts/Controllers/PlayerController.cs
  artifactKey: Guid(b21c122e7b6655c409a48a6f666e4ebf) Importer(815301076,1909f56bfc062723c751e8b465ee728b)
Start importing Assets/View/Common/Scripts/Controllers/PlayerController.cs using Guid(b21c122e7b6655c409a48a6f666e4ebf) Importer(815301076,1909f56bfc062723c751e8b465ee728b)  -> (artifact id: '9efe63a6b69626238b4247acc0b14a07') in 0.004197 seconds
  Import took 0.007402 seconds .

========================================================================
Received Import Request.
  Time since last request: 6.897597 seconds.
  path: Assets/View/Common/Scripts/Controllers/MovementController.cs
  artifactKey: Guid(3e16140f26aff674e9c5f68eadaf6de0) Importer(815301076,1909f56bfc062723c751e8b465ee728b)
Start importing Assets/View/Common/Scripts/Controllers/MovementController.cs using Guid(3e16140f26aff674e9c5f68eadaf6de0) Importer(815301076,1909f56bfc062723c751e8b465ee728b)  -> (artifact id: 'b5bdef0037fc1370aef19435cbfa651c') in 0.001810 seconds
  Import took 0.005672 seconds .

========================================================================
Received Prepare
Registering precompiled user dll's ...
Registered in 0.000651 seconds.
Begin MonoManager ReloadAssembly
Native extension for WindowsStandalone target not found
Native extension for WebGL target not found
Refreshing native plugins compatible for Editor in 0.53 ms, found 1 plugins.
Preloading 0 native plugins for Editor in 0.00 ms.
Invoked RoslynAnalysisRunner static constructor.
RoslynAnalysisRunner will not be running.
RoslynAnalysisRunner has terminated.
Mono: successfully reloaded assembly
- Completed reload, in  0.706 seconds
Platform modules already initialized, skipping
Refreshing native plugins compatible for Editor in 0.53 ms, found 1 plugins.
Preloading 0 native plugins for Editor in 0.00 ms.
Unloading 1811 Unused Serialized files (Serialized files now loaded: 0)
System memory in use before: 86.0 MB.
System memory in use after: 86.0 MB.

Unloading 12 unused Assets to reduce memory usage. Loaded Objects now: 2280.
Total: 3.103300 ms (FindLiveObjects: 0.796700 ms CreateObjectMapping: 0.066500 ms MarkObjects: 2.090100 ms  DeleteObjects: 0.148200 ms)

========================================================================
Received Prepare
Registering precompiled user dll's ...
Registered in 0.001141 seconds.
Begin MonoManager ReloadAssembly
Native extension for WindowsStandalone target not found
Native extension for WebGL target not found
Refreshing native plugins compatible for Editor in 0.81 ms, found 1 plugins.
Preloading 0 native plugins for Editor in 0.00 ms.
Invoked RoslynAnalysisRunner static constructor.
RoslynAnalysisRunner will not be running.
RoslynAnalysisRunner has terminated.
Mono: successfully reloaded assembly
- Completed reload, in  1.271 seconds
Platform modules already initialized, skipping
Refreshing native plugins compatible for Editor in 0.77 ms, found 1 plugins.
Preloading 0 native plugins for Editor in 0.00 ms.
Unloading 1811 Unused Serialized files (Serialized files now loaded: 0)
System memory in use before: 86.2 MB.
System memory in use after: 86.2 MB.

Unloading 12 unused Assets to reduce memory usage. Loaded Objects now: 2283.
Total: 5.560000 ms (FindLiveObjects: 0.349800 ms CreateObjectMapping: 0.088800 ms MarkObjects: 4.846500 ms  DeleteObjects: 0.271500 ms)

========================================================================
Received Import Request.
  Time since last request: 178.627344 seconds.
  path: Assets/View/Common/Scripts/Controllers/MovementController.cs
  artifactKey: Guid(3e16140f26aff674e9c5f68eadaf6de0) Importer(815301076,1909f56bfc062723c751e8b465ee728b)
Start importing Assets/View/Common/Scripts/Controllers/MovementController.cs using Guid(3e16140f26aff674e9c5f68eadaf6de0) Importer(815301076,1909f56bfc062723c751e8b465ee728b)  -> (artifact id: 'e8257d2ee9179ba20715c7ff7a0e6121') in 0.005892 seconds
  Import took 0.010598 seconds .

AssetImportWorkerClient::OnTransportError - code=2 error=End of file
