Using pre-set license
Built from '2020.2/release' branch; Version is '2020.2.0f1 (3721df5a8b28) revision 3613151'; Using compiler version '192528614'; Build Type 'Release'
OS: 'Windows 10  (10.0.0) 64bit' Language: 'fr' Physical Memory: 31998 MB
BatchMode: 1, IsHumanControllingUs: 0, StartBugReporterOnCrash: 0, Is64bit: 1, IsPro: 0

 COMMAND LINE ARGUMENTS:
C:\Program Files\Unity\Hub\Editor\2020.2.0f1\Editor\Unity.exe
-adb2
-batchMode
-noUpm
-name
AssetImportWorker0
-projectPath
D:/ETNA/IDV4GAMING/4-scriptable_objects/IDV4_Etape_0
-logFile
Logs/AssetImportWorker0.log
-srvPort
52439
Successfully changed project path to: D:/ETNA/IDV4GAMING/4-scriptable_objects/IDV4_Etape_0
D:/ETNA/IDV4GAMING/4-scriptable_objects/IDV4_Etape_0
Using Asset Import Pipeline V2.
Refreshing native plugins compatible for Editor in 53.11 ms, found 1 plugins.
Preloading 0 native plugins for Editor in 0.00 ms.
Initialize engine version: 2020.2.0f1 (3721df5a8b28)
[Subsystems] Discovering subsystems at path C:/Program Files/Unity/Hub/Editor/2020.2.0f1/Editor/Data/Resources/UnitySubsystems
[Subsystems] Discovering subsystems at path D:/ETNA/IDV4GAMING/4-scriptable_objects/IDV4_Etape_0/Assets
GfxDevice: creating device client; threaded=0
Direct3D:
    Version:  Direct3D 11.0 [level 11.1]
    Renderer: AMD Radeon (TM) Graphics (ID=0x1681)
    Vendor:   
    VRAM:     15999 MB
    Driver:   31.0.12044.3
Initialize mono
Mono path[0] = 'C:/Program Files/Unity/Hub/Editor/2020.2.0f1/Editor/Data/Managed'
Mono path[1] = 'C:/Program Files/Unity/Hub/Editor/2020.2.0f1/Editor/Data/MonoBleedingEdge/lib/mono/unityjit'
Mono config path = 'C:/Program Files/Unity/Hub/Editor/2020.2.0f1/Editor/Data/MonoBleedingEdge/etc'
Using monoOptions --debugger-agent=transport=dt_socket,embedding=1,server=y,suspend=n,address=127.0.0.1:56900
Begin MonoManager ReloadAssembly
Registering precompiled unity dll's ...
Register platform support module: C:/Program Files/Unity/Hub/Editor/2020.2.0f1/Editor/Data/PlaybackEngines/WebGLSupport/UnityEditor.WebGL.Extensions.dll
Register platform support module: C:/Program Files/Unity/Hub/Editor/2020.2.0f1/Editor/Data/PlaybackEngines/WindowsStandaloneSupport/UnityEditor.WindowsStandalone.Extensions.dll
Registered in 0.002066 seconds.
Native extension for WindowsStandalone target not found
Native extension for WebGL target not found
Refreshing native plugins compatible for Editor in 58.22 ms, found 1 plugins.
Preloading 0 native plugins for Editor in 0.00 ms.
Invoked RoslynAnalysisRunner static constructor.
RoslynAnalysisRunner will not be running.
RoslynAnalysisRunner has terminated.
Mono: successfully reloaded assembly
- Completed reload, in  3.261 seconds
Platform modules already initialized, skipping
Registering precompiled user dll's ...
Registered in 0.000624 seconds.
Begin MonoManager ReloadAssembly
Native extension for WindowsStandalone target not found
Native extension for WebGL target not found
Refreshing native plugins compatible for Editor in 36.39 ms, found 1 plugins.
Preloading 0 native plugins for Editor in 0.00 ms.
Invoked RoslynAnalysisRunner static constructor.
RoslynAnalysisRunner will not be running.
RoslynAnalysisRunner has terminated.
Mono: successfully reloaded assembly
- Completed reload, in  0.799 seconds
Platform modules already initialized, skipping
========================================================================
Worker process is ready to serve import requests
Launched and connected shader compiler UnityShaderCompiler.exe after 0.05 seconds
Refreshing native plugins compatible for Editor in 0.70 ms, found 1 plugins.
Preloading 0 native plugins for Editor in 0.00 ms.
Unloading 1824 Unused Serialized files (Serialized files now loaded: 0)
System memory in use before: 86.6 MB.
System memory in use after: 86.6 MB.

Unloading 23 unused Assets to reduce memory usage. Loaded Objects now: 2267.
Total: 3.312900 ms (FindLiveObjects: 0.623100 ms CreateObjectMapping: 0.132600 ms MarkObjects: 2.431100 ms  DeleteObjects: 0.124500 ms)

========================================================================
Received Import Request.
  path: Assets/View/Common/Scripts/ScriptableObjects
  artifactKey: Guid(01aa5a474f411c34d89980ef0949518a) Importer(815301076,1909f56bfc062723c751e8b465ee728b)
Start importing Assets/View/Common/Scripts/ScriptableObjects using Guid(01aa5a474f411c34d89980ef0949518a) Importer(815301076,1909f56bfc062723c751e8b465ee728b)  -> (artifact id: '431492e77e7590d49201c7848e7f4c55') in 0.005242 seconds
  Import took 0.008258 seconds .

========================================================================
Received Import Request.
  Time since last request: 28.892433 seconds.
  path: Assets/View/Common/Scripts/ScriptableObjects/Characters
  artifactKey: Guid(4097cebf00f6c6e429e52a9cc274f726) Importer(815301076,1909f56bfc062723c751e8b465ee728b)
Start importing Assets/View/Common/Scripts/ScriptableObjects/Characters using Guid(4097cebf00f6c6e429e52a9cc274f726) Importer(815301076,1909f56bfc062723c751e8b465ee728b)  -> (artifact id: 'b5ebfdf6da31194d4c1cc5c1550a155a') in 0.003048 seconds
  Import took 0.009207 seconds .

========================================================================
Received Import Request.
  Time since last request: 10.007700 seconds.
  path: Assets/View/Common/Scripts/ScriptableObjects/AdvancedCharacters
  artifactKey: Guid(eac087bf41d85604ea0f9f2a8906d575) Importer(815301076,1909f56bfc062723c751e8b465ee728b)
Start importing Assets/View/Common/Scripts/ScriptableObjects/AdvancedCharacters using Guid(eac087bf41d85604ea0f9f2a8906d575) Importer(815301076,1909f56bfc062723c751e8b465ee728b)  -> (artifact id: 'c17937a7fdb0b9f54d3700def806b451') in 0.003348 seconds
  Import took 0.009558 seconds .

========================================================================
Received Import Request.
  Time since last request: 10.622795 seconds.
  path: Assets/View/Common/Scripts/ScriptableObjects/Roles
  artifactKey: Guid(2f148233c9cb8b1439befcf8123a6c9c) Importer(815301076,1909f56bfc062723c751e8b465ee728b)
Start importing Assets/View/Common/Scripts/ScriptableObjects/Roles using Guid(2f148233c9cb8b1439befcf8123a6c9c) Importer(815301076,1909f56bfc062723c751e8b465ee728b)  -> (artifact id: '67b150277e90753c56a3ebe3858628c4') in 0.002234 seconds
  Import took 0.007707 seconds .

========================================================================
Received Import Request.
  Time since last request: 324.511915 seconds.
  path: Assets/View/Common/Scripts/ScriptableObjects/ICharacter.cs
  artifactKey: Guid(f25cea42533e61946a2332d5bd24e79a) Importer(815301076,1909f56bfc062723c751e8b465ee728b)
Start importing Assets/View/Common/Scripts/ScriptableObjects/ICharacter.cs using Guid(f25cea42533e61946a2332d5bd24e79a) Importer(815301076,1909f56bfc062723c751e8b465ee728b)  -> (artifact id: 'eb1636af3dd61e99c5b8a2c7e00646a7') in 0.047018 seconds
  Import took 0.051897 seconds .

========================================================================
Received Prepare
Registering precompiled user dll's ...
Registered in 0.001252 seconds.
Begin MonoManager ReloadAssembly
Native extension for WindowsStandalone target not found
Native extension for WebGL target not found
Refreshing native plugins compatible for Editor in 0.64 ms, found 1 plugins.
Preloading 0 native plugins for Editor in 0.00 ms.
Invoked RoslynAnalysisRunner static constructor.
RoslynAnalysisRunner will not be running.
RoslynAnalysisRunner has terminated.
Mono: successfully reloaded assembly
- Completed reload, in  0.852 seconds
Platform modules already initialized, skipping
Refreshing native plugins compatible for Editor in 0.72 ms, found 1 plugins.
Preloading 0 native plugins for Editor in 0.00 ms.
Unloading 1805 Unused Serialized files (Serialized files now loaded: 0)
System memory in use before: 85.6 MB.
System memory in use after: 85.6 MB.

Unloading 12 unused Assets to reduce memory usage. Loaded Objects now: 2271.
Total: 3.453900 ms (FindLiveObjects: 0.514200 ms CreateObjectMapping: 0.100000 ms MarkObjects: 2.703500 ms  DeleteObjects: 0.135200 ms)

========================================================================
Received Prepare
Registering precompiled user dll's ...
Registered in 0.000891 seconds.
Begin MonoManager ReloadAssembly
Native extension for WindowsStandalone target not found
Native extension for WebGL target not found
Refreshing native plugins compatible for Editor in 0.52 ms, found 1 plugins.
Preloading 0 native plugins for Editor in 0.00 ms.
Invoked RoslynAnalysisRunner static constructor.
RoslynAnalysisRunner will not be running.
RoslynAnalysisRunner has terminated.
Mono: successfully reloaded assembly
- Completed reload, in  0.777 seconds
Platform modules already initialized, skipping
Refreshing native plugins compatible for Editor in 0.43 ms, found 1 plugins.
Preloading 0 native plugins for Editor in 0.00 ms.
Unloading 1805 Unused Serialized files (Serialized files now loaded: 0)
System memory in use before: 85.9 MB.
System memory in use after: 85.9 MB.

Unloading 12 unused Assets to reduce memory usage. Loaded Objects now: 2274.
Total: 2.743500 ms (FindLiveObjects: 0.262700 ms CreateObjectMapping: 0.041900 ms MarkObjects: 2.327800 ms  DeleteObjects: 0.109400 ms)

========================================================================
Received Import Request.
  Time since last request: 43.681762 seconds.
  path: Assets/View/Common/Scripts/ScriptableObjects/ICharacter.cs
  artifactKey: Guid(f25cea42533e61946a2332d5bd24e79a) Importer(815301076,1909f56bfc062723c751e8b465ee728b)
Start importing Assets/View/Common/Scripts/ScriptableObjects/ICharacter.cs using Guid(f25cea42533e61946a2332d5bd24e79a) Importer(815301076,1909f56bfc062723c751e8b465ee728b)  -> (artifact id: 'cfdd667ad2f66f54e4aa72dc8f6dee35') in 0.004816 seconds
  Import took 0.007619 seconds .

========================================================================
Received Import Request.
  Time since last request: 64.287842 seconds.
  path: Assets/View/Common/Scripts/ScriptableObjects/IAdvancedCharacter.cs
  artifactKey: Guid(0a0f463f8239c7c46962569cb99ec06d) Importer(815301076,1909f56bfc062723c751e8b465ee728b)
Start importing Assets/View/Common/Scripts/ScriptableObjects/IAdvancedCharacter.cs using Guid(0a0f463f8239c7c46962569cb99ec06d) Importer(815301076,1909f56bfc062723c751e8b465ee728b)  -> (artifact id: '3469f1a570e805d8e29a53ea0eb2787f') in 0.003358 seconds
  Import took 0.008258 seconds .

========================================================================
Received Prepare
Registering precompiled user dll's ...
Registered in 0.001245 seconds.
Begin MonoManager ReloadAssembly
Native extension for WindowsStandalone target not found
Native extension for WebGL target not found
Refreshing native plugins compatible for Editor in 0.67 ms, found 1 plugins.
Preloading 0 native plugins for Editor in 0.00 ms.
Invoked RoslynAnalysisRunner static constructor.
RoslynAnalysisRunner will not be running.
RoslynAnalysisRunner has terminated.
Mono: successfully reloaded assembly
- Completed reload, in  0.874 seconds
Platform modules already initialized, skipping
Refreshing native plugins compatible for Editor in 0.53 ms, found 1 plugins.
Preloading 0 native plugins for Editor in 0.00 ms.
Unloading 1806 Unused Serialized files (Serialized files now loaded: 0)
System memory in use before: 86.1 MB.
System memory in use after: 86.1 MB.

Unloading 12 unused Assets to reduce memory usage. Loaded Objects now: 2278.
Total: 2.870500 ms (FindLiveObjects: 0.353500 ms CreateObjectMapping: 0.092400 ms MarkObjects: 2.282100 ms  DeleteObjects: 0.140900 ms)

========================================================================
Received Prepare
Registering precompiled user dll's ...
Registered in 0.000860 seconds.
Begin MonoManager ReloadAssembly
Native extension for WindowsStandalone target not found
Native extension for WebGL target not found
Refreshing native plugins compatible for Editor in 0.75 ms, found 1 plugins.
Preloading 0 native plugins for Editor in 0.00 ms.
Invoked RoslynAnalysisRunner static constructor.
RoslynAnalysisRunner will not be running.
RoslynAnalysisRunner has terminated.
Mono: successfully reloaded assembly
- Completed reload, in  1.066 seconds
Platform modules already initialized, skipping
Refreshing native plugins compatible for Editor in 0.68 ms, found 1 plugins.
Preloading 0 native plugins for Editor in 0.00 ms.
Unloading 1806 Unused Serialized files (Serialized files now loaded: 0)
System memory in use before: 86.3 MB.
System memory in use after: 86.3 MB.

Unloading 12 unused Assets to reduce memory usage. Loaded Objects now: 2281.
Total: 2.812600 ms (FindLiveObjects: 0.510800 ms CreateObjectMapping: 0.121800 ms MarkObjects: 2.004000 ms  DeleteObjects: 0.173000 ms)

========================================================================
Received Import Request.
  Time since last request: 56.957890 seconds.
  path: Assets/View/Common/Scripts/ScriptableObjects/IAdvancedCharacter.cs
  artifactKey: Guid(0a0f463f8239c7c46962569cb99ec06d) Importer(815301076,1909f56bfc062723c751e8b465ee728b)
Start importing Assets/View/Common/Scripts/ScriptableObjects/IAdvancedCharacter.cs using Guid(0a0f463f8239c7c46962569cb99ec06d) Importer(815301076,1909f56bfc062723c751e8b465ee728b)  -> (artifact id: '87a915843b39c0daaf8c13aaf71fb0e2') in 0.004950 seconds
  Import took 0.008950 seconds .

========================================================================
Received Import Request.
  Time since last request: 60.657849 seconds.
  path: Assets/View/Common/Scripts/ScriptableObjects/Roles/Role.cs
  artifactKey: Guid(c71e2818f9af8f24dbdc56a82b19c247) Importer(815301076,1909f56bfc062723c751e8b465ee728b)
Start importing Assets/View/Common/Scripts/ScriptableObjects/Roles/Role.cs using Guid(c71e2818f9af8f24dbdc56a82b19c247) Importer(815301076,1909f56bfc062723c751e8b465ee728b)  -> (artifact id: 'bcf3ec1450ad4aca6ff570bb452aad71') in 0.003728 seconds
  Import took 0.008652 seconds .

========================================================================
Received Import Request.
  Time since last request: 0.000495 seconds.
  path: Assets/View/Common/Scripts/ScriptableObjects/Roles/Role.cs
  artifactKey: Guid(c71e2818f9af8f24dbdc56a82b19c247) Importer(815301076,1909f56bfc062723c751e8b465ee728b)
Start importing Assets/View/Common/Scripts/ScriptableObjects/Roles/Role.cs using Guid(c71e2818f9af8f24dbdc56a82b19c247) Importer(815301076,1909f56bfc062723c751e8b465ee728b)  -> (artifact id: 'bcf3ec1450ad4aca6ff570bb452aad71') in 0.001940 seconds
  Import took 0.008580 seconds .

========================================================================
Received Prepare
Registering precompiled user dll's ...
Registered in 0.000788 seconds.
Begin MonoManager ReloadAssembly
Native extension for WindowsStandalone target not found
Native extension for WebGL target not found
Refreshing native plugins compatible for Editor in 0.63 ms, found 1 plugins.
Preloading 0 native plugins for Editor in 0.00 ms.
Invoked RoslynAnalysisRunner static constructor.
RoslynAnalysisRunner will not be running.
RoslynAnalysisRunner has terminated.
Mono: successfully reloaded assembly
- Completed reload, in  0.879 seconds
Platform modules already initialized, skipping
Refreshing native plugins compatible for Editor in 0.59 ms, found 1 plugins.
Preloading 0 native plugins for Editor in 0.00 ms.
Unloading 1807 Unused Serialized files (Serialized files now loaded: 0)
System memory in use before: 86.6 MB.
System memory in use after: 86.6 MB.

Unloading 12 unused Assets to reduce memory usage. Loaded Objects now: 2285.
Total: 2.703100 ms (FindLiveObjects: 0.310000 ms CreateObjectMapping: 0.084300 ms MarkObjects: 2.172600 ms  DeleteObjects: 0.134900 ms)

========================================================================
Received Prepare
Registering precompiled user dll's ...
Registered in 0.001147 seconds.
Begin MonoManager ReloadAssembly
Native extension for WindowsStandalone target not found
Native extension for WebGL target not found
Refreshing native plugins compatible for Editor in 0.68 ms, found 1 plugins.
Preloading 0 native plugins for Editor in 0.00 ms.
Invoked RoslynAnalysisRunner static constructor.
RoslynAnalysisRunner will not be running.
RoslynAnalysisRunner has terminated.
Mono: successfully reloaded assembly
- Completed reload, in  1.111 seconds
Platform modules already initialized, skipping
Refreshing native plugins compatible for Editor in 0.54 ms, found 1 plugins.
Preloading 0 native plugins for Editor in 0.00 ms.
Unloading 1807 Unused Serialized files (Serialized files now loaded: 0)
System memory in use before: 86.8 MB.
System memory in use after: 86.8 MB.

Unloading 12 unused Assets to reduce memory usage. Loaded Objects now: 2288.
Total: 2.657200 ms (FindLiveObjects: 0.385800 ms CreateObjectMapping: 0.054400 ms MarkObjects: 2.046900 ms  DeleteObjects: 0.167900 ms)

========================================================================
Received Import Request.
  Time since last request: 102.485151 seconds.
  path: Assets/View/Common/Scripts/ScriptableObjects/Roles/Role.cs
  artifactKey: Guid(c71e2818f9af8f24dbdc56a82b19c247) Importer(815301076,1909f56bfc062723c751e8b465ee728b)
Start importing Assets/View/Common/Scripts/ScriptableObjects/Roles/Role.cs using Guid(c71e2818f9af8f24dbdc56a82b19c247) Importer(815301076,1909f56bfc062723c751e8b465ee728b)  -> (artifact id: '0631a8c0c6287c0d37a2000503b931d8') in 0.004492 seconds
  Import took 0.007701 seconds .

========================================================================
Received Import Request.
  Time since last request: 277.621442 seconds.
  path: Assets/View/Common/Scripts/Models/Player.cs
  artifactKey: Guid(b1a7c20fab46b644fb9499e3866da093) Importer(815301076,1909f56bfc062723c751e8b465ee728b)
Start importing Assets/View/Common/Scripts/Models/Player.cs using Guid(b1a7c20fab46b644fb9499e3866da093) Importer(815301076,1909f56bfc062723c751e8b465ee728b)  -> (artifact id: '7ec8137c29135a91e203b39eb63e5951') in 0.002515 seconds
  Import took 0.008481 seconds .

========================================================================
Received Import Request.
  Time since last request: 14.525136 seconds.
  path: Assets/View/Common/Scripts/ScriptableObjects/Characters/Character.cs
  artifactKey: Guid(6585b8550e82f07458a2c0c681672231) Importer(815301076,1909f56bfc062723c751e8b465ee728b)
Start importing Assets/View/Common/Scripts/ScriptableObjects/Characters/Character.cs using Guid(6585b8550e82f07458a2c0c681672231) Importer(815301076,1909f56bfc062723c751e8b465ee728b)  -> (artifact id: '287aee3c051b164136459008e6370a69') in 0.003614 seconds
  Import took 0.008196 seconds .

========================================================================
Received Import Request.
  Time since last request: 42.110091 seconds.
  path: Assets/View/Common/Scripts/ScriptableObjects/Characters/Character.cs
  artifactKey: Guid(6585b8550e82f07458a2c0c681672231) Importer(815301076,1909f56bfc062723c751e8b465ee728b)
Start importing Assets/View/Common/Scripts/ScriptableObjects/Characters/Character.cs using Guid(6585b8550e82f07458a2c0c681672231) Importer(815301076,1909f56bfc062723c751e8b465ee728b)  -> (artifact id: '55a8c10d484a3b6e6dad144bd6e62062') in 0.001966 seconds
  Import took 0.007105 seconds .

========================================================================
Received Import Request.
  Time since last request: 7.787334 seconds.
  path: Assets/View/Common/Scripts/ScriptableObjects/AdvancedCharacters/AdvancedCharacter.cs
  artifactKey: Guid(7629181dd8b707346ae404b0206a0357) Importer(815301076,1909f56bfc062723c751e8b465ee728b)
Start importing Assets/View/Common/Scripts/ScriptableObjects/AdvancedCharacters/AdvancedCharacter.cs using Guid(7629181dd8b707346ae404b0206a0357) Importer(815301076,1909f56bfc062723c751e8b465ee728b)  -> (artifact id: '566b9bbcc257ebc1559c48b9bcc5fc9a') in 0.002342 seconds
  Import took 0.010409 seconds .

========================================================================
Received Prepare
Registering precompiled user dll's ...
Registered in 0.001318 seconds.
Begin MonoManager ReloadAssembly
Native extension for WindowsStandalone target not found
Native extension for WebGL target not found
Refreshing native plugins compatible for Editor in 1.05 ms, found 1 plugins.
Preloading 0 native plugins for Editor in 0.00 ms.
Invoked RoslynAnalysisRunner static constructor.
RoslynAnalysisRunner will not be running.
RoslynAnalysisRunner has terminated.
Mono: successfully reloaded assembly
- Completed reload, in  0.852 seconds
Platform modules already initialized, skipping
Refreshing native plugins compatible for Editor in 0.74 ms, found 1 plugins.
Preloading 0 native plugins for Editor in 0.00 ms.
Unloading 1809 Unused Serialized files (Serialized files now loaded: 0)
System memory in use before: 87.0 MB.
System memory in use after: 87.0 MB.

Unloading 12 unused Assets to reduce memory usage. Loaded Objects now: 2293.
Total: 2.863300 ms (FindLiveObjects: 0.422200 ms CreateObjectMapping: 0.051100 ms MarkObjects: 2.205400 ms  DeleteObjects: 0.182800 ms)

========================================================================
Received Prepare
Registering precompiled user dll's ...
Registered in 0.001148 seconds.
Begin MonoManager ReloadAssembly
Native extension for WindowsStandalone target not found
Native extension for WebGL target not found
Refreshing native plugins compatible for Editor in 0.90 ms, found 1 plugins.
Preloading 0 native plugins for Editor in 0.00 ms.
Invoked RoslynAnalysisRunner static constructor.
RoslynAnalysisRunner will not be running.
RoslynAnalysisRunner has terminated.
Mono: successfully reloaded assembly
- Completed reload, in  1.017 seconds
Platform modules already initialized, skipping
Refreshing native plugins compatible for Editor in 0.53 ms, found 1 plugins.
Preloading 0 native plugins for Editor in 0.00 ms.
Unloading 1809 Unused Serialized files (Serialized files now loaded: 0)
System memory in use before: 87.3 MB.
System memory in use after: 87.3 MB.

Unloading 12 unused Assets to reduce memory usage. Loaded Objects now: 2296.
Total: 2.246300 ms (FindLiveObjects: 0.375000 ms CreateObjectMapping: 0.045600 ms MarkObjects: 1.684700 ms  DeleteObjects: 0.139600 ms)

========================================================================
Received Import Request.
  Time since last request: 141.707052 seconds.
  path: Assets/View/Common/Scripts/ScriptableObjects/AdvancedCharacters/AdvancedCharacter.cs
  artifactKey: Guid(7629181dd8b707346ae404b0206a0357) Importer(815301076,1909f56bfc062723c751e8b465ee728b)
Start importing Assets/View/Common/Scripts/ScriptableObjects/AdvancedCharacters/AdvancedCharacter.cs using Guid(7629181dd8b707346ae404b0206a0357) Importer(815301076,1909f56bfc062723c751e8b465ee728b)  -> (artifact id: '83477ee159834effbd5b62a2d04ba438') in 0.004787 seconds
  Import took 0.008885 seconds .

========================================================================
Received Import Request.
  Time since last request: 889.491070 seconds.
  path: Assets/View/Common/Scripts/ScriptableObjects/Characters/New Character.asset
  artifactKey: Guid(b97a8a021181958419940f1b717d26a2) Importer(815301076,1909f56bfc062723c751e8b465ee728b)
Start importing Assets/View/Common/Scripts/ScriptableObjects/Characters/New Character.asset using Guid(b97a8a021181958419940f1b717d26a2) Importer(815301076,1909f56bfc062723c751e8b465ee728b)  -> (artifact id: '257caf7d4a9c73f3d67909481ba46611') in 0.027391 seconds
  Import took 0.032985 seconds .

========================================================================
Received Import Request.
  Time since last request: 40.660541 seconds.
  path: Assets/View/Common/Scripts/ScriptableObjects/Characters/Farmer.asset
  artifactKey: Guid(b97a8a021181958419940f1b717d26a2) Importer(815301076,1909f56bfc062723c751e8b465ee728b)
Start importing Assets/View/Common/Scripts/ScriptableObjects/Characters/Farmer.asset using Guid(b97a8a021181958419940f1b717d26a2) Importer(815301076,1909f56bfc062723c751e8b465ee728b)  -> (artifact id: '0a554ff3df32bd0e31d861a28bb791a0') in 0.002623 seconds
  Import took 0.007377 seconds .

========================================================================
Received Import Request.
  Time since last request: 0.019404 seconds.
  path: Assets/View/Common/Scripts/ScriptableObjects/Characters/Farmer.asset
  artifactKey: Guid(b97a8a021181958419940f1b717d26a2) Importer(815301076,1909f56bfc062723c751e8b465ee728b)
Start importing Assets/View/Common/Scripts/ScriptableObjects/Characters/Farmer.asset using Guid(b97a8a021181958419940f1b717d26a2) Importer(815301076,1909f56bfc062723c751e8b465ee728b)  -> (artifact id: '0a554ff3df32bd0e31d861a28bb791a0') in 0.002505 seconds
  Import took 0.007042 seconds .

========================================================================
Received Import Request.
  Time since last request: 41.217308 seconds.
  path: Assets/View/Common/Scripts/ScriptableObjects/Characters/New Character.asset
  artifactKey: Guid(2bfb7db8e3c2e3b4eaedca07fff972c9) Importer(815301076,1909f56bfc062723c751e8b465ee728b)
Start importing Assets/View/Common/Scripts/ScriptableObjects/Characters/New Character.asset using Guid(2bfb7db8e3c2e3b4eaedca07fff972c9) Importer(815301076,1909f56bfc062723c751e8b465ee728b)  -> (artifact id: '226311a89c1e50db35bf8e96e5c3eac6') in 0.003140 seconds
  Import took 0.009652 seconds .

========================================================================
Received Import Request.
  Time since last request: 0.002496 seconds.
  path: Assets/View/Common/Scripts/ScriptableObjects/Characters/New Character.asset
  artifactKey: Guid(2bfb7db8e3c2e3b4eaedca07fff972c9) Importer(815301076,1909f56bfc062723c751e8b465ee728b)
Start importing Assets/View/Common/Scripts/ScriptableObjects/Characters/New Character.asset using Guid(2bfb7db8e3c2e3b4eaedca07fff972c9) Importer(815301076,1909f56bfc062723c751e8b465ee728b)  -> (artifact id: '226311a89c1e50db35bf8e96e5c3eac6') in 0.004203 seconds
  Import took 0.010112 seconds .

========================================================================
Received Import Request.
  Time since last request: 14.437257 seconds.
  path: Assets/View/Common/Scripts/ScriptableObjects/Characters/Merchant.asset
  artifactKey: Guid(2bfb7db8e3c2e3b4eaedca07fff972c9) Importer(815301076,1909f56bfc062723c751e8b465ee728b)
Start importing Assets/View/Common/Scripts/ScriptableObjects/Characters/Merchant.asset using Guid(2bfb7db8e3c2e3b4eaedca07fff972c9) Importer(815301076,1909f56bfc062723c751e8b465ee728b)  -> (artifact id: 'cb2e45f0d2a1297c7028d1be651313b6') in 0.002161 seconds
  Import took 0.007116 seconds .

========================================================================
Received Import Request.
  Time since last request: 0.024935 seconds.
  path: Assets/View/Common/Scripts/ScriptableObjects/Characters/Merchant.asset
  artifactKey: Guid(2bfb7db8e3c2e3b4eaedca07fff972c9) Importer(815301076,1909f56bfc062723c751e8b465ee728b)
Start importing Assets/View/Common/Scripts/ScriptableObjects/Characters/Merchant.asset using Guid(2bfb7db8e3c2e3b4eaedca07fff972c9) Importer(815301076,1909f56bfc062723c751e8b465ee728b)  -> (artifact id: 'cb2e45f0d2a1297c7028d1be651313b6') in 0.002854 seconds
  Import took 0.008073 seconds .

========================================================================
Received Import Request.
  Time since last request: 5.530209 seconds.
  path: Assets/View/Common/Scripts/ScriptableObjects/Characters/New Character.asset
  artifactKey: Guid(1f0d5541c08890946a3d53891e073efb) Importer(815301076,1909f56bfc062723c751e8b465ee728b)
Start importing Assets/View/Common/Scripts/ScriptableObjects/Characters/New Character.asset using Guid(1f0d5541c08890946a3d53891e073efb) Importer(815301076,1909f56bfc062723c751e8b465ee728b)  -> (artifact id: '36939082285b3a4fd5ada1d9b97f250b') in 0.003346 seconds
  Import took 0.011121 seconds .

========================================================================
Received Import Request.
  Time since last request: 0.006548 seconds.
  path: Assets/View/Common/Scripts/ScriptableObjects/Characters/New Character.asset
  artifactKey: Guid(1f0d5541c08890946a3d53891e073efb) Importer(815301076,1909f56bfc062723c751e8b465ee728b)
Start importing Assets/View/Common/Scripts/ScriptableObjects/Characters/New Character.asset using Guid(1f0d5541c08890946a3d53891e073efb) Importer(815301076,1909f56bfc062723c751e8b465ee728b)  -> (artifact id: '36939082285b3a4fd5ada1d9b97f250b') in 0.004747 seconds
  Import took 0.014783 seconds .

========================================================================
Received Import Request.
  Time since last request: 8.564120 seconds.
  path: Assets/View/Common/Scripts/ScriptableObjects/Characters/Villager.asset
  artifactKey: Guid(1f0d5541c08890946a3d53891e073efb) Importer(815301076,1909f56bfc062723c751e8b465ee728b)
Start importing Assets/View/Common/Scripts/ScriptableObjects/Characters/Villager.asset using Guid(1f0d5541c08890946a3d53891e073efb) Importer(815301076,1909f56bfc062723c751e8b465ee728b)  -> (artifact id: 'c71492f7378e2b96478f25ba0950498e') in 0.002531 seconds
  Import took 0.007014 seconds .

========================================================================
Received Import Request.
  Time since last request: 518.129114 seconds.
  path: Assets/View/Common/Scripts/ScriptableObjects/AdvancedCharacters/Archer.asset
  artifactKey: Guid(4634072ac5e6c9346a632d610da70592) Importer(815301076,1909f56bfc062723c751e8b465ee728b)
Start importing Assets/View/Common/Scripts/ScriptableObjects/AdvancedCharacters/Archer.asset using Guid(4634072ac5e6c9346a632d610da70592) Importer(815301076,1909f56bfc062723c751e8b465ee728b)  -> (artifact id: 'c05d00d057e5a50a71172c9942fef2c6') in 0.003592 seconds
  Import took 0.010922 seconds .

========================================================================
Received Import Request.
  Time since last request: 0.002059 seconds.
  path: Assets/View/Common/Scripts/ScriptableObjects/AdvancedCharacters/Archer.asset
  artifactKey: Guid(4634072ac5e6c9346a632d610da70592) Importer(815301076,1909f56bfc062723c751e8b465ee728b)
Start importing Assets/View/Common/Scripts/ScriptableObjects/AdvancedCharacters/Archer.asset using Guid(4634072ac5e6c9346a632d610da70592) Importer(815301076,1909f56bfc062723c751e8b465ee728b)  -> (artifact id: 'c05d00d057e5a50a71172c9942fef2c6') in 0.003504 seconds
  Import took 0.008232 seconds .

========================================================================
Received Import Request.
  Time since last request: 12.898167 seconds.
  path: Assets/View/Common/Scripts/ScriptableObjects/AdvancedCharacters/Barbarian.asset
  artifactKey: Guid(a394687ee5409bf4a833abfb9a56f962) Importer(815301076,1909f56bfc062723c751e8b465ee728b)
Start importing Assets/View/Common/Scripts/ScriptableObjects/AdvancedCharacters/Barbarian.asset using Guid(a394687ee5409bf4a833abfb9a56f962) Importer(815301076,1909f56bfc062723c751e8b465ee728b)  -> (artifact id: 'c9465e2056e480d65f2bb6703a84cba6') in 0.003512 seconds
  Import took 0.009347 seconds .

========================================================================
Received Import Request.
  Time since last request: 0.017490 seconds.
  path: Assets/View/Common/Scripts/ScriptableObjects/AdvancedCharacters/Barbarian.asset
  artifactKey: Guid(a394687ee5409bf4a833abfb9a56f962) Importer(815301076,1909f56bfc062723c751e8b465ee728b)
Start importing Assets/View/Common/Scripts/ScriptableObjects/AdvancedCharacters/Barbarian.asset using Guid(a394687ee5409bf4a833abfb9a56f962) Importer(815301076,1909f56bfc062723c751e8b465ee728b)  -> (artifact id: 'c9465e2056e480d65f2bb6703a84cba6') in 0.003102 seconds
  Import took 0.008279 seconds .

========================================================================
Received Import Request.
  Time since last request: 16.946749 seconds.
  path: Assets/View/Common/Scripts/ScriptableObjects/AdvancedCharacters/Knight.asset
  artifactKey: Guid(68ce9856ab31234499d085ca252eb2ed) Importer(815301076,1909f56bfc062723c751e8b465ee728b)
Start importing Assets/View/Common/Scripts/ScriptableObjects/AdvancedCharacters/Knight.asset using Guid(68ce9856ab31234499d085ca252eb2ed) Importer(815301076,1909f56bfc062723c751e8b465ee728b)  -> (artifact id: 'c7579da9570b5b0a6690fc107a246800') in 0.002835 seconds
  Import took 0.007521 seconds .

========================================================================
Received Import Request.
  Time since last request: 0.021211 seconds.
  path: Assets/View/Common/Scripts/ScriptableObjects/AdvancedCharacters/Knight.asset
  artifactKey: Guid(68ce9856ab31234499d085ca252eb2ed) Importer(815301076,1909f56bfc062723c751e8b465ee728b)
Start importing Assets/View/Common/Scripts/ScriptableObjects/AdvancedCharacters/Knight.asset using Guid(68ce9856ab31234499d085ca252eb2ed) Importer(815301076,1909f56bfc062723c751e8b465ee728b)  -> (artifact id: 'c7579da9570b5b0a6690fc107a246800') in 0.003092 seconds
  Import took 0.009692 seconds .

========================================================================
Received Import Request.
  Time since last request: 17.301940 seconds.
  path: Assets/View/Common/Scripts/ScriptableObjects/AdvancedCharacters/Mage.asset
  artifactKey: Guid(1e478f7fee2133845952e60a38ae70ad) Importer(815301076,1909f56bfc062723c751e8b465ee728b)
Start importing Assets/View/Common/Scripts/ScriptableObjects/AdvancedCharacters/Mage.asset using Guid(1e478f7fee2133845952e60a38ae70ad) Importer(815301076,1909f56bfc062723c751e8b465ee728b)  -> (artifact id: '6ebb9a578aa9611d01e289b7e9494beb') in 0.002407 seconds
  Import took 0.007284 seconds .

========================================================================
Received Import Request.
  Time since last request: 0.014612 seconds.
  path: Assets/View/Common/Scripts/ScriptableObjects/AdvancedCharacters/Mage.asset
  artifactKey: Guid(1e478f7fee2133845952e60a38ae70ad) Importer(815301076,1909f56bfc062723c751e8b465ee728b)
Start importing Assets/View/Common/Scripts/ScriptableObjects/AdvancedCharacters/Mage.asset using Guid(1e478f7fee2133845952e60a38ae70ad) Importer(815301076,1909f56bfc062723c751e8b465ee728b)  -> (artifact id: '6ebb9a578aa9611d01e289b7e9494beb') in 0.002964 seconds
  Import took 0.009324 seconds .

========================================================================
Received Import Request.
  Time since last request: 13.177346 seconds.
  path: Assets/View/Common/Scripts/ScriptableObjects/AdvancedCharacters/Sorcerer.asset
  artifactKey: Guid(21e7aee495b3e1b4ca6a8a1f4e61db2f) Importer(815301076,1909f56bfc062723c751e8b465ee728b)
Start importing Assets/View/Common/Scripts/ScriptableObjects/AdvancedCharacters/Sorcerer.asset using Guid(21e7aee495b3e1b4ca6a8a1f4e61db2f) Importer(815301076,1909f56bfc062723c751e8b465ee728b)  -> (artifact id: '3168dea71a0edda5406cf4517b5332e8') in 0.002550 seconds
  Import took 0.007395 seconds .

========================================================================
Received Import Request.
  Time since last request: 0.016825 seconds.
  path: Assets/View/Common/Scripts/ScriptableObjects/AdvancedCharacters/Sorcerer.asset
  artifactKey: Guid(21e7aee495b3e1b4ca6a8a1f4e61db2f) Importer(815301076,1909f56bfc062723c751e8b465ee728b)
Start importing Assets/View/Common/Scripts/ScriptableObjects/AdvancedCharacters/Sorcerer.asset using Guid(21e7aee495b3e1b4ca6a8a1f4e61db2f) Importer(815301076,1909f56bfc062723c751e8b465ee728b)  -> (artifact id: '3168dea71a0edda5406cf4517b5332e8') in 0.009656 seconds
  Import took 0.015303 seconds .

========================================================================
Received Import Request.
  Time since last request: 13.386182 seconds.
  path: Assets/View/Common/Scripts/ScriptableObjects/AdvancedCharacters/Thief.asset
  artifactKey: Guid(953af1a909cc0c943a36090237b2f540) Importer(815301076,1909f56bfc062723c751e8b465ee728b)
Start importing Assets/View/Common/Scripts/ScriptableObjects/AdvancedCharacters/Thief.asset using Guid(953af1a909cc0c943a36090237b2f540) Importer(815301076,1909f56bfc062723c751e8b465ee728b)  -> (artifact id: '6a7bdf2cce5b6ee64af56cd22d3cb4c2') in 0.002845 seconds
  Import took 0.008315 seconds .

========================================================================
Received Import Request.
  Time since last request: 0.018076 seconds.
  path: Assets/View/Common/Scripts/ScriptableObjects/AdvancedCharacters/Thief.asset
  artifactKey: Guid(953af1a909cc0c943a36090237b2f540) Importer(815301076,1909f56bfc062723c751e8b465ee728b)
Start importing Assets/View/Common/Scripts/ScriptableObjects/AdvancedCharacters/Thief.asset using Guid(953af1a909cc0c943a36090237b2f540) Importer(815301076,1909f56bfc062723c751e8b465ee728b)  -> (artifact id: '6a7bdf2cce5b6ee64af56cd22d3cb4c2') in 0.002660 seconds
  Import took 0.007639 seconds .

========================================================================
Received Import Request.
  Time since last request: 439.698613 seconds.
  path: Assets/View/Common/Scripts/ScriptableObjects/Characters/Farmer.asset
  artifactKey: Guid(b97a8a021181958419940f1b717d26a2) Importer(815301076,1909f56bfc062723c751e8b465ee728b)
Start importing Assets/View/Common/Scripts/ScriptableObjects/Characters/Farmer.asset using Guid(b97a8a021181958419940f1b717d26a2) Importer(815301076,1909f56bfc062723c751e8b465ee728b)  -> (artifact id: 'cdda571f8122d81f16e6f952820e2070') in 0.002372 seconds
  Import took 0.006679 seconds .

========================================================================
Received Import Request.
  Time since last request: 0.000307 seconds.
  path: Assets/View/Common/Scripts/ScriptableObjects/Characters/Villager.asset
  artifactKey: Guid(1f0d5541c08890946a3d53891e073efb) Importer(815301076,1909f56bfc062723c751e8b465ee728b)
Start importing Assets/View/Common/Scripts/ScriptableObjects/Characters/Villager.asset using Guid(1f0d5541c08890946a3d53891e073efb) Importer(815301076,1909f56bfc062723c751e8b465ee728b)  -> (artifact id: 'f68d9fadbb01b75159c81d4e9f424bca') in 0.001950 seconds
  Import took 0.005272 seconds .

========================================================================
Received Import Request.
  Time since last request: 0.000230 seconds.
  path: Assets/View/Common/Scripts/ScriptableObjects/Characters/Merchant.asset
  artifactKey: Guid(2bfb7db8e3c2e3b4eaedca07fff972c9) Importer(815301076,1909f56bfc062723c751e8b465ee728b)
Start importing Assets/View/Common/Scripts/ScriptableObjects/Characters/Merchant.asset using Guid(2bfb7db8e3c2e3b4eaedca07fff972c9) Importer(815301076,1909f56bfc062723c751e8b465ee728b)  -> (artifact id: 'facec5f8934a239496b4d39c875ab843') in 0.002141 seconds
  Import took 0.005374 seconds .

========================================================================
Received Import Request.
  Time since last request: 0.000297 seconds.
  path: Assets/View/Common/Scripts/ScriptableObjects/Characters/Villager.asset
  artifactKey: Guid(1f0d5541c08890946a3d53891e073efb) Importer(815301076,1909f56bfc062723c751e8b465ee728b)
Start importing Assets/View/Common/Scripts/ScriptableObjects/Characters/Villager.asset using Guid(1f0d5541c08890946a3d53891e073efb) Importer(815301076,1909f56bfc062723c751e8b465ee728b)  -> (artifact id: 'f68d9fadbb01b75159c81d4e9f424bca') in 0.002657 seconds
  Import took 0.006815 seconds .

========================================================================
Received Prepare
Registering precompiled user dll's ...
Registered in 0.002259 seconds.
Begin MonoManager ReloadAssembly
Native extension for WindowsStandalone target not found
Native extension for WebGL target not found
Refreshing native plugins compatible for Editor in 0.61 ms, found 1 plugins.
Preloading 0 native plugins for Editor in 0.00 ms.
Invoked RoslynAnalysisRunner static constructor.
RoslynAnalysisRunner will not be running.
RoslynAnalysisRunner has terminated.
Mono: successfully reloaded assembly
- Completed reload, in  1.052 seconds
Platform modules already initialized, skipping
Refreshing native plugins compatible for Editor in 0.69 ms, found 1 plugins.
Preloading 0 native plugins for Editor in 0.00 ms.
Unloading 1809 Unused Serialized files (Serialized files now loaded: 0)
System memory in use before: 87.4 MB.
System memory in use after: 87.4 MB.

Unloading 12 unused Assets to reduce memory usage. Loaded Objects now: 2299.
Total: 2.532600 ms (FindLiveObjects: 0.459100 ms CreateObjectMapping: 0.118900 ms MarkObjects: 1.826200 ms  DeleteObjects: 0.126300 ms)

========================================================================
Received Import Request.
  Time since last request: 560.832374 seconds.
  path: Assets/View/Common/Scripts/Models/Player.cs
  artifactKey: Guid(b1a7c20fab46b644fb9499e3866da093) Importer(815301076,1909f56bfc062723c751e8b465ee728b)
Start importing Assets/View/Common/Scripts/Models/Player.cs using Guid(b1a7c20fab46b644fb9499e3866da093) Importer(815301076,1909f56bfc062723c751e8b465ee728b)  -> (artifact id: 'ad3c6aff7a37d56996c0d10ac3f7f07d') in 0.006642 seconds
  Import took 0.010859 seconds .

========================================================================
Received Import Request.
  Time since last request: 0.004223 seconds.
  path: Assets/View/Common/Scripts/Models/Player.cs
  artifactKey: Guid(b1a7c20fab46b644fb9499e3866da093) Importer(815301076,1909f56bfc062723c751e8b465ee728b)
Start importing Assets/View/Common/Scripts/Models/Player.cs using Guid(b1a7c20fab46b644fb9499e3866da093) Importer(815301076,1909f56bfc062723c751e8b465ee728b)  -> (artifact id: 'ad3c6aff7a37d56996c0d10ac3f7f07d') in 0.001371 seconds
  Import took 0.004905 seconds .

========================================================================
Received Import Request.
  Time since last request: 137.949897 seconds.
  path: Assets/View/Common/Scripts/ScriptableObjects/AdvancedCharacters/Archer.asset
  artifactKey: Guid(4634072ac5e6c9346a632d610da70592) Importer(815301076,1909f56bfc062723c751e8b465ee728b)
Start importing Assets/View/Common/Scripts/ScriptableObjects/AdvancedCharacters/Archer.asset using Guid(4634072ac5e6c9346a632d610da70592) Importer(815301076,1909f56bfc062723c751e8b465ee728b)  -> (artifact id: '17940d9e0258afe4d657b8d17247c049') in 0.013812 seconds
  Import took 0.018317 seconds .

========================================================================
Received Import Request.
  Time since last request: 0.000385 seconds.
  path: Assets/View/Common/Scripts/ScriptableObjects/AdvancedCharacters/Knight.asset
  artifactKey: Guid(68ce9856ab31234499d085ca252eb2ed) Importer(815301076,1909f56bfc062723c751e8b465ee728b)
Start importing Assets/View/Common/Scripts/ScriptableObjects/AdvancedCharacters/Knight.asset using Guid(68ce9856ab31234499d085ca252eb2ed) Importer(815301076,1909f56bfc062723c751e8b465ee728b)  -> (artifact id: 'f02252162dcd9005c5c8c57bfb479529') in 0.002512 seconds
  Import took 0.006216 seconds .

========================================================================
Received Import Request.
  Time since last request: 0.000359 seconds.
  path: Assets/View/Common/Scripts/ScriptableObjects/AdvancedCharacters/Mage.asset
  artifactKey: Guid(1e478f7fee2133845952e60a38ae70ad) Importer(815301076,1909f56bfc062723c751e8b465ee728b)
Start importing Assets/View/Common/Scripts/ScriptableObjects/AdvancedCharacters/Mage.asset using Guid(1e478f7fee2133845952e60a38ae70ad) Importer(815301076,1909f56bfc062723c751e8b465ee728b)  -> (artifact id: '311712429bc3817c006f9eccb9b1c5ca') in 0.002434 seconds
  Import took 0.006409 seconds .

========================================================================
Received Import Request.
  Time since last request: 0.000374 seconds.
  path: Assets/View/Common/Scripts/ScriptableObjects/AdvancedCharacters/Barbarian.asset
  artifactKey: Guid(a394687ee5409bf4a833abfb9a56f962) Importer(815301076,1909f56bfc062723c751e8b465ee728b)
Start importing Assets/View/Common/Scripts/ScriptableObjects/AdvancedCharacters/Barbarian.asset using Guid(a394687ee5409bf4a833abfb9a56f962) Importer(815301076,1909f56bfc062723c751e8b465ee728b)  -> (artifact id: '0eca030d74bf187cb85cf2e93aa0a1c9') in 0.002362 seconds
  Import took 0.006094 seconds .

========================================================================
Received Import Request.
  Time since last request: 0.000292 seconds.
  path: Assets/View/Common/Scripts/ScriptableObjects/AdvancedCharacters/Thief.asset
  artifactKey: Guid(953af1a909cc0c943a36090237b2f540) Importer(815301076,1909f56bfc062723c751e8b465ee728b)
Start importing Assets/View/Common/Scripts/ScriptableObjects/AdvancedCharacters/Thief.asset using Guid(953af1a909cc0c943a36090237b2f540) Importer(815301076,1909f56bfc062723c751e8b465ee728b)  -> (artifact id: '508fcca729a2c087007b3f90687e493a') in 0.002463 seconds
  Import took 0.006538 seconds .

========================================================================
Received Import Request.
  Time since last request: 0.000325 seconds.
  path: Assets/View/Common/Scripts/ScriptableObjects/AdvancedCharacters/Sorcerer.asset
  artifactKey: Guid(21e7aee495b3e1b4ca6a8a1f4e61db2f) Importer(815301076,1909f56bfc062723c751e8b465ee728b)
Start importing Assets/View/Common/Scripts/ScriptableObjects/AdvancedCharacters/Sorcerer.asset using Guid(21e7aee495b3e1b4ca6a8a1f4e61db2f) Importer(815301076,1909f56bfc062723c751e8b465ee728b)  -> (artifact id: 'dbb7aa5dda61901e697be66b62f00d10') in 0.002149 seconds
  Import took 0.005792 seconds .

========================================================================
Received Prepare
Registering precompiled user dll's ...
Registered in 0.001169 seconds.
Begin MonoManager ReloadAssembly
Native extension for WindowsStandalone target not found
Native extension for WebGL target not found
Refreshing native plugins compatible for Editor in 0.88 ms, found 1 plugins.
Preloading 0 native plugins for Editor in 0.00 ms.
Invoked RoslynAnalysisRunner static constructor.
RoslynAnalysisRunner will not be running.
RoslynAnalysisRunner has terminated.
Mono: successfully reloaded assembly
- Completed reload, in  0.902 seconds
Platform modules already initialized, skipping
Refreshing native plugins compatible for Editor in 0.39 ms, found 1 plugins.
Preloading 0 native plugins for Editor in 0.00 ms.
Unloading 1809 Unused Serialized files (Serialized files now loaded: 0)
System memory in use before: 86.7 MB.
System memory in use after: 86.7 MB.

Unloading 12 unused Assets to reduce memory usage. Loaded Objects now: 2302.
Total: 2.522800 ms (FindLiveObjects: 0.342000 ms CreateObjectMapping: 0.086400 ms MarkObjects: 1.959000 ms  DeleteObjects: 0.133300 ms)

AssetImportWorkerClient::OnTransportError - code=2 error=End of file
